Alternative 1 Catch
     GOA_ATF 
Equil_Fabc 79.182 
Year 
2021 9.9884 
2022 11.6347 
2023 9.68543 
2024 17.561 
2025 15.504 
2026 118.955 
2027 105.24 
2028 95.3556 
2029 89.1116 
2030 85.5906 
2031 83.3194 
2032 81.5467 
2033 80.2849 
2034 79.4216 

Alternative 1 ABCs
     GOA_ATF 

Year 
2021  NA 
2022  NA 
2023  NA 
2024  NA 
2025  NA 
2026 118.955 
2027 105.24 
2028 95.3556 
2029 89.1116 
2030 85.5906 
2031 83.3194 
2032 81.5467 
2033 80.2849 
2034 79.4216 

Alternative 1 TACs
     GOA_ATF 

Year 
2021  NA 
2022  NA 
2023  NA 
2024  NA 
2025  NA 
2026 118.955 
2027 105.24 
2028 95.3556 
2029 89.1116 
2030 85.5906 
2031 83.3194 
2032 81.5467 
2033 80.2849 
2034 79.4216 

Alternative 1 Sp_Biomass
     GOA_ATF 
Equil_Fabc 407.478 
Year 
2021 717.93 
2022 704.306 
2023 696.82 
2024 698.296 
2025 694.802 
2026 681.27 
2027 591.035 
2028 526.625 
2029 487.057 
2030 462.926 
2031 447.08 
2032 436.08 
2033 428.44 
2034 423.264 

Alternative 1 Fishing Mortality
     GOA_ATF 
Equil_Fabc 0.185494 
Year 
2021 0.0142925 
2022 0.0168497 
2023 0.0141191 
2024 0.0256712 
2025 0.0226942 
2026 0.185494 
2027 0.185494 
2028 0.185494 
2029 0.185494 
2030 0.185426 
2031 0.184673 
2032 0.183517 
2033 0.182583 
2034 0.181936 

Alternative 1 Biomass
     GOA_ATF 

Year 
2021 1267.24 
2022 1268.36 
2023 1276.46 
2024 1294.75 
2025 1311.23 
2026 1333.75 
2027 1254.19 
2028 1199.83 
2029 1163.49 
2030 1139.7 
2031 1123.47 
2032 1112.39 
2033 1103.52 
2034 1097.57 

Alternative 1 Implied SPR rate 
     GOA_ATF 
Equil_Fabc 0.4 
Year 
2021 0.90864 
2022 0.893744 
2023 0.909665 
2024 0.845342 
2025 0.861179 
2026 0.4 
2027 0.4 
2028 0.4 
2029 0.4 
2030 0.400099 
2031 0.40121 
2032 0.402945 
2033 0.404361 
2034 0.405339 

  GOA_ATF 
EquilAvgAgeF0  5.43393 
EquilAvgAgeFabc  4.16805 
AvgAgeYr2034 4.21833 
Alternative 2 Catch
     GOA_ATF 
Equil_Fabc 79.182 
Year 
2021 9.9884 
2022 11.6347 
2023 9.68543 
2024 17.561 
2025 15.504 
2026 118.955 
2027 105.24 
2028 95.3556 
2029 89.1116 
2030 85.5906 
2031 83.3194 
2032 81.5467 
2033 80.2849 
2034 79.4216 

Alternative 2 ABCs
     GOA_ATF 

Year 
2021  NA 
2022  NA 
2023  NA 
2024  NA 
2025  NA 
2026 118.955 
2027 105.24 
2028 95.3556 
2029 89.1116 
2030 85.5906 
2031 83.3194 
2032 81.5467 
2033 80.2849 
2034 79.4216 

Alternative 2 TACs
     GOA_ATF 

Year 
2021  NA 
2022  NA 
2023  NA 
2024  NA 
2025  NA 
2026 118.955 
2027 105.24 
2028 95.3556 
2029 89.1116 
2030 85.5906 
2031 83.3194 
2032 81.5467 
2033 80.2849 
2034 79.4216 

Alternative 2 Sp_Biomass
     GOA_ATF 
Equil_Fabc 407.478 
Year 
2021 717.93 
2022 704.306 
2023 696.82 
2024 698.296 
2025 694.802 
2026 681.27 
2027 591.035 
2028 526.625 
2029 487.057 
2030 462.926 
2031 447.08 
2032 436.08 
2033 428.44 
2034 423.264 

Alternative 2 Fishing Mortality
     GOA_ATF 
Equil_Fabc 0.185494 
Year 
2021 0.0142925 
2022 0.0168497 
2023 0.0141191 
2024 0.0256712 
2025 0.0226942 
2026 0.185494 
2027 0.185494 
2028 0.185494 
2029 0.185494 
2030 0.185426 
2031 0.184673 
2032 0.183517 
2033 0.182583 
2034 0.181936 

Alternative 2 Biomass
     GOA_ATF 

Year 
2021 1267.24 
2022 1268.36 
2023 1276.46 
2024 1294.75 
2025 1311.23 
2026 1333.75 
2027 1254.19 
2028 1199.83 
2029 1163.49 
2030 1139.7 
2031 1123.47 
2032 1112.39 
2033 1103.52 
2034 1097.57 

Alternative 2 Implied SPR rate 
     GOA_ATF 
Equil_Fabc 0.4 
Year 
2021 0.90864 
2022 0.893744 
2023 0.909665 
2024 0.845342 
2025 0.861179 
2026 0.4 
2027 0.4 
2028 0.4 
2029 0.4 
2030 0.400099 
2031 0.40121 
2032 0.402945 
2033 0.404361 
2034 0.405339 

  GOA_ATF 
EquilAvgAgeF0  5.43393 
EquilAvgAgeFabc  4.16805 
AvgAgeYr2034 4.21833 
Alternative 3 Catch
     GOA_ATF 
Equil_Fabc 79.182 
Year 
2021 9.9884 
2022 11.6347 
2023 9.68543 
2024 17.561 
2025 15.504 
2026 61.6915 
2027 58.5516 
2028 56.2834 
2029 55.0856 
2030 54.8052 
2031 54.9893 
2032 55.224 
2033 55.4369 
2034 55.6071 

Alternative 3 ABCs
     GOA_ATF 

Year 
2021  NA 
2022  NA 
2023  NA 
2024  NA 
2025  NA 
2026 61.6915 
2027 58.5516 
2028 56.2834 
2029 55.0856 
2030 54.8052 
2031 54.9893 
2032 55.224 
2033 55.4369 
2034 55.6071 

Alternative 3 TACs
     GOA_ATF 

Year 
2021  NA 
2022  NA 
2023  NA 
2024  NA 
2025  NA 
2026 61.6915 
2027 58.5516 
2028 56.2834 
2029 55.0856 
2030 54.8052 
2031 54.9893 
2032 55.224 
2033 55.4369 
2034 55.6071 

Alternative 3 Sp_Biomass
     GOA_ATF 
Equil_Fabc 407.478 
Year 
2021 717.93 
2022 704.306 
2023 696.82 
2024 698.296 
2025 694.802 
2026 685.86 
2027 641.584 
2028 610.715 
2029 595.524 
2030 589.639 
2031 587.874 
2032 587.685 
2033 588.101 
2034 588.782 

Alternative 3 Fishing Mortality
     GOA_ATF 
Equil_Fabc 0.185494 
Year 
2021 0.0142925 
2022 0.0168497 
2023 0.0141191 
2024 0.0256712 
2025 0.0226942 
2026 0.0927468 
2027 0.0927468 
2028 0.0927468 
2029 0.0927468 
2030 0.0927468 
2031 0.0927468 
2032 0.0927468 
2033 0.0927468 
2034 0.0927468 

Alternative 3 Biomass
     GOA_ATF 

Year 
2021 1267.24 
2022 1268.36 
2023 1276.46 
2024 1294.75 
2025 1311.23 
2026 1333.75 
2027 1311.82 
2028 1298.92 
2029 1292.26 
2030 1290.14 
2031 1290.29 
2032 1291.53 
2033 1291.67 
2034 1292.16 

Alternative 3 Implied SPR rate 
     GOA_ATF 
Equil_Fabc 0.4 
Year 
2021 0.90864 
2022 0.893744 
2023 0.909665 
2024 0.845342 
2025 0.861179 
2026 0.586608 
2027 0.586608 
2028 0.586608 
2029 0.586608 
2030 0.586608 
2031 0.586608 
2032 0.586608 
2033 0.586608 
2034 0.586608 

  GOA_ATF 
EquilAvgAgeF0  5.43393 
EquilAvgAgeFabc  4.16805 
AvgAgeYr2034 4.60861 
Alternative 4 Catch
     GOA_ATF 
Equil_Fabc 79.182 
Year 
2021 9.9884 
2022 11.6347 
2023 9.68543 
2024 17.561 
2025 15.504 
2026 19.063 
2027 19.0169 
2028 19.0887 
2029 19.3624 
2030 19.8308 
2031 20.3836 
2032 20.8923 
2033 21.3359 
2034 21.71 

Alternative 4 ABCs
     GOA_ATF 

Year 
2021  NA 
2022  NA 
2023  NA 
2024  NA 
2025  NA 
2026 19.063 
2027 19.0169 
2028 19.0887 
2029 19.3624 
2030 19.8308 
2031 20.3836 
2032 20.8923 
2033 21.3359 
2034 21.71 

Alternative 4 TACs
     GOA_ATF 

Year 
2021  NA 
2022  NA 
2023  NA 
2024  NA 
2025  NA 
2026 19.063 
2027 19.0169 
2028 19.0887 
2029 19.3624 
2030 19.8308 
2031 20.3836 
2032 20.8923 
2033 21.3359 
2034 21.71 

Alternative 4 Sp_Biomass
     GOA_ATF 
Equil_Fabc 407.478 
Year 
2021 717.93 
2022 704.306 
2023 696.82 
2024 698.296 
2025 694.802 
2026 689.087 
2027 679.654 
2028 678.372 
2029 688.301 
2030 704.175 
2031 721.622 
2032 738.485 
2033 753.875 
2034 767.508 

Alternative 4 Fishing Mortality
     GOA_ATF 
Equil_Fabc 0.185494 
Year 
2021 0.0142925 
2022 0.0168497 
2023 0.0141191 
2024 0.0256712 
2025 0.0226942 
2026 0.0279263 
2027 0.0279263 
2028 0.0279263 
2029 0.0279263 
2030 0.0279263 
2031 0.0279263 
2032 0.0279263 
2033 0.0279263 
2034 0.0279263 

Alternative 4 Biomass
     GOA_ATF 

Year 
2021 1267.24 
2022 1268.36 
2023 1276.46 
2024 1294.75 
2025 1311.23 
2026 1333.75 
2027 1354.78 
2028 1377.51 
2029 1400.4 
2030 1423.23 
2031 1444.94 
2032 1465.03 
2033 1481.55 
2034 1496.08 

Alternative 4 Implied SPR rate 
     GOA_ATF 
Equil_Fabc 0.4 
Year 
2021 0.90864 
2022 0.893744 
2023 0.909665 
2024 0.845342 
2025 0.861179 
2026 0.833666 
2027 0.833666 
2028 0.833666 
2029 0.833666 
2030 0.833666 
2031 0.833666 
2032 0.833666 
2033 0.833666 
2034 0.833666 

  GOA_ATF 
EquilAvgAgeF0  5.43393 
EquilAvgAgeFabc  4.16805 
AvgAgeYr2034 5.00155 
Alternative 5 Catch
     GOA_ATF 
Equil_Fabc 79.182 
Year 
2021 9.9884 
2022 11.6347 
2023 9.68543 
2024 17.561 
2025 15.504 
2026  NA 
2027  NA 
2028  NA 
2029  NA 
2030  NA 
2031  NA 
2032  NA 
2033  NA 
2034  NA 

Alternative 5 ABCs
     GOA_ATF 

Year 
2021  NA 
2022  NA 
2023  NA 
2024  NA 
2025  NA 
2026  NA 
2027  NA 
2028  NA 
2029  NA 
2030  NA 
2031  NA 
2032  NA 
2033  NA 
2034  NA 

Alternative 5 TACs
     GOA_ATF 

Year 
2021  NA 
2022  NA 
2023  NA 
2024  NA 
2025  NA 
2026  NA 
2027  NA 
2028  NA 
2029  NA 
2030  NA 
2031  NA 
2032  NA 
2033  NA 
2034  NA 

Alternative 5 Sp_Biomass
     GOA_ATF 
Equil_Fabc 407.478 
Year 
2021 717.93 
2022 704.306 
2023 696.82 
2024 698.296 
2025 694.802 
2026 690.482 
2027 696.794 
2028 710.047 
2029 733.355 
2030 761.692 
2031 790.874 
2032 818.79 
2033 844.459 
2034 867.495 

Alternative 5 Fishing Mortality
     GOA_ATF 
Equil_Fabc 0.185494 
Year 
2021 0.0142925 
2022 0.0168497 
2023 0.0141191 
2024 0.0256712 
2025 0.0226942 
2026  NA 
2027  NA 
2028  NA 
2029  NA 
2030  NA 
2031  NA 
2032  NA 
2033  NA 
2034  NA 

Alternative 5 Biomass
     GOA_ATF 

Year 
2021 1267.24 
2022 1268.36 
2023 1276.46 
2024 1294.75 
2025 1311.23 
2026 1333.75 
2027 1374.01 
2028 1414 
2029 1452.38 
2030 1489.28 
2031 1523.99 
2032 1556.16 
2033 1583.79 
2034 1608.41 

Alternative 5 Implied SPR rate 
     GOA_ATF 
Equil_Fabc 0.4 
Year 
2021 0.90864 
2022 0.893744 
2023 0.909665 
2024 0.845342 
2025 0.861179 
2026 1 
2027 1 
2028 1 
2029 1 
2030 1 
2031 1 
2032 1 
2033 1 
2034 1 

  GOA_ATF 
EquilAvgAgeF0  5.43393 
EquilAvgAgeFabc  4.16805 
AvgAgeYr2034 5.21 
Alternative 6 Catch
     GOA_ATF 
Equil_Fabc 79.182 
Year 
2021 9.9884 
2022 143.11 
2023 121.156 
2024 105.492 
2025 94.2855 
2026 83.065 
2027 71.6151 
2028 67.883 
2029 69.4473 
2030 73.0654 
2031 76.4645 
2032 78.7518 
2033 80.127 
2034 80.9494 

Alternative 6 ABCs
     GOA_ATF 

Year 
2021 144.635 
2022 143.11 
2023 121.156 
2024 105.492 
2025 94.2856 
2026 83.065 
2027 71.6151 
2028 67.883 
2029 69.4473 
2030 73.0654 
2031 76.4645 
2032 78.7518 
2033 80.127 
2034 80.9494 

Alternative 6 TACs
     GOA_ATF 

Year 
2021  NA 
2022 143.11 
2023 121.156 
2024 105.492 
2025 94.2856 
2026 83.065 
2027 71.6151 
2028 67.883 
2029 69.4473 
2030 73.0654 
2031 76.4645 
2032 78.7518 
2033 80.127 
2034 80.9494 

Alternative 6 Sp_Biomass
     GOA_ATF 
Equil_Fabc 407.478 
Year 
2021 717.93 
2022 693.772 
2023 579.656 
2024 499.851 
2025 440.238 
2026 392.375 
2027 358.595 
2028 345.58 
2029 348.564 
2030 357.02 
2031 364.765 
2032 370.104 
2033 373.442 
2034 375.547 

Alternative 6 Fishing Mortality
     GOA_ATF 
Equil_Fabc 0.185494 
Year 
2021 0.0142925 
2022 0.225051 
2023 0.225051 
2024 0.225051 
2025 0.225051 
2026 0.21627 
2027 0.196632 
2028 0.189053 
2029 0.190653 
2030 0.195321 
2031 0.199573 
2032 0.202443 
2033 0.204156 
2034 0.205221 

Alternative 6 Biomass
     GOA_ATF 

Year 
2021 1267.24 
2022 1268.36 
2023 1144.77 
2024 1064.55 
2025 1016.34 
2026 990.351 
2027 983.361 
2028 992.702 
2029 1007.83 
2030 1022.27 
2031 1032.75 
2032 1039.44 
2033 1042.03 
2034 1043.39 

Alternative 6 Implied SPR rate 
     GOA_ATF 
Equil_Fabc 0.4 
Year 
2021 0.90864 
2022 0.35 
2023 0.35 
2024 0.35 
2025 0.35 
2026 0.360089 
2027 0.384709 
2028 0.395254 
2029 0.393413 
2030 0.387276 
2031 0.381683 
2032 0.377928 
2033 0.375678 
2034 0.374282 

  GOA_ATF 
EquilAvgAgeF0  5.43393 
EquilAvgAgeFabc  4.16805 
AvgAgeYr2034 4.11297 
Alternative 7 Catch
     GOA_ATF 
Equil_Fabc 79.182 
Year 
2021 9.9884 
2022 119.788 
2023 104.473 
2024 111.494 
2025 98.8251 
2026 89.5186 
2027 75.4575 
2028 70.0123 
2029 70.5946 
2030 73.6269 
2031 76.693 
2032 78.8128 
2033 80.1146 
2034 80.9113 

Alternative 7 ABCs
     GOA_ATF 

Year 
2021 144.635 
2022 143.11 
2023 124.85 
2024 111.494 
2025 98.8252 
2026 89.5186 
2027 75.4575 
2028 70.0123 
2029 70.5946 
2030 73.6269 
2031 76.693 
2032 78.8128 
2033 80.1146 
2034 80.9113 

Alternative 7 TACs
     GOA_ATF 

Year 
2021  NA 
2022 143.11 
2023 124.85 
2024 111.494 
2025 98.8252 
2026 89.5186 
2027 75.4575 
2028 70.0123 
2029 70.5946 
2030 73.6269 
2031 76.693 
2032 78.8128 
2033 80.1146 
2034 80.9113 

Alternative 7 Sp_Biomass
     GOA_ATF 
Equil_Fabc 407.478 
Year 
2021 717.93 
2022 695.761 
2023 600.15 
2024 530.471 
2025 463.658 
2026 409.708 
2027 369.056 
2028 351.695 
2029 351.995 
2030 358.804 
2031 365.598 
2032 370.43 
2033 373.52 
2034 375.515 

Alternative 7 Fishing Mortality
     GOA_ATF 
Equil_Fabc 0.185494 
Year 
2021 0.0142925 
2022 0.185493 
2023 0.185493 
2024 0.225051 
2025 0.225051 
2026 0.225042 
2027 0.202714 
2028 0.192603 
2029 0.192617 
2030 0.196318 
2031 0.200023 
2032 0.202614 
2033 0.204195 
2034 0.205204 

Alternative 7 Biomass
     GOA_ATF 

Year 
2021 1267.24 
2022 1268.36 
2023 1168.09 
2024 1102.27 
2025 1044.2 
2026 1010.68 
2027 994.866 
2028 998.854 
2029 1010.91 
2030 1023.62 
2031 1033.21 
2032 1039.49 
2033 1041.92 
2034 1043.24 

Alternative 7 Implied SPR rate 
     GOA_ATF 
Equil_Fabc 0.4 
Year 
2021 0.90864 
2022 0.4 
2023 0.4 
2024 0.35 
2025 0.35 
2026 0.35001 
2027 0.376779 
2028 0.390355 
2029 0.3907 
2030 0.385922 
2031 0.381082 
2032 0.377703 
2033 0.375627 
2034 0.374304 

  GOA_ATF 
EquilAvgAgeF0  5.43393 
EquilAvgAgeFabc  4.16805 
AvgAgeYr2034 4.11272 
