GOA_ATF 1 2021 Cabc 79.182
GOA_ATF 1 2021 Cofl 84.7878
GOA_ATF 1 2021 CLCI 9.9884
GOA_ATF 1 2021 CUCI 9.9884
GOA_ATF 1 2021 CMedian 9.9884
GOA_ATF 1 2021 CMean 9.9884
GOA_ATF 1 2022 Cabc 79.182
GOA_ATF 1 2022 Cofl 84.7878
GOA_ATF 1 2022 CLCI 11.6347
GOA_ATF 1 2022 CUCI 11.6347
GOA_ATF 1 2022 CMedian 11.6347
GOA_ATF 1 2022 CMean 11.6347
GOA_ATF 1 2023 Cabc 79.182
GOA_ATF 1 2023 Cofl 84.7878
GOA_ATF 1 2023 CLCI 9.68543
GOA_ATF 1 2023 CUCI 9.68543
GOA_ATF 1 2023 CMedian 9.68543
GOA_ATF 1 2023 CMean 9.68543
GOA_ATF 1 2024 Cabc 79.182
GOA_ATF 1 2024 Cofl 84.7878
GOA_ATF 1 2024 CLCI 17.561
GOA_ATF 1 2024 CUCI 17.561
GOA_ATF 1 2024 CMedian 17.561
GOA_ATF 1 2024 CMean 17.561
GOA_ATF 1 2025 Cabc 79.182
GOA_ATF 1 2025 Cofl 84.7878
GOA_ATF 1 2025 CLCI 15.504
GOA_ATF 1 2025 CUCI 15.504
GOA_ATF 1 2025 CMedian 15.504
GOA_ATF 1 2025 CMean 15.504
GOA_ATF 1 2026 Cabc 79.182
GOA_ATF 1 2026 Cofl 84.7878
GOA_ATF 1 2026 CLCI 117.224
GOA_ATF 1 2026 CUCI 121.086
GOA_ATF 1 2026 CMedian 118.835
GOA_ATF 1 2026 CMean 118.955
GOA_ATF 1 2027 Cabc 79.182
GOA_ATF 1 2027 Cofl 84.7878
GOA_ATF 1 2027 CLCI 101.981
GOA_ATF 1 2027 CUCI 109.226
GOA_ATF 1 2027 CMedian 104.971
GOA_ATF 1 2027 CMean 105.24
GOA_ATF 1 2028 Cabc 79.182
GOA_ATF 1 2028 Cofl 84.7878
GOA_ATF 1 2028 CLCI 90.1637
GOA_ATF 1 2028 CUCI 101.65
GOA_ATF 1 2028 CMedian 94.9479
GOA_ATF 1 2028 CMean 95.3556
GOA_ATF 1 2029 Cabc 79.182
GOA_ATF 1 2029 Cofl 84.7878
GOA_ATF 1 2029 CLCI 81.7327
GOA_ATF 1 2029 CUCI 97.6913
GOA_ATF 1 2029 CMedian 88.7174
GOA_ATF 1 2029 CMean 89.1116
GOA_ATF 1 2030 Cabc 79.182
GOA_ATF 1 2030 Cofl 84.7878
GOA_ATF 1 2030 CLCI 76.4882
GOA_ATF 1 2030 CUCI 96.2199
GOA_ATF 1 2030 CMedian 85.1082
GOA_ATF 1 2030 CMean 85.5906
GOA_ATF 1 2031 Cabc 79.182
GOA_ATF 1 2031 Cofl 84.7878
GOA_ATF 1 2031 CLCI 71.401
GOA_ATF 1 2031 CUCI 95.3917
GOA_ATF 1 2031 CMedian 83.1568
GOA_ATF 1 2031 CMean 83.3194
GOA_ATF 1 2032 Cabc 79.182
GOA_ATF 1 2032 Cofl 84.7878
GOA_ATF 1 2032 CLCI 67.0676
GOA_ATF 1 2032 CUCI 94.6439
GOA_ATF 1 2032 CMedian 81.7925
GOA_ATF 1 2032 CMean 81.5467
GOA_ATF 1 2033 Cabc 79.182
GOA_ATF 1 2033 Cofl 84.7878
GOA_ATF 1 2033 CLCI 64.8057
GOA_ATF 1 2033 CUCI 93.8663
GOA_ATF 1 2033 CMedian 80.6465
GOA_ATF 1 2033 CMean 80.2849
GOA_ATF 1 2034 Cabc 79.182
GOA_ATF 1 2034 Cofl 84.7878
GOA_ATF 1 2034 CLCI 63.8017
GOA_ATF 1 2034 CUCI 92.8654
GOA_ATF 1 2034 CMedian 79.9463
GOA_ATF 1 2034 CMean 79.4216
GOA_ATF 1 2021 SSBF100 1018.7
GOA_ATF 1 2021 SSBFabc 407.478
GOA_ATF 1 2021 SSBFofl 356.544
GOA_ATF 1 2021 SSBLCI 717.93
GOA_ATF 1 2021 SSBUCI 717.93
GOA_ATF 1 2021 SSBMedian 717.93
GOA_ATF 1 2021 SSBMean 717.93
GOA_ATF 1 2022 SSBF100 1018.7
GOA_ATF 1 2022 SSBFabc 407.478
GOA_ATF 1 2022 SSBFofl 356.544
GOA_ATF 1 2022 SSBLCI 704.306
GOA_ATF 1 2022 SSBUCI 704.306
GOA_ATF 1 2022 SSBMedian 704.306
GOA_ATF 1 2022 SSBMean 704.306
GOA_ATF 1 2023 SSBF100 1018.7
GOA_ATF 1 2023 SSBFabc 407.478
GOA_ATF 1 2023 SSBFofl 356.544
GOA_ATF 1 2023 SSBLCI 696.801
GOA_ATF 1 2023 SSBUCI 696.846
GOA_ATF 1 2023 SSBMedian 696.818
GOA_ATF 1 2023 SSBMean 696.82
GOA_ATF 1 2024 SSBF100 1018.7
GOA_ATF 1 2024 SSBFabc 407.478
GOA_ATF 1 2024 SSBFofl 356.544
GOA_ATF 1 2024 SSBLCI 698.186
GOA_ATF 1 2024 SSBUCI 698.439
GOA_ATF 1 2024 SSBMedian 698.286
GOA_ATF 1 2024 SSBMean 698.296
GOA_ATF 1 2025 SSBF100 1018.7
GOA_ATF 1 2025 SSBFabc 407.478
GOA_ATF 1 2025 SSBFofl 356.544
GOA_ATF 1 2025 SSBLCI 694.249
GOA_ATF 1 2025 SSBUCI 695.51
GOA_ATF 1 2025 SSBMedian 694.75
GOA_ATF 1 2025 SSBMean 694.802
GOA_ATF 1 2026 SSBF100 1018.7
GOA_ATF 1 2026 SSBFabc 407.478
GOA_ATF 1 2026 SSBFofl 356.544
GOA_ATF 1 2026 SSBLCI 678.876
GOA_ATF 1 2026 SSBUCI 684.379
GOA_ATF 1 2026 SSBMedian 681.049
GOA_ATF 1 2026 SSBMean 681.27
GOA_ATF 1 2027 SSBF100 1018.7
GOA_ATF 1 2027 SSBFabc 407.478
GOA_ATF 1 2027 SSBFofl 356.544
GOA_ATF 1 2027 SSBLCI 582.592
GOA_ATF 1 2027 SSBUCI 601.702
GOA_ATF 1 2027 SSBMedian 590.374
GOA_ATF 1 2027 SSBMean 591.035
GOA_ATF 1 2028 SSBF100 1018.7
GOA_ATF 1 2028 SSBFabc 407.478
GOA_ATF 1 2028 SSBFofl 356.544
GOA_ATF 1 2028 SSBLCI 504.935
GOA_ATF 1 2028 SSBUCI 553.591
GOA_ATF 1 2028 SSBMedian 525.155
GOA_ATF 1 2028 SSBMean 526.625
GOA_ATF 1 2029 SSBF100 1018.7
GOA_ATF 1 2029 SSBFabc 407.478
GOA_ATF 1 2029 SSBFofl 356.544
GOA_ATF 1 2029 SSBLCI 450.453
GOA_ATF 1 2029 SSBUCI 532.152
GOA_ATF 1 2029 SSBMedian 483.921
GOA_ATF 1 2029 SSBMean 487.057
GOA_ATF 1 2030 SSBF100 1018.7
GOA_ATF 1 2030 SSBFabc 407.478
GOA_ATF 1 2030 SSBFofl 356.544
GOA_ATF 1 2030 SSBLCI 416.373
GOA_ATF 1 2030 SSBUCI 516.236
GOA_ATF 1 2030 SSBMedian 460.271
GOA_ATF 1 2030 SSBMean 462.926
GOA_ATF 1 2031 SSBF100 1018.7
GOA_ATF 1 2031 SSBFabc 407.478
GOA_ATF 1 2031 SSBFofl 356.544
GOA_ATF 1 2031 SSBLCI 393.041
GOA_ATF 1 2031 SSBUCI 508.635
GOA_ATF 1 2031 SSBMedian 444.62
GOA_ATF 1 2031 SSBMean 447.08
GOA_ATF 1 2032 SSBF100 1018.7
GOA_ATF 1 2032 SSBFabc 407.478
GOA_ATF 1 2032 SSBFofl 356.544
GOA_ATF 1 2032 SSBLCI 379.431
GOA_ATF 1 2032 SSBUCI 500.599
GOA_ATF 1 2032 SSBMedian 433.277
GOA_ATF 1 2032 SSBMean 436.08
GOA_ATF 1 2033 SSBF100 1018.7
GOA_ATF 1 2033 SSBFabc 407.478
GOA_ATF 1 2033 SSBFofl 356.544
GOA_ATF 1 2033 SSBLCI 372.993
GOA_ATF 1 2033 SSBUCI 496.269
GOA_ATF 1 2033 SSBMedian 424.95
GOA_ATF 1 2033 SSBMean 428.44
GOA_ATF 1 2034 SSBF100 1018.7
GOA_ATF 1 2034 SSBFabc 407.478
GOA_ATF 1 2034 SSBFofl 356.544
GOA_ATF 1 2034 SSBLCI 368.494
GOA_ATF 1 2034 SSBUCI 487.878
GOA_ATF 1 2034 SSBMedian 418.697
GOA_ATF 1 2034 SSBMean 423.264
GOA_ATF 1 2021 F0 0 
GOA_ATF 1 2021 Fabc 0.185494
GOA_ATF 1 2021 Fofl 0.225051
GOA_ATF 1 2021  F_LCI 0.0142925
GOA_ATF 1 2021  F_UCI 0.0142925
GOA_ATF 1 2021  F_Median 0.0142925
GOA_ATF 1 2021  F_Mean 0.0142925
GOA_ATF 1 2022 F0 0 
GOA_ATF 1 2022 Fabc 0.185494
GOA_ATF 1 2022 Fofl 0.225051
GOA_ATF 1 2022  F_LCI 0.0168467
GOA_ATF 1 2022  F_UCI 0.0168519
GOA_ATF 1 2022  F_Median 0.01685
GOA_ATF 1 2022  F_Mean 0.0168497
GOA_ATF 1 2023 F0 0 
GOA_ATF 1 2023 Fabc 0.185494
GOA_ATF 1 2023 Fofl 0.225051
GOA_ATF 1 2023  F_LCI 0.014108
GOA_ATF 1 2023  F_UCI 0.0141275
GOA_ATF 1 2023  F_Median 0.0141198
GOA_ATF 1 2023  F_Mean 0.0141191
GOA_ATF 1 2024 F0 0 
GOA_ATF 1 2024 Fabc 0.185494
GOA_ATF 1 2024 Fofl 0.225051
GOA_ATF 1 2024  F_LCI 0.0256042
GOA_ATF 1 2024  F_UCI 0.0257237
GOA_ATF 1 2024  F_Median 0.0256749
GOA_ATF 1 2024  F_Mean 0.0256712
GOA_ATF 1 2025 F0 0 
GOA_ATF 1 2025 Fabc 0.185494
GOA_ATF 1 2025 Fofl 0.225051
GOA_ATF 1 2025  F_LCI 0.0225281
GOA_ATF 1 2025  F_UCI 0.0228261
GOA_ATF 1 2025  F_Median 0.0227017
GOA_ATF 1 2025  F_Mean 0.0226942
GOA_ATF 1 2026 F0 0 
GOA_ATF 1 2026 Fabc 0.185494
GOA_ATF 1 2026 Fofl 0.225051
GOA_ATF 1 2026  F_LCI 0.185494
GOA_ATF 1 2026  F_UCI 0.185494
GOA_ATF 1 2026  F_Median 0.185494
GOA_ATF 1 2026  F_Mean 0.185494
GOA_ATF 1 2027 F0 0 
GOA_ATF 1 2027 Fabc 0.185494
GOA_ATF 1 2027 Fofl 0.225051
GOA_ATF 1 2027  F_LCI 0.185494
GOA_ATF 1 2027  F_UCI 0.185494
GOA_ATF 1 2027  F_Median 0.185494
GOA_ATF 1 2027  F_Mean 0.185494
GOA_ATF 1 2028 F0 0 
GOA_ATF 1 2028 Fabc 0.185494
GOA_ATF 1 2028 Fofl 0.225051
GOA_ATF 1 2028  F_LCI 0.185494
GOA_ATF 1 2028  F_UCI 0.185494
GOA_ATF 1 2028  F_Median 0.185494
GOA_ATF 1 2028  F_Mean 0.185494
GOA_ATF 1 2029 F0 0 
GOA_ATF 1 2029 Fabc 0.185494
GOA_ATF 1 2029 Fofl 0.225051
GOA_ATF 1 2029  F_LCI 0.185494
GOA_ATF 1 2029  F_UCI 0.185494
GOA_ATF 1 2029  F_Median 0.185494
GOA_ATF 1 2029  F_Mean 0.185494
GOA_ATF 1 2030 F0 0 
GOA_ATF 1 2030 Fabc 0.185494
GOA_ATF 1 2030 Fofl 0.225051
GOA_ATF 1 2030  F_LCI 0.185494
GOA_ATF 1 2030  F_UCI 0.185494
GOA_ATF 1 2030  F_Median 0.185494
GOA_ATF 1 2030  F_Mean 0.185426
GOA_ATF 1 2031 F0 0 
GOA_ATF 1 2031 Fabc 0.185494
GOA_ATF 1 2031 Fofl 0.225051
GOA_ATF 1 2031  F_LCI 0.178575
GOA_ATF 1 2031  F_UCI 0.185494
GOA_ATF 1 2031  F_Median 0.185494
GOA_ATF 1 2031  F_Mean 0.184673
GOA_ATF 1 2032 F0 0 
GOA_ATF 1 2032 Fabc 0.185494
GOA_ATF 1 2032 Fofl 0.225051
GOA_ATF 1 2032  F_LCI 0.172054
GOA_ATF 1 2032  F_UCI 0.185494
GOA_ATF 1 2032  F_Median 0.185494
GOA_ATF 1 2032  F_Mean 0.183517
GOA_ATF 1 2033 F0 0 
GOA_ATF 1 2033 Fabc 0.185494
GOA_ATF 1 2033 Fofl 0.225051
GOA_ATF 1 2033  F_LCI 0.168969
GOA_ATF 1 2033  F_UCI 0.185494
GOA_ATF 1 2033  F_Median 0.185494
GOA_ATF 1 2033  F_Mean 0.182583
GOA_ATF 1 2034 F0 0 
GOA_ATF 1 2034 Fabc 0.185494
GOA_ATF 1 2034 Fofl 0.225051
GOA_ATF 1 2034  F_LCI 0.166813
GOA_ATF 1 2034  F_UCI 0.185494
GOA_ATF 1 2034  F_Median 0.185494
GOA_ATF 1 2034  F_Mean 0.181936
GOA_ATF 2 2021 Cabc 79.182
GOA_ATF 2 2021 Cofl 84.7878
GOA_ATF 2 2021 CLCI 9.9884
GOA_ATF 2 2021 CUCI 9.9884
GOA_ATF 2 2021 CMedian 9.9884
GOA_ATF 2 2021 CMean 9.9884
GOA_ATF 2 2022 Cabc 79.182
GOA_ATF 2 2022 Cofl 84.7878
GOA_ATF 2 2022 CLCI 11.6347
GOA_ATF 2 2022 CUCI 11.6347
GOA_ATF 2 2022 CMedian 11.6347
GOA_ATF 2 2022 CMean 11.6347
GOA_ATF 2 2023 Cabc 79.182
GOA_ATF 2 2023 Cofl 84.7878
GOA_ATF 2 2023 CLCI 9.68543
GOA_ATF 2 2023 CUCI 9.68543
GOA_ATF 2 2023 CMedian 9.68543
GOA_ATF 2 2023 CMean 9.68543
GOA_ATF 2 2024 Cabc 79.182
GOA_ATF 2 2024 Cofl 84.7878
GOA_ATF 2 2024 CLCI 17.561
GOA_ATF 2 2024 CUCI 17.561
GOA_ATF 2 2024 CMedian 17.561
GOA_ATF 2 2024 CMean 17.561
GOA_ATF 2 2025 Cabc 79.182
GOA_ATF 2 2025 Cofl 84.7878
GOA_ATF 2 2025 CLCI 15.504
GOA_ATF 2 2025 CUCI 15.504
GOA_ATF 2 2025 CMedian 15.504
GOA_ATF 2 2025 CMean 15.504
GOA_ATF 2 2026 Cabc 79.182
GOA_ATF 2 2026 Cofl 84.7878
GOA_ATF 2 2026 CLCI 117.224
GOA_ATF 2 2026 CUCI 121.086
GOA_ATF 2 2026 CMedian 118.835
GOA_ATF 2 2026 CMean 118.955
GOA_ATF 2 2027 Cabc 79.182
GOA_ATF 2 2027 Cofl 84.7878
GOA_ATF 2 2027 CLCI 101.981
GOA_ATF 2 2027 CUCI 109.226
GOA_ATF 2 2027 CMedian 104.971
GOA_ATF 2 2027 CMean 105.24
GOA_ATF 2 2028 Cabc 79.182
GOA_ATF 2 2028 Cofl 84.7878
GOA_ATF 2 2028 CLCI 90.1637
GOA_ATF 2 2028 CUCI 101.65
GOA_ATF 2 2028 CMedian 94.9479
GOA_ATF 2 2028 CMean 95.3556
GOA_ATF 2 2029 Cabc 79.182
GOA_ATF 2 2029 Cofl 84.7878
GOA_ATF 2 2029 CLCI 81.7327
GOA_ATF 2 2029 CUCI 97.6913
GOA_ATF 2 2029 CMedian 88.7174
GOA_ATF 2 2029 CMean 89.1116
GOA_ATF 2 2030 Cabc 79.182
GOA_ATF 2 2030 Cofl 84.7878
GOA_ATF 2 2030 CLCI 76.4882
GOA_ATF 2 2030 CUCI 96.2199
GOA_ATF 2 2030 CMedian 85.1082
GOA_ATF 2 2030 CMean 85.5906
GOA_ATF 2 2031 Cabc 79.182
GOA_ATF 2 2031 Cofl 84.7878
GOA_ATF 2 2031 CLCI 71.401
GOA_ATF 2 2031 CUCI 95.3917
GOA_ATF 2 2031 CMedian 83.1568
GOA_ATF 2 2031 CMean 83.3194
GOA_ATF 2 2032 Cabc 79.182
GOA_ATF 2 2032 Cofl 84.7878
GOA_ATF 2 2032 CLCI 67.0676
GOA_ATF 2 2032 CUCI 94.6439
GOA_ATF 2 2032 CMedian 81.7925
GOA_ATF 2 2032 CMean 81.5467
GOA_ATF 2 2033 Cabc 79.182
GOA_ATF 2 2033 Cofl 84.7878
GOA_ATF 2 2033 CLCI 64.8057
GOA_ATF 2 2033 CUCI 93.8663
GOA_ATF 2 2033 CMedian 80.6465
GOA_ATF 2 2033 CMean 80.2849
GOA_ATF 2 2034 Cabc 79.182
GOA_ATF 2 2034 Cofl 84.7878
GOA_ATF 2 2034 CLCI 63.8017
GOA_ATF 2 2034 CUCI 92.8654
GOA_ATF 2 2034 CMedian 79.9463
GOA_ATF 2 2034 CMean 79.4216
GOA_ATF 2 2021 SSBF100 1018.7
GOA_ATF 2 2021 SSBFabc 407.478
GOA_ATF 2 2021 SSBFofl 356.544
GOA_ATF 2 2021 SSBLCI 717.93
GOA_ATF 2 2021 SSBUCI 717.93
GOA_ATF 2 2021 SSBMedian 717.93
GOA_ATF 2 2021 SSBMean 717.93
GOA_ATF 2 2022 SSBF100 1018.7
GOA_ATF 2 2022 SSBFabc 407.478
GOA_ATF 2 2022 SSBFofl 356.544
GOA_ATF 2 2022 SSBLCI 704.306
GOA_ATF 2 2022 SSBUCI 704.306
GOA_ATF 2 2022 SSBMedian 704.306
GOA_ATF 2 2022 SSBMean 704.306
GOA_ATF 2 2023 SSBF100 1018.7
GOA_ATF 2 2023 SSBFabc 407.478
GOA_ATF 2 2023 SSBFofl 356.544
GOA_ATF 2 2023 SSBLCI 696.801
GOA_ATF 2 2023 SSBUCI 696.846
GOA_ATF 2 2023 SSBMedian 696.818
GOA_ATF 2 2023 SSBMean 696.82
GOA_ATF 2 2024 SSBF100 1018.7
GOA_ATF 2 2024 SSBFabc 407.478
GOA_ATF 2 2024 SSBFofl 356.544
GOA_ATF 2 2024 SSBLCI 698.186
GOA_ATF 2 2024 SSBUCI 698.439
GOA_ATF 2 2024 SSBMedian 698.286
GOA_ATF 2 2024 SSBMean 698.296
GOA_ATF 2 2025 SSBF100 1018.7
GOA_ATF 2 2025 SSBFabc 407.478
GOA_ATF 2 2025 SSBFofl 356.544
GOA_ATF 2 2025 SSBLCI 694.249
GOA_ATF 2 2025 SSBUCI 695.51
GOA_ATF 2 2025 SSBMedian 694.75
GOA_ATF 2 2025 SSBMean 694.802
GOA_ATF 2 2026 SSBF100 1018.7
GOA_ATF 2 2026 SSBFabc 407.478
GOA_ATF 2 2026 SSBFofl 356.544
GOA_ATF 2 2026 SSBLCI 678.876
GOA_ATF 2 2026 SSBUCI 684.379
GOA_ATF 2 2026 SSBMedian 681.049
GOA_ATF 2 2026 SSBMean 681.27
GOA_ATF 2 2027 SSBF100 1018.7
GOA_ATF 2 2027 SSBFabc 407.478
GOA_ATF 2 2027 SSBFofl 356.544
GOA_ATF 2 2027 SSBLCI 582.592
GOA_ATF 2 2027 SSBUCI 601.702
GOA_ATF 2 2027 SSBMedian 590.374
GOA_ATF 2 2027 SSBMean 591.035
GOA_ATF 2 2028 SSBF100 1018.7
GOA_ATF 2 2028 SSBFabc 407.478
GOA_ATF 2 2028 SSBFofl 356.544
GOA_ATF 2 2028 SSBLCI 504.935
GOA_ATF 2 2028 SSBUCI 553.591
GOA_ATF 2 2028 SSBMedian 525.155
GOA_ATF 2 2028 SSBMean 526.625
GOA_ATF 2 2029 SSBF100 1018.7
GOA_ATF 2 2029 SSBFabc 407.478
GOA_ATF 2 2029 SSBFofl 356.544
GOA_ATF 2 2029 SSBLCI 450.453
GOA_ATF 2 2029 SSBUCI 532.152
GOA_ATF 2 2029 SSBMedian 483.921
GOA_ATF 2 2029 SSBMean 487.057
GOA_ATF 2 2030 SSBF100 1018.7
GOA_ATF 2 2030 SSBFabc 407.478
GOA_ATF 2 2030 SSBFofl 356.544
GOA_ATF 2 2030 SSBLCI 416.373
GOA_ATF 2 2030 SSBUCI 516.236
GOA_ATF 2 2030 SSBMedian 460.271
GOA_ATF 2 2030 SSBMean 462.926
GOA_ATF 2 2031 SSBF100 1018.7
GOA_ATF 2 2031 SSBFabc 407.478
GOA_ATF 2 2031 SSBFofl 356.544
GOA_ATF 2 2031 SSBLCI 393.041
GOA_ATF 2 2031 SSBUCI 508.635
GOA_ATF 2 2031 SSBMedian 444.62
GOA_ATF 2 2031 SSBMean 447.08
GOA_ATF 2 2032 SSBF100 1018.7
GOA_ATF 2 2032 SSBFabc 407.478
GOA_ATF 2 2032 SSBFofl 356.544
GOA_ATF 2 2032 SSBLCI 379.431
GOA_ATF 2 2032 SSBUCI 500.599
GOA_ATF 2 2032 SSBMedian 433.277
GOA_ATF 2 2032 SSBMean 436.08
GOA_ATF 2 2033 SSBF100 1018.7
GOA_ATF 2 2033 SSBFabc 407.478
GOA_ATF 2 2033 SSBFofl 356.544
GOA_ATF 2 2033 SSBLCI 372.993
GOA_ATF 2 2033 SSBUCI 496.269
GOA_ATF 2 2033 SSBMedian 424.95
GOA_ATF 2 2033 SSBMean 428.44
GOA_ATF 2 2034 SSBF100 1018.7
GOA_ATF 2 2034 SSBFabc 407.478
GOA_ATF 2 2034 SSBFofl 356.544
GOA_ATF 2 2034 SSBLCI 368.494
GOA_ATF 2 2034 SSBUCI 487.878
GOA_ATF 2 2034 SSBMedian 418.697
GOA_ATF 2 2034 SSBMean 423.264
GOA_ATF 2 2021 F0 0 
GOA_ATF 2 2021 Fabc 0.185494
GOA_ATF 2 2021 Fofl 0.225051
GOA_ATF 2 2021  F_LCI 0.0142925
GOA_ATF 2 2021  F_UCI 0.0142925
GOA_ATF 2 2021  F_Median 0.0142925
GOA_ATF 2 2021  F_Mean 0.0142925
GOA_ATF 2 2022 F0 0 
GOA_ATF 2 2022 Fabc 0.185494
GOA_ATF 2 2022 Fofl 0.225051
GOA_ATF 2 2022  F_LCI 0.0168467
GOA_ATF 2 2022  F_UCI 0.0168519
GOA_ATF 2 2022  F_Median 0.01685
GOA_ATF 2 2022  F_Mean 0.0168497
GOA_ATF 2 2023 F0 0 
GOA_ATF 2 2023 Fabc 0.185494
GOA_ATF 2 2023 Fofl 0.225051
GOA_ATF 2 2023  F_LCI 0.014108
GOA_ATF 2 2023  F_UCI 0.0141275
GOA_ATF 2 2023  F_Median 0.0141198
GOA_ATF 2 2023  F_Mean 0.0141191
GOA_ATF 2 2024 F0 0 
GOA_ATF 2 2024 Fabc 0.185494
GOA_ATF 2 2024 Fofl 0.225051
GOA_ATF 2 2024  F_LCI 0.0256042
GOA_ATF 2 2024  F_UCI 0.0257237
GOA_ATF 2 2024  F_Median 0.0256749
GOA_ATF 2 2024  F_Mean 0.0256712
GOA_ATF 2 2025 F0 0 
GOA_ATF 2 2025 Fabc 0.185494
GOA_ATF 2 2025 Fofl 0.225051
GOA_ATF 2 2025  F_LCI 0.0225281
GOA_ATF 2 2025  F_UCI 0.0228261
GOA_ATF 2 2025  F_Median 0.0227017
GOA_ATF 2 2025  F_Mean 0.0226942
GOA_ATF 2 2026 F0 0 
GOA_ATF 2 2026 Fabc 0.185494
GOA_ATF 2 2026 Fofl 0.225051
GOA_ATF 2 2026  F_LCI 0.185494
GOA_ATF 2 2026  F_UCI 0.185494
GOA_ATF 2 2026  F_Median 0.185494
GOA_ATF 2 2026  F_Mean 0.185494
GOA_ATF 2 2027 F0 0 
GOA_ATF 2 2027 Fabc 0.185494
GOA_ATF 2 2027 Fofl 0.225051
GOA_ATF 2 2027  F_LCI 0.185494
GOA_ATF 2 2027  F_UCI 0.185494
GOA_ATF 2 2027  F_Median 0.185494
GOA_ATF 2 2027  F_Mean 0.185494
GOA_ATF 2 2028 F0 0 
GOA_ATF 2 2028 Fabc 0.185494
GOA_ATF 2 2028 Fofl 0.225051
GOA_ATF 2 2028  F_LCI 0.185494
GOA_ATF 2 2028  F_UCI 0.185494
GOA_ATF 2 2028  F_Median 0.185494
GOA_ATF 2 2028  F_Mean 0.185494
GOA_ATF 2 2029 F0 0 
GOA_ATF 2 2029 Fabc 0.185494
GOA_ATF 2 2029 Fofl 0.225051
GOA_ATF 2 2029  F_LCI 0.185494
GOA_ATF 2 2029  F_UCI 0.185494
GOA_ATF 2 2029  F_Median 0.185494
GOA_ATF 2 2029  F_Mean 0.185494
GOA_ATF 2 2030 F0 0 
GOA_ATF 2 2030 Fabc 0.185494
GOA_ATF 2 2030 Fofl 0.225051
GOA_ATF 2 2030  F_LCI 0.185494
GOA_ATF 2 2030  F_UCI 0.185494
GOA_ATF 2 2030  F_Median 0.185494
GOA_ATF 2 2030  F_Mean 0.185426
GOA_ATF 2 2031 F0 0 
GOA_ATF 2 2031 Fabc 0.185494
GOA_ATF 2 2031 Fofl 0.225051
GOA_ATF 2 2031  F_LCI 0.178575
GOA_ATF 2 2031  F_UCI 0.185494
GOA_ATF 2 2031  F_Median 0.185494
GOA_ATF 2 2031  F_Mean 0.184673
GOA_ATF 2 2032 F0 0 
GOA_ATF 2 2032 Fabc 0.185494
GOA_ATF 2 2032 Fofl 0.225051
GOA_ATF 2 2032  F_LCI 0.172054
GOA_ATF 2 2032  F_UCI 0.185494
GOA_ATF 2 2032  F_Median 0.185494
GOA_ATF 2 2032  F_Mean 0.183517
GOA_ATF 2 2033 F0 0 
GOA_ATF 2 2033 Fabc 0.185494
GOA_ATF 2 2033 Fofl 0.225051
GOA_ATF 2 2033  F_LCI 0.168969
GOA_ATF 2 2033  F_UCI 0.185494
GOA_ATF 2 2033  F_Median 0.185494
GOA_ATF 2 2033  F_Mean 0.182583
GOA_ATF 2 2034 F0 0 
GOA_ATF 2 2034 Fabc 0.185494
GOA_ATF 2 2034 Fofl 0.225051
GOA_ATF 2 2034  F_LCI 0.166813
GOA_ATF 2 2034  F_UCI 0.185494
GOA_ATF 2 2034  F_Median 0.185494
GOA_ATF 2 2034  F_Mean 0.181936
GOA_ATF 3 2021 Cabc 79.182
GOA_ATF 3 2021 Cofl 84.7878
GOA_ATF 3 2021 CLCI 9.9884
GOA_ATF 3 2021 CUCI 9.9884
GOA_ATF 3 2021 CMedian 9.9884
GOA_ATF 3 2021 CMean 9.9884
GOA_ATF 3 2022 Cabc 79.182
GOA_ATF 3 2022 Cofl 84.7878
GOA_ATF 3 2022 CLCI 11.6347
GOA_ATF 3 2022 CUCI 11.6347
GOA_ATF 3 2022 CMedian 11.6347
GOA_ATF 3 2022 CMean 11.6347
GOA_ATF 3 2023 Cabc 79.182
GOA_ATF 3 2023 Cofl 84.7878
GOA_ATF 3 2023 CLCI 9.68543
GOA_ATF 3 2023 CUCI 9.68543
GOA_ATF 3 2023 CMedian 9.68543
GOA_ATF 3 2023 CMean 9.68543
GOA_ATF 3 2024 Cabc 79.182
GOA_ATF 3 2024 Cofl 84.7878
GOA_ATF 3 2024 CLCI 17.561
GOA_ATF 3 2024 CUCI 17.561
GOA_ATF 3 2024 CMedian 17.561
GOA_ATF 3 2024 CMean 17.561
GOA_ATF 3 2025 Cabc 79.182
GOA_ATF 3 2025 Cofl 84.7878
GOA_ATF 3 2025 CLCI 15.504
GOA_ATF 3 2025 CUCI 15.504
GOA_ATF 3 2025 CMedian 15.504
GOA_ATF 3 2025 CMean 15.504
GOA_ATF 3 2026 Cabc 79.182
GOA_ATF 3 2026 Cofl 84.7878
GOA_ATF 3 2026 CLCI 60.8196
GOA_ATF 3 2026 CUCI 62.7636
GOA_ATF 3 2026 CMedian 61.6318
GOA_ATF 3 2026 CMean 61.6915
GOA_ATF 3 2027 Cabc 79.182
GOA_ATF 3 2027 Cofl 84.7878
GOA_ATF 3 2027 CLCI 56.8814
GOA_ATF 3 2027 CUCI 60.6008
GOA_ATF 3 2027 CMedian 58.4272
GOA_ATF 3 2027 CMean 58.5516
GOA_ATF 3 2028 Cabc 79.182
GOA_ATF 3 2028 Cofl 84.7878
GOA_ATF 3 2028 CLCI 53.5373
GOA_ATF 3 2028 CUCI 59.5916
GOA_ATF 3 2028 CMedian 56.074
GOA_ATF 3 2028 CMean 56.2834
GOA_ATF 3 2029 Cabc 79.182
GOA_ATF 3 2029 Cofl 84.7878
GOA_ATF 3 2029 CLCI 51.0812
GOA_ATF 3 2029 CUCI 59.757
GOA_ATF 3 2029 CMedian 54.8534
GOA_ATF 3 2029 CMean 55.0856
GOA_ATF 3 2030 Cabc 79.182
GOA_ATF 3 2030 Cofl 84.7878
GOA_ATF 3 2030 CLCI 49.5998
GOA_ATF 3 2030 CUCI 60.8088
GOA_ATF 3 2030 CMedian 54.4772
GOA_ATF 3 2030 CMean 54.8052
GOA_ATF 3 2031 Cabc 79.182
GOA_ATF 3 2031 Cofl 84.7878
GOA_ATF 3 2031 CLCI 48.8634
GOA_ATF 3 2031 CUCI 62.0152
GOA_ATF 3 2031 CMedian 54.686
GOA_ATF 3 2031 CMean 54.9893
GOA_ATF 3 2032 Cabc 79.182
GOA_ATF 3 2032 Cofl 84.7878
GOA_ATF 3 2032 CLCI 48.6866
GOA_ATF 3 2032 CUCI 62.7711
GOA_ATF 3 2032 CMedian 54.9709
GOA_ATF 3 2032 CMean 55.224
GOA_ATF 3 2033 Cabc 79.182
GOA_ATF 3 2033 Cofl 84.7878
GOA_ATF 3 2033 CLCI 48.4545
GOA_ATF 3 2033 CUCI 63.3641
GOA_ATF 3 2033 CMedian 54.9661
GOA_ATF 3 2033 CMean 55.4369
GOA_ATF 3 2034 Cabc 79.182
GOA_ATF 3 2034 Cofl 84.7878
GOA_ATF 3 2034 CLCI 48.4574
GOA_ATF 3 2034 CUCI 63.6804
GOA_ATF 3 2034 CMedian 55.3029
GOA_ATF 3 2034 CMean 55.6071
GOA_ATF 3 2021 SSBF100 1018.7
GOA_ATF 3 2021 SSBFabc 407.478
GOA_ATF 3 2021 SSBFofl 356.544
GOA_ATF 3 2021 SSBLCI 717.93
GOA_ATF 3 2021 SSBUCI 717.93
GOA_ATF 3 2021 SSBMedian 717.93
GOA_ATF 3 2021 SSBMean 717.93
GOA_ATF 3 2022 SSBF100 1018.7
GOA_ATF 3 2022 SSBFabc 407.478
GOA_ATF 3 2022 SSBFofl 356.544
GOA_ATF 3 2022 SSBLCI 704.306
GOA_ATF 3 2022 SSBUCI 704.306
GOA_ATF 3 2022 SSBMedian 704.306
GOA_ATF 3 2022 SSBMean 704.306
GOA_ATF 3 2023 SSBF100 1018.7
GOA_ATF 3 2023 SSBFabc 407.478
GOA_ATF 3 2023 SSBFofl 356.544
GOA_ATF 3 2023 SSBLCI 696.801
GOA_ATF 3 2023 SSBUCI 696.846
GOA_ATF 3 2023 SSBMedian 696.818
GOA_ATF 3 2023 SSBMean 696.82
GOA_ATF 3 2024 SSBF100 1018.7
GOA_ATF 3 2024 SSBFabc 407.478
GOA_ATF 3 2024 SSBFofl 356.544
GOA_ATF 3 2024 SSBLCI 698.186
GOA_ATF 3 2024 SSBUCI 698.439
GOA_ATF 3 2024 SSBMedian 698.286
GOA_ATF 3 2024 SSBMean 698.296
GOA_ATF 3 2025 SSBF100 1018.7
GOA_ATF 3 2025 SSBFabc 407.478
GOA_ATF 3 2025 SSBFofl 356.544
GOA_ATF 3 2025 SSBLCI 694.249
GOA_ATF 3 2025 SSBUCI 695.51
GOA_ATF 3 2025 SSBMedian 694.75
GOA_ATF 3 2025 SSBMean 694.802
GOA_ATF 3 2026 SSBF100 1018.7
GOA_ATF 3 2026 SSBFabc 407.478
GOA_ATF 3 2026 SSBFofl 356.544
GOA_ATF 3 2026 SSBLCI 683.462
GOA_ATF 3 2026 SSBUCI 688.973
GOA_ATF 3 2026 SSBMedian 685.638
GOA_ATF 3 2026 SSBMean 685.86
GOA_ATF 3 2027 SSBF100 1018.7
GOA_ATF 3 2027 SSBFabc 407.478
GOA_ATF 3 2027 SSBFofl 356.544
GOA_ATF 3 2027 SSBLCI 633.014
GOA_ATF 3 2027 SSBUCI 652.436
GOA_ATF 3 2027 SSBMedian 640.909
GOA_ATF 3 2027 SSBMean 641.584
GOA_ATF 3 2028 SSBF100 1018.7
GOA_ATF 3 2028 SSBFabc 407.478
GOA_ATF 3 2028 SSBFofl 356.544
GOA_ATF 3 2028 SSBLCI 588.108
GOA_ATF 3 2028 SSBUCI 638.845
GOA_ATF 3 2028 SSBMedian 609.244
GOA_ATF 3 2028 SSBMean 610.715
GOA_ATF 3 2029 SSBF100 1018.7
GOA_ATF 3 2029 SSBFabc 407.478
GOA_ATF 3 2029 SSBFofl 356.544
GOA_ATF 3 2029 SSBLCI 556.049
GOA_ATF 3 2029 SSBUCI 644.161
GOA_ATF 3 2029 SSBMedian 592.222
GOA_ATF 3 2029 SSBMean 595.524
GOA_ATF 3 2030 SSBF100 1018.7
GOA_ATF 3 2030 SSBFabc 407.478
GOA_ATF 3 2030 SSBFofl 356.544
GOA_ATF 3 2030 SSBLCI 537.54
GOA_ATF 3 2030 SSBUCI 650.356
GOA_ATF 3 2030 SSBMedian 586.553
GOA_ATF 3 2030 SSBMean 589.639
GOA_ATF 3 2031 SSBF100 1018.7
GOA_ATF 3 2031 SSBFabc 407.478
GOA_ATF 3 2031 SSBFofl 356.544
GOA_ATF 3 2031 SSBLCI 525.635
GOA_ATF 3 2031 SSBUCI 659.924
GOA_ATF 3 2031 SSBMedian 583.947
GOA_ATF 3 2031 SSBMean 587.874
GOA_ATF 3 2032 SSBF100 1018.7
GOA_ATF 3 2032 SSBFabc 407.478
GOA_ATF 3 2032 SSBFofl 356.544
GOA_ATF 3 2032 SSBLCI 518.307
GOA_ATF 3 2032 SSBUCI 664.987
GOA_ATF 3 2032 SSBMedian 584.675
GOA_ATF 3 2032 SSBMean 587.685
GOA_ATF 3 2033 SSBF100 1018.7
GOA_ATF 3 2033 SSBFabc 407.478
GOA_ATF 3 2033 SSBFofl 356.544
GOA_ATF 3 2033 SSBLCI 516.186
GOA_ATF 3 2033 SSBUCI 673.563
GOA_ATF 3 2033 SSBMedian 584.051
GOA_ATF 3 2033 SSBMean 588.101
GOA_ATF 3 2034 SSBF100 1018.7
GOA_ATF 3 2034 SSBFabc 407.478
GOA_ATF 3 2034 SSBFofl 356.544
GOA_ATF 3 2034 SSBLCI 513.947
GOA_ATF 3 2034 SSBUCI 672.635
GOA_ATF 3 2034 SSBMedian 583.607
GOA_ATF 3 2034 SSBMean 588.782
GOA_ATF 3 2021 F0 0 
GOA_ATF 3 2021 Fabc 0.185494
GOA_ATF 3 2021 Fofl 0.225051
GOA_ATF 3 2021  F_LCI 0.0142925
GOA_ATF 3 2021  F_UCI 0.0142925
GOA_ATF 3 2021  F_Median 0.0142925
GOA_ATF 3 2021  F_Mean 0.0142925
GOA_ATF 3 2022 F0 0 
GOA_ATF 3 2022 Fabc 0.185494
GOA_ATF 3 2022 Fofl 0.225051
GOA_ATF 3 2022  F_LCI 0.0168467
GOA_ATF 3 2022  F_UCI 0.0168519
GOA_ATF 3 2022  F_Median 0.01685
GOA_ATF 3 2022  F_Mean 0.0168497
GOA_ATF 3 2023 F0 0 
GOA_ATF 3 2023 Fabc 0.185494
GOA_ATF 3 2023 Fofl 0.225051
GOA_ATF 3 2023  F_LCI 0.014108
GOA_ATF 3 2023  F_UCI 0.0141275
GOA_ATF 3 2023  F_Median 0.0141198
GOA_ATF 3 2023  F_Mean 0.0141191
GOA_ATF 3 2024 F0 0 
GOA_ATF 3 2024 Fabc 0.185494
GOA_ATF 3 2024 Fofl 0.225051
GOA_ATF 3 2024  F_LCI 0.0256042
GOA_ATF 3 2024  F_UCI 0.0257237
GOA_ATF 3 2024  F_Median 0.0256749
GOA_ATF 3 2024  F_Mean 0.0256712
GOA_ATF 3 2025 F0 0 
GOA_ATF 3 2025 Fabc 0.185494
GOA_ATF 3 2025 Fofl 0.225051
GOA_ATF 3 2025  F_LCI 0.0225281
GOA_ATF 3 2025  F_UCI 0.0228261
GOA_ATF 3 2025  F_Median 0.0227017
GOA_ATF 3 2025  F_Mean 0.0226942
GOA_ATF 3 2026 F0 0 
GOA_ATF 3 2026 Fabc 0.185494
GOA_ATF 3 2026 Fofl 0.225051
GOA_ATF 3 2026  F_LCI 0.0927468
GOA_ATF 3 2026  F_UCI 0.0927468
GOA_ATF 3 2026  F_Median 0.0927468
GOA_ATF 3 2026  F_Mean 0.0927468
GOA_ATF 3 2027 F0 0 
GOA_ATF 3 2027 Fabc 0.185494
GOA_ATF 3 2027 Fofl 0.225051
GOA_ATF 3 2027  F_LCI 0.0927468
GOA_ATF 3 2027  F_UCI 0.0927468
GOA_ATF 3 2027  F_Median 0.0927468
GOA_ATF 3 2027  F_Mean 0.0927468
GOA_ATF 3 2028 F0 0 
GOA_ATF 3 2028 Fabc 0.185494
GOA_ATF 3 2028 Fofl 0.225051
GOA_ATF 3 2028  F_LCI 0.0927468
GOA_ATF 3 2028  F_UCI 0.0927468
GOA_ATF 3 2028  F_Median 0.0927468
GOA_ATF 3 2028  F_Mean 0.0927468
GOA_ATF 3 2029 F0 0 
GOA_ATF 3 2029 Fabc 0.185494
GOA_ATF 3 2029 Fofl 0.225051
GOA_ATF 3 2029  F_LCI 0.0927468
GOA_ATF 3 2029  F_UCI 0.0927468
GOA_ATF 3 2029  F_Median 0.0927468
GOA_ATF 3 2029  F_Mean 0.0927468
GOA_ATF 3 2030 F0 0 
GOA_ATF 3 2030 Fabc 0.185494
GOA_ATF 3 2030 Fofl 0.225051
GOA_ATF 3 2030  F_LCI 0.0927468
GOA_ATF 3 2030  F_UCI 0.0927468
GOA_ATF 3 2030  F_Median 0.0927468
GOA_ATF 3 2030  F_Mean 0.0927468
GOA_ATF 3 2031 F0 0 
GOA_ATF 3 2031 Fabc 0.185494
GOA_ATF 3 2031 Fofl 0.225051
GOA_ATF 3 2031  F_LCI 0.0927468
GOA_ATF 3 2031  F_UCI 0.0927468
GOA_ATF 3 2031  F_Median 0.0927468
GOA_ATF 3 2031  F_Mean 0.0927468
GOA_ATF 3 2032 F0 0 
GOA_ATF 3 2032 Fabc 0.185494
GOA_ATF 3 2032 Fofl 0.225051
GOA_ATF 3 2032  F_LCI 0.0927468
GOA_ATF 3 2032  F_UCI 0.0927468
GOA_ATF 3 2032  F_Median 0.0927468
GOA_ATF 3 2032  F_Mean 0.0927468
GOA_ATF 3 2033 F0 0 
GOA_ATF 3 2033 Fabc 0.185494
GOA_ATF 3 2033 Fofl 0.225051
GOA_ATF 3 2033  F_LCI 0.0927468
GOA_ATF 3 2033  F_UCI 0.0927468
GOA_ATF 3 2033  F_Median 0.0927468
GOA_ATF 3 2033  F_Mean 0.0927468
GOA_ATF 3 2034 F0 0 
GOA_ATF 3 2034 Fabc 0.185494
GOA_ATF 3 2034 Fofl 0.225051
GOA_ATF 3 2034  F_LCI 0.0927468
GOA_ATF 3 2034  F_UCI 0.0927468
GOA_ATF 3 2034  F_Median 0.0927468
GOA_ATF 3 2034  F_Mean 0.0927468
GOA_ATF 4 2021 Cabc 79.182
GOA_ATF 4 2021 Cofl 84.7878
GOA_ATF 4 2021 CLCI 9.9884
GOA_ATF 4 2021 CUCI 9.9884
GOA_ATF 4 2021 CMedian 9.9884
GOA_ATF 4 2021 CMean 9.9884
GOA_ATF 4 2022 Cabc 79.182
GOA_ATF 4 2022 Cofl 84.7878
GOA_ATF 4 2022 CLCI 11.6347
GOA_ATF 4 2022 CUCI 11.6347
GOA_ATF 4 2022 CMedian 11.6347
GOA_ATF 4 2022 CMean 11.6347
GOA_ATF 4 2023 Cabc 79.182
GOA_ATF 4 2023 Cofl 84.7878
GOA_ATF 4 2023 CLCI 9.68543
GOA_ATF 4 2023 CUCI 9.68543
GOA_ATF 4 2023 CMedian 9.68543
GOA_ATF 4 2023 CMean 9.68543
GOA_ATF 4 2024 Cabc 79.182
GOA_ATF 4 2024 Cofl 84.7878
GOA_ATF 4 2024 CLCI 17.561
GOA_ATF 4 2024 CUCI 17.561
GOA_ATF 4 2024 CMedian 17.561
GOA_ATF 4 2024 CMean 17.561
GOA_ATF 4 2025 Cabc 79.182
GOA_ATF 4 2025 Cofl 84.7878
GOA_ATF 4 2025 CLCI 15.504
GOA_ATF 4 2025 CUCI 15.504
GOA_ATF 4 2025 CMedian 15.504
GOA_ATF 4 2025 CMean 15.504
GOA_ATF 4 2026 Cabc 79.182
GOA_ATF 4 2026 Cofl 84.7878
GOA_ATF 4 2026 CLCI 18.7992
GOA_ATF 4 2026 CUCI 19.3873
GOA_ATF 4 2026 CMedian 19.0454
GOA_ATF 4 2026 CMean 19.063
GOA_ATF 4 2027 Cabc 79.182
GOA_ATF 4 2027 Cofl 84.7878
GOA_ATF 4 2027 CLCI 18.5048
GOA_ATF 4 2027 CUCI 19.6438
GOA_ATF 4 2027 CMedian 18.9785
GOA_ATF 4 2027 CMean 19.0169
GOA_ATF 4 2028 Cabc 79.182
GOA_ATF 4 2028 Cofl 84.7878
GOA_ATF 4 2028 CLCI 18.2243
GOA_ATF 4 2028 CUCI 20.1249
GOA_ATF 4 2028 CMedian 19.0199
GOA_ATF 4 2028 CMean 19.0887
GOA_ATF 4 2029 Cabc 79.182
GOA_ATF 4 2029 Cofl 84.7878
GOA_ATF 4 2029 CLCI 18.0798
GOA_ATF 4 2029 CUCI 20.8956
GOA_ATF 4 2029 CMedian 19.2771
GOA_ATF 4 2029 CMean 19.3624
GOA_ATF 4 2030 Cabc 79.182
GOA_ATF 4 2030 Cofl 84.7878
GOA_ATF 4 2030 CLCI 18.1064
GOA_ATF 4 2030 CUCI 21.8309
GOA_ATF 4 2030 CMedian 19.732
GOA_ATF 4 2030 CMean 19.8308
GOA_ATF 4 2031 Cabc 79.182
GOA_ATF 4 2031 Cofl 84.7878
GOA_ATF 4 2031 CLCI 18.2866
GOA_ATF 4 2031 CUCI 22.7947
GOA_ATF 4 2031 CMedian 20.282
GOA_ATF 4 2031 CMean 20.3836
GOA_ATF 4 2032 Cabc 79.182
GOA_ATF 4 2032 Cofl 84.7878
GOA_ATF 4 2032 CLCI 18.5946
GOA_ATF 4 2032 CUCI 23.5377
GOA_ATF 4 2032 CMedian 20.7921
GOA_ATF 4 2032 CMean 20.8923
GOA_ATF 4 2033 Cabc 79.182
GOA_ATF 4 2033 Cofl 84.7878
GOA_ATF 4 2033 CLCI 18.8755
GOA_ATF 4 2033 CUCI 24.2269
GOA_ATF 4 2033 CMedian 21.2009
GOA_ATF 4 2033 CMean 21.3359
GOA_ATF 4 2034 Cabc 79.182
GOA_ATF 4 2034 Cofl 84.7878
GOA_ATF 4 2034 CLCI 19.1065
GOA_ATF 4 2034 CUCI 24.6438
GOA_ATF 4 2034 CMedian 21.5761
GOA_ATF 4 2034 CMean 21.71
GOA_ATF 4 2021 SSBF100 1018.7
GOA_ATF 4 2021 SSBFabc 407.478
GOA_ATF 4 2021 SSBFofl 356.544
GOA_ATF 4 2021 SSBLCI 717.93
GOA_ATF 4 2021 SSBUCI 717.93
GOA_ATF 4 2021 SSBMedian 717.93
GOA_ATF 4 2021 SSBMean 717.93
GOA_ATF 4 2022 SSBF100 1018.7
GOA_ATF 4 2022 SSBFabc 407.478
GOA_ATF 4 2022 SSBFofl 356.544
GOA_ATF 4 2022 SSBLCI 704.306
GOA_ATF 4 2022 SSBUCI 704.306
GOA_ATF 4 2022 SSBMedian 704.306
GOA_ATF 4 2022 SSBMean 704.306
GOA_ATF 4 2023 SSBF100 1018.7
GOA_ATF 4 2023 SSBFabc 407.478
GOA_ATF 4 2023 SSBFofl 356.544
GOA_ATF 4 2023 SSBLCI 696.801
GOA_ATF 4 2023 SSBUCI 696.846
GOA_ATF 4 2023 SSBMedian 696.818
GOA_ATF 4 2023 SSBMean 696.82
GOA_ATF 4 2024 SSBF100 1018.7
GOA_ATF 4 2024 SSBFabc 407.478
GOA_ATF 4 2024 SSBFofl 356.544
GOA_ATF 4 2024 SSBLCI 698.186
GOA_ATF 4 2024 SSBUCI 698.439
GOA_ATF 4 2024 SSBMedian 698.286
GOA_ATF 4 2024 SSBMean 698.296
GOA_ATF 4 2025 SSBF100 1018.7
GOA_ATF 4 2025 SSBFabc 407.478
GOA_ATF 4 2025 SSBFofl 356.544
GOA_ATF 4 2025 SSBLCI 694.249
GOA_ATF 4 2025 SSBUCI 695.51
GOA_ATF 4 2025 SSBMedian 694.75
GOA_ATF 4 2025 SSBMean 694.802
GOA_ATF 4 2026 SSBF100 1018.7
GOA_ATF 4 2026 SSBFabc 407.478
GOA_ATF 4 2026 SSBFofl 356.544
GOA_ATF 4 2026 SSBLCI 686.687
GOA_ATF 4 2026 SSBUCI 692.203
GOA_ATF 4 2026 SSBMedian 688.865
GOA_ATF 4 2026 SSBMean 689.087
GOA_ATF 4 2027 SSBF100 1018.7
GOA_ATF 4 2027 SSBFabc 407.478
GOA_ATF 4 2027 SSBFofl 356.544
GOA_ATF 4 2027 SSBLCI 670.983
GOA_ATF 4 2027 SSBUCI 690.637
GOA_ATF 4 2027 SSBMedian 678.966
GOA_ATF 4 2027 SSBMean 679.654
GOA_ATF 4 2028 SSBF100 1018.7
GOA_ATF 4 2028 SSBFabc 407.478
GOA_ATF 4 2028 SSBFofl 356.544
GOA_ATF 4 2028 SSBLCI 655.099
GOA_ATF 4 2028 SSBUCI 707.348
GOA_ATF 4 2028 SSBMedian 676.882
GOA_ATF 4 2028 SSBMean 678.372
GOA_ATF 4 2029 SSBF100 1018.7
GOA_ATF 4 2029 SSBFabc 407.478
GOA_ATF 4 2029 SSBFofl 356.544
GOA_ATF 4 2029 SSBLCI 646.712
GOA_ATF 4 2029 SSBUCI 740.077
GOA_ATF 4 2029 SSBMedian 684.982
GOA_ATF 4 2029 SSBMean 688.301
GOA_ATF 4 2030 SSBF100 1018.7
GOA_ATF 4 2030 SSBFabc 407.478
GOA_ATF 4 2030 SSBFofl 356.544
GOA_ATF 4 2030 SSBLCI 648.044
GOA_ATF 4 2030 SSBUCI 770.568
GOA_ATF 4 2030 SSBMedian 700.73
GOA_ATF 4 2030 SSBMean 704.175
GOA_ATF 4 2031 SSBF100 1018.7
GOA_ATF 4 2031 SSBFabc 407.478
GOA_ATF 4 2031 SSBFofl 356.544
GOA_ATF 4 2031 SSBLCI 653.146
GOA_ATF 4 2031 SSBUCI 801.758
GOA_ATF 4 2031 SSBMedian 717.632
GOA_ATF 4 2031 SSBMean 721.622
GOA_ATF 4 2032 SSBF100 1018.7
GOA_ATF 4 2032 SSBFabc 407.478
GOA_ATF 4 2032 SSBFofl 356.544
GOA_ATF 4 2032 SSBLCI 659.87
GOA_ATF 4 2032 SSBUCI 826.7
GOA_ATF 4 2032 SSBMedian 735.804
GOA_ATF 4 2032 SSBMean 738.485
GOA_ATF 4 2033 SSBF100 1018.7
GOA_ATF 4 2033 SSBFabc 407.478
GOA_ATF 4 2033 SSBFofl 356.544
GOA_ATF 4 2033 SSBLCI 669.867
GOA_ATF 4 2033 SSBUCI 851.11
GOA_ATF 4 2033 SSBMedian 750.313
GOA_ATF 4 2033 SSBMean 753.875
GOA_ATF 4 2034 SSBF100 1018.7
GOA_ATF 4 2034 SSBFabc 407.478
GOA_ATF 4 2034 SSBFofl 356.544
GOA_ATF 4 2034 SSBLCI 676.929
GOA_ATF 4 2034 SSBUCI 869.676
GOA_ATF 4 2034 SSBMedian 762.171
GOA_ATF 4 2034 SSBMean 767.508
GOA_ATF 4 2021 F0 0 
GOA_ATF 4 2021 Fabc 0.185494
GOA_ATF 4 2021 Fofl 0.225051
GOA_ATF 4 2021  F_LCI 0.0142925
GOA_ATF 4 2021  F_UCI 0.0142925
GOA_ATF 4 2021  F_Median 0.0142925
GOA_ATF 4 2021  F_Mean 0.0142925
GOA_ATF 4 2022 F0 0 
GOA_ATF 4 2022 Fabc 0.185494
GOA_ATF 4 2022 Fofl 0.225051
GOA_ATF 4 2022  F_LCI 0.0168467
GOA_ATF 4 2022  F_UCI 0.0168519
GOA_ATF 4 2022  F_Median 0.01685
GOA_ATF 4 2022  F_Mean 0.0168497
GOA_ATF 4 2023 F0 0 
GOA_ATF 4 2023 Fabc 0.185494
GOA_ATF 4 2023 Fofl 0.225051
GOA_ATF 4 2023  F_LCI 0.014108
GOA_ATF 4 2023  F_UCI 0.0141275
GOA_ATF 4 2023  F_Median 0.0141198
GOA_ATF 4 2023  F_Mean 0.0141191
GOA_ATF 4 2024 F0 0 
GOA_ATF 4 2024 Fabc 0.185494
GOA_ATF 4 2024 Fofl 0.225051
GOA_ATF 4 2024  F_LCI 0.0256042
GOA_ATF 4 2024  F_UCI 0.0257237
GOA_ATF 4 2024  F_Median 0.0256749
GOA_ATF 4 2024  F_Mean 0.0256712
GOA_ATF 4 2025 F0 0 
GOA_ATF 4 2025 Fabc 0.185494
GOA_ATF 4 2025 Fofl 0.225051
GOA_ATF 4 2025  F_LCI 0.0225281
GOA_ATF 4 2025  F_UCI 0.0228261
GOA_ATF 4 2025  F_Median 0.0227017
GOA_ATF 4 2025  F_Mean 0.0226942
GOA_ATF 4 2026 F0 0 
GOA_ATF 4 2026 Fabc 0.185494
GOA_ATF 4 2026 Fofl 0.225051
GOA_ATF 4 2026  F_LCI 0.0279263
GOA_ATF 4 2026  F_UCI 0.0279263
GOA_ATF 4 2026  F_Median 0.0279263
GOA_ATF 4 2026  F_Mean 0.0279263
GOA_ATF 4 2027 F0 0 
GOA_ATF 4 2027 Fabc 0.185494
GOA_ATF 4 2027 Fofl 0.225051
GOA_ATF 4 2027  F_LCI 0.0279263
GOA_ATF 4 2027  F_UCI 0.0279263
GOA_ATF 4 2027  F_Median 0.0279263
GOA_ATF 4 2027  F_Mean 0.0279263
GOA_ATF 4 2028 F0 0 
GOA_ATF 4 2028 Fabc 0.185494
GOA_ATF 4 2028 Fofl 0.225051
GOA_ATF 4 2028  F_LCI 0.0279263
GOA_ATF 4 2028  F_UCI 0.0279263
GOA_ATF 4 2028  F_Median 0.0279263
GOA_ATF 4 2028  F_Mean 0.0279263
GOA_ATF 4 2029 F0 0 
GOA_ATF 4 2029 Fabc 0.185494
GOA_ATF 4 2029 Fofl 0.225051
GOA_ATF 4 2029  F_LCI 0.0279263
GOA_ATF 4 2029  F_UCI 0.0279263
GOA_ATF 4 2029  F_Median 0.0279263
GOA_ATF 4 2029  F_Mean 0.0279263
GOA_ATF 4 2030 F0 0 
GOA_ATF 4 2030 Fabc 0.185494
GOA_ATF 4 2030 Fofl 0.225051
GOA_ATF 4 2030  F_LCI 0.0279263
GOA_ATF 4 2030  F_UCI 0.0279263
GOA_ATF 4 2030  F_Median 0.0279263
GOA_ATF 4 2030  F_Mean 0.0279263
GOA_ATF 4 2031 F0 0 
GOA_ATF 4 2031 Fabc 0.185494
GOA_ATF 4 2031 Fofl 0.225051
GOA_ATF 4 2031  F_LCI 0.0279263
GOA_ATF 4 2031  F_UCI 0.0279263
GOA_ATF 4 2031  F_Median 0.0279263
GOA_ATF 4 2031  F_Mean 0.0279263
GOA_ATF 4 2032 F0 0 
GOA_ATF 4 2032 Fabc 0.185494
GOA_ATF 4 2032 Fofl 0.225051
GOA_ATF 4 2032  F_LCI 0.0279263
GOA_ATF 4 2032  F_UCI 0.0279263
GOA_ATF 4 2032  F_Median 0.0279263
GOA_ATF 4 2032  F_Mean 0.0279263
GOA_ATF 4 2033 F0 0 
GOA_ATF 4 2033 Fabc 0.185494
GOA_ATF 4 2033 Fofl 0.225051
GOA_ATF 4 2033  F_LCI 0.0279263
GOA_ATF 4 2033  F_UCI 0.0279263
GOA_ATF 4 2033  F_Median 0.0279263
GOA_ATF 4 2033  F_Mean 0.0279263
GOA_ATF 4 2034 F0 0 
GOA_ATF 4 2034 Fabc 0.185494
GOA_ATF 4 2034 Fofl 0.225051
GOA_ATF 4 2034  F_LCI 0.0279263
GOA_ATF 4 2034  F_UCI 0.0279263
GOA_ATF 4 2034  F_Median 0.0279263
GOA_ATF 4 2034  F_Mean 0.0279263
GOA_ATF 5 2021 Cabc 79.182
GOA_ATF 5 2021 Cofl 84.7878
GOA_ATF 5 2021 CLCI 9.9884
GOA_ATF 5 2021 CUCI 9.9884
GOA_ATF 5 2021 CMedian 9.9884
GOA_ATF 5 2021 CMean 9.9884
GOA_ATF 5 2022 Cabc 79.182
GOA_ATF 5 2022 Cofl 84.7878
GOA_ATF 5 2022 CLCI 11.6347
GOA_ATF 5 2022 CUCI 11.6347
GOA_ATF 5 2022 CMedian 11.6347
GOA_ATF 5 2022 CMean 11.6347
GOA_ATF 5 2023 Cabc 79.182
GOA_ATF 5 2023 Cofl 84.7878
GOA_ATF 5 2023 CLCI 9.68543
GOA_ATF 5 2023 CUCI 9.68543
GOA_ATF 5 2023 CMedian 9.68543
GOA_ATF 5 2023 CMean 9.68543
GOA_ATF 5 2024 Cabc 79.182
GOA_ATF 5 2024 Cofl 84.7878
GOA_ATF 5 2024 CLCI 17.561
GOA_ATF 5 2024 CUCI 17.561
GOA_ATF 5 2024 CMedian 17.561
GOA_ATF 5 2024 CMean 17.561
GOA_ATF 5 2025 Cabc 79.182
GOA_ATF 5 2025 Cofl 84.7878
GOA_ATF 5 2025 CLCI 15.504
GOA_ATF 5 2025 CUCI 15.504
GOA_ATF 5 2025 CMedian 15.504
GOA_ATF 5 2025 CMean 15.504
GOA_ATF 5 2026 Cabc 79.182
GOA_ATF 5 2026 Cofl 84.7878
GOA_ATF 5 2026 CLCI 0
GOA_ATF 5 2026 CUCI 0
GOA_ATF 5 2026 CMedian 0
GOA_ATF 5 2026 CMean 0
GOA_ATF 5 2027 Cabc 79.182
GOA_ATF 5 2027 Cofl 84.7878
GOA_ATF 5 2027 CLCI 0
GOA_ATF 5 2027 CUCI 0
GOA_ATF 5 2027 CMedian 0
GOA_ATF 5 2027 CMean 0
GOA_ATF 5 2028 Cabc 79.182
GOA_ATF 5 2028 Cofl 84.7878
GOA_ATF 5 2028 CLCI 0
GOA_ATF 5 2028 CUCI 0
GOA_ATF 5 2028 CMedian 0
GOA_ATF 5 2028 CMean 0
GOA_ATF 5 2029 Cabc 79.182
GOA_ATF 5 2029 Cofl 84.7878
GOA_ATF 5 2029 CLCI 0
GOA_ATF 5 2029 CUCI 0
GOA_ATF 5 2029 CMedian 0
GOA_ATF 5 2029 CMean 0
GOA_ATF 5 2030 Cabc 79.182
GOA_ATF 5 2030 Cofl 84.7878
GOA_ATF 5 2030 CLCI 0
GOA_ATF 5 2030 CUCI 0
GOA_ATF 5 2030 CMedian 0
GOA_ATF 5 2030 CMean 0
GOA_ATF 5 2031 Cabc 79.182
GOA_ATF 5 2031 Cofl 84.7878
GOA_ATF 5 2031 CLCI 0
GOA_ATF 5 2031 CUCI 0
GOA_ATF 5 2031 CMedian 0
GOA_ATF 5 2031 CMean 0
GOA_ATF 5 2032 Cabc 79.182
GOA_ATF 5 2032 Cofl 84.7878
GOA_ATF 5 2032 CLCI 0
GOA_ATF 5 2032 CUCI 0
GOA_ATF 5 2032 CMedian 0
GOA_ATF 5 2032 CMean 0
GOA_ATF 5 2033 Cabc 79.182
GOA_ATF 5 2033 Cofl 84.7878
GOA_ATF 5 2033 CLCI 0
GOA_ATF 5 2033 CUCI 0
GOA_ATF 5 2033 CMedian 0
GOA_ATF 5 2033 CMean 0
GOA_ATF 5 2034 Cabc 79.182
GOA_ATF 5 2034 Cofl 84.7878
GOA_ATF 5 2034 CLCI 0
GOA_ATF 5 2034 CUCI 0
GOA_ATF 5 2034 CMedian 0
GOA_ATF 5 2034 CMean 0
GOA_ATF 5 2021 SSBF100 1018.7
GOA_ATF 5 2021 SSBFabc 407.478
GOA_ATF 5 2021 SSBFofl 356.544
GOA_ATF 5 2021 SSBLCI 717.93
GOA_ATF 5 2021 SSBUCI 717.93
GOA_ATF 5 2021 SSBMedian 717.93
GOA_ATF 5 2021 SSBMean 717.93
GOA_ATF 5 2022 SSBF100 1018.7
GOA_ATF 5 2022 SSBFabc 407.478
GOA_ATF 5 2022 SSBFofl 356.544
GOA_ATF 5 2022 SSBLCI 704.306
GOA_ATF 5 2022 SSBUCI 704.306
GOA_ATF 5 2022 SSBMedian 704.306
GOA_ATF 5 2022 SSBMean 704.306
GOA_ATF 5 2023 SSBF100 1018.7
GOA_ATF 5 2023 SSBFabc 407.478
GOA_ATF 5 2023 SSBFofl 356.544
GOA_ATF 5 2023 SSBLCI 696.801
GOA_ATF 5 2023 SSBUCI 696.846
GOA_ATF 5 2023 SSBMedian 696.818
GOA_ATF 5 2023 SSBMean 696.82
GOA_ATF 5 2024 SSBF100 1018.7
GOA_ATF 5 2024 SSBFabc 407.478
GOA_ATF 5 2024 SSBFofl 356.544
GOA_ATF 5 2024 SSBLCI 698.186
GOA_ATF 5 2024 SSBUCI 698.439
GOA_ATF 5 2024 SSBMedian 698.286
GOA_ATF 5 2024 SSBMean 698.296
GOA_ATF 5 2025 SSBF100 1018.7
GOA_ATF 5 2025 SSBFabc 407.478
GOA_ATF 5 2025 SSBFofl 356.544
GOA_ATF 5 2025 SSBLCI 694.249
GOA_ATF 5 2025 SSBUCI 695.51
GOA_ATF 5 2025 SSBMedian 694.75
GOA_ATF 5 2025 SSBMean 694.802
GOA_ATF 5 2026 SSBF100 1018.7
GOA_ATF 5 2026 SSBFabc 407.478
GOA_ATF 5 2026 SSBFofl 356.544
GOA_ATF 5 2026 SSBLCI 688.08
GOA_ATF 5 2026 SSBUCI 693.599
GOA_ATF 5 2026 SSBMedian 690.26
GOA_ATF 5 2026 SSBMean 690.482
GOA_ATF 5 2027 SSBF100 1018.7
GOA_ATF 5 2027 SSBFabc 407.478
GOA_ATF 5 2027 SSBFofl 356.544
GOA_ATF 5 2027 SSBLCI 688.072
GOA_ATF 5 2027 SSBUCI 707.834
GOA_ATF 5 2027 SSBMedian 696.1
GOA_ATF 5 2027 SSBMean 696.794
GOA_ATF 5 2028 SSBF100 1018.7
GOA_ATF 5 2028 SSBFabc 407.478
GOA_ATF 5 2028 SSBFofl 356.544
GOA_ATF 5 2028 SSBLCI 686.48
GOA_ATF 5 2028 SSBUCI 739.329
GOA_ATF 5 2028 SSBMedian 708.576
GOA_ATF 5 2028 SSBMean 710.047
GOA_ATF 5 2029 SSBF100 1018.7
GOA_ATF 5 2029 SSBFabc 407.478
GOA_ATF 5 2029 SSBFofl 356.544
GOA_ATF 5 2029 SSBLCI 690.774
GOA_ATF 5 2029 SSBUCI 786.158
GOA_ATF 5 2029 SSBMedian 730.059
GOA_ATF 5 2029 SSBMean 733.355
GOA_ATF 5 2030 SSBF100 1018.7
GOA_ATF 5 2030 SSBFabc 407.478
GOA_ATF 5 2030 SSBFofl 356.544
GOA_ATF 5 2030 SSBLCI 703.42
GOA_ATF 5 2030 SSBUCI 830.33
GOA_ATF 5 2030 SSBMedian 758.419
GOA_ATF 5 2030 SSBMean 761.692
GOA_ATF 5 2031 SSBF100 1018.7
GOA_ATF 5 2031 SSBFabc 407.478
GOA_ATF 5 2031 SSBFofl 356.544
GOA_ATF 5 2031 SSBLCI 718.36
GOA_ATF 5 2031 SSBUCI 873.595
GOA_ATF 5 2031 SSBMedian 787.213
GOA_ATF 5 2031 SSBMean 790.874
GOA_ATF 5 2032 SSBF100 1018.7
GOA_ATF 5 2032 SSBFabc 407.478
GOA_ATF 5 2032 SSBFofl 356.544
GOA_ATF 5 2032 SSBLCI 735.893
GOA_ATF 5 2032 SSBUCI 913.829
GOA_ATF 5 2032 SSBMedian 816.033
GOA_ATF 5 2032 SSBMean 818.79
GOA_ATF 5 2033 SSBF100 1018.7
GOA_ATF 5 2033 SSBFabc 407.478
GOA_ATF 5 2033 SSBFofl 356.544
GOA_ATF 5 2033 SSBLCI 754.742
GOA_ATF 5 2033 SSBUCI 947.169
GOA_ATF 5 2033 SSBMedian 840.584
GOA_ATF 5 2033 SSBMean 844.459
GOA_ATF 5 2034 SSBF100 1018.7
GOA_ATF 5 2034 SSBFabc 407.478
GOA_ATF 5 2034 SSBFofl 356.544
GOA_ATF 5 2034 SSBLCI 769.332
GOA_ATF 5 2034 SSBUCI 980.67
GOA_ATF 5 2034 SSBMedian 861.548
GOA_ATF 5 2034 SSBMean 867.495
GOA_ATF 5 2021 F0 0 
GOA_ATF 5 2021 Fabc 0.185494
GOA_ATF 5 2021 Fofl 0.225051
GOA_ATF 5 2021  F_LCI 0.0142925
GOA_ATF 5 2021  F_UCI 0.0142925
GOA_ATF 5 2021  F_Median 0.0142925
GOA_ATF 5 2021  F_Mean 0.0142925
GOA_ATF 5 2022 F0 0 
GOA_ATF 5 2022 Fabc 0.185494
GOA_ATF 5 2022 Fofl 0.225051
GOA_ATF 5 2022  F_LCI 0.0168467
GOA_ATF 5 2022  F_UCI 0.0168519
GOA_ATF 5 2022  F_Median 0.01685
GOA_ATF 5 2022  F_Mean 0.0168497
GOA_ATF 5 2023 F0 0 
GOA_ATF 5 2023 Fabc 0.185494
GOA_ATF 5 2023 Fofl 0.225051
GOA_ATF 5 2023  F_LCI 0.014108
GOA_ATF 5 2023  F_UCI 0.0141275
GOA_ATF 5 2023  F_Median 0.0141198
GOA_ATF 5 2023  F_Mean 0.0141191
GOA_ATF 5 2024 F0 0 
GOA_ATF 5 2024 Fabc 0.185494
GOA_ATF 5 2024 Fofl 0.225051
GOA_ATF 5 2024  F_LCI 0.0256042
GOA_ATF 5 2024  F_UCI 0.0257237
GOA_ATF 5 2024  F_Median 0.0256749
GOA_ATF 5 2024  F_Mean 0.0256712
GOA_ATF 5 2025 F0 0 
GOA_ATF 5 2025 Fabc 0.185494
GOA_ATF 5 2025 Fofl 0.225051
GOA_ATF 5 2025  F_LCI 0.0225281
GOA_ATF 5 2025  F_UCI 0.0228261
GOA_ATF 5 2025  F_Median 0.0227017
GOA_ATF 5 2025  F_Mean 0.0226942
GOA_ATF 5 2026 F0 0 
GOA_ATF 5 2026 Fabc 0.185494
GOA_ATF 5 2026 Fofl 0.225051
GOA_ATF 5 2026  F_LCI 0
GOA_ATF 5 2026  F_UCI 0
GOA_ATF 5 2026  F_Median 0
GOA_ATF 5 2026  F_Mean 0
GOA_ATF 5 2027 F0 0 
GOA_ATF 5 2027 Fabc 0.185494
GOA_ATF 5 2027 Fofl 0.225051
GOA_ATF 5 2027  F_LCI 0
GOA_ATF 5 2027  F_UCI 0
GOA_ATF 5 2027  F_Median 0
GOA_ATF 5 2027  F_Mean 0
GOA_ATF 5 2028 F0 0 
GOA_ATF 5 2028 Fabc 0.185494
GOA_ATF 5 2028 Fofl 0.225051
GOA_ATF 5 2028  F_LCI 0
GOA_ATF 5 2028  F_UCI 0
GOA_ATF 5 2028  F_Median 0
GOA_ATF 5 2028  F_Mean 0
GOA_ATF 5 2029 F0 0 
GOA_ATF 5 2029 Fabc 0.185494
GOA_ATF 5 2029 Fofl 0.225051
GOA_ATF 5 2029  F_LCI 0
GOA_ATF 5 2029  F_UCI 0
GOA_ATF 5 2029  F_Median 0
GOA_ATF 5 2029  F_Mean 0
GOA_ATF 5 2030 F0 0 
GOA_ATF 5 2030 Fabc 0.185494
GOA_ATF 5 2030 Fofl 0.225051
GOA_ATF 5 2030  F_LCI 0
GOA_ATF 5 2030  F_UCI 0
GOA_ATF 5 2030  F_Median 0
GOA_ATF 5 2030  F_Mean 0
GOA_ATF 5 2031 F0 0 
GOA_ATF 5 2031 Fabc 0.185494
GOA_ATF 5 2031 Fofl 0.225051
GOA_ATF 5 2031  F_LCI 0
GOA_ATF 5 2031  F_UCI 0
GOA_ATF 5 2031  F_Median 0
GOA_ATF 5 2031  F_Mean 0
GOA_ATF 5 2032 F0 0 
GOA_ATF 5 2032 Fabc 0.185494
GOA_ATF 5 2032 Fofl 0.225051
GOA_ATF 5 2032  F_LCI 0
GOA_ATF 5 2032  F_UCI 0
GOA_ATF 5 2032  F_Median 0
GOA_ATF 5 2032  F_Mean 0
GOA_ATF 5 2033 F0 0 
GOA_ATF 5 2033 Fabc 0.185494
GOA_ATF 5 2033 Fofl 0.225051
GOA_ATF 5 2033  F_LCI 0
GOA_ATF 5 2033  F_UCI 0
GOA_ATF 5 2033  F_Median 0
GOA_ATF 5 2033  F_Mean 0
GOA_ATF 5 2034 F0 0 
GOA_ATF 5 2034 Fabc 0.185494
GOA_ATF 5 2034 Fofl 0.225051
GOA_ATF 5 2034  F_LCI 0
GOA_ATF 5 2034  F_UCI 0
GOA_ATF 5 2034  F_Median 0
GOA_ATF 5 2034  F_Mean 0
GOA_ATF 6 2021 Cabc 79.182
GOA_ATF 6 2021 Cofl 84.7878
GOA_ATF 6 2021 CLCI 9.9884
GOA_ATF 6 2021 CUCI 9.9884
GOA_ATF 6 2021 CMedian 9.9884
GOA_ATF 6 2021 CMean 9.9884
GOA_ATF 6 2022 Cabc 79.182
GOA_ATF 6 2022 Cofl 84.7878
GOA_ATF 6 2022 CLCI 143.09
GOA_ATF 6 2022 CUCI 143.137
GOA_ATF 6 2022 CMedian 143.108
GOA_ATF 6 2022 CMean 143.11
GOA_ATF 6 2023 Cabc 79.182
GOA_ATF 6 2023 Cofl 84.7878
GOA_ATF 6 2023 CLCI 121.065
GOA_ATF 6 2023 CUCI 121.273
GOA_ATF 6 2023 CMedian 121.148
GOA_ATF 6 2023 CMean 121.156
GOA_ATF 6 2024 Cabc 79.182
GOA_ATF 6 2024 Cofl 84.7878
GOA_ATF 6 2024 CLCI 105.182
GOA_ATF 6 2024 CUCI 105.883
GOA_ATF 6 2024 CMedian 105.468
GOA_ATF 6 2024 CMean 105.492
GOA_ATF 6 2025 Cabc 79.182
GOA_ATF 6 2025 Cofl 84.7878
GOA_ATF 6 2025 CLCI 93.41
GOA_ATF 6 2025 CUCI 95.367
GOA_ATF 6 2025 CMedian 94.2294
GOA_ATF 6 2025 CMean 94.2855
GOA_ATF 6 2026 Cabc 79.182
GOA_ATF 6 2026 Cofl 84.7878
GOA_ATF 6 2026 CLCI 80.6679
GOA_ATF 6 2026 CUCI 86.0351
GOA_ATF 6 2026 CMedian 82.8967
GOA_ATF 6 2026 CMean 83.065
GOA_ATF 6 2027 Cabc 79.182
GOA_ATF 6 2027 Cofl 84.7878
GOA_ATF 6 2027 CLCI 66.9031
GOA_ATF 6 2027 CUCI 77.6929
GOA_ATF 6 2027 CMedian 71.2438
GOA_ATF 6 2027 CMean 71.6151
GOA_ATF 6 2028 Cabc 79.182
GOA_ATF 6 2028 Cofl 84.7878
GOA_ATF 6 2028 CLCI 59.392
GOA_ATF 6 2028 CUCI 78.5961
GOA_ATF 6 2028 CMedian 67.0834
GOA_ATF 6 2028 CMean 67.883
GOA_ATF 6 2029 Cabc 79.182
GOA_ATF 6 2029 Cofl 84.7878
GOA_ATF 6 2029 CLCI 57.1777
GOA_ATF 6 2029 CUCI 85.1074
GOA_ATF 6 2029 CMedian 68.3948
GOA_ATF 6 2029 CMean 69.4473
GOA_ATF 6 2030 Cabc 79.182
GOA_ATF 6 2030 Cofl 84.7878
GOA_ATF 6 2030 CLCI 57.7487
GOA_ATF 6 2030 CUCI 91.9632
GOA_ATF 6 2030 CMedian 71.9895
GOA_ATF 6 2030 CMean 73.0654
GOA_ATF 6 2031 Cabc 79.182
GOA_ATF 6 2031 Cofl 84.7878
GOA_ATF 6 2031 CLCI 59.6364
GOA_ATF 6 2031 CUCI 95.882
GOA_ATF 6 2031 CMedian 75.6825
GOA_ATF 6 2031 CMean 76.4645
GOA_ATF 6 2032 Cabc 79.182
GOA_ATF 6 2032 Cofl 84.7878
GOA_ATF 6 2032 CLCI 61.6378
GOA_ATF 6 2032 CUCI 98.2559
GOA_ATF 6 2032 CMedian 77.7042
GOA_ATF 6 2032 CMean 78.7518
GOA_ATF 6 2033 Cabc 79.182
GOA_ATF 6 2033 Cofl 84.7878
GOA_ATF 6 2033 CLCI 62.9771
GOA_ATF 6 2033 CUCI 98.7341
GOA_ATF 6 2033 CMedian 79.4968
GOA_ATF 6 2033 CMean 80.127
GOA_ATF 6 2034 Cabc 79.182
GOA_ATF 6 2034 Cofl 84.7878
GOA_ATF 6 2034 CLCI 63.3804
GOA_ATF 6 2034 CUCI 99.1849
GOA_ATF 6 2034 CMedian 79.8423
GOA_ATF 6 2034 CMean 80.9494
GOA_ATF 6 2021 SSBF100 1018.7
GOA_ATF 6 2021 SSBFabc 407.478
GOA_ATF 6 2021 SSBFofl 356.544
GOA_ATF 6 2021 SSBLCI 717.93
GOA_ATF 6 2021 SSBUCI 717.93
GOA_ATF 6 2021 SSBMedian 717.93
GOA_ATF 6 2021 SSBMean 717.93
GOA_ATF 6 2022 SSBF100 1018.7
GOA_ATF 6 2022 SSBFabc 407.478
GOA_ATF 6 2022 SSBFofl 356.544
GOA_ATF 6 2022 SSBLCI 693.772
GOA_ATF 6 2022 SSBUCI 693.772
GOA_ATF 6 2022 SSBMedian 693.772
GOA_ATF 6 2022 SSBMean 693.772
GOA_ATF 6 2023 SSBF100 1018.7
GOA_ATF 6 2023 SSBFabc 407.478
GOA_ATF 6 2023 SSBFofl 356.544
GOA_ATF 6 2023 SSBLCI 579.639
GOA_ATF 6 2023 SSBUCI 579.68
GOA_ATF 6 2023 SSBMedian 579.654
GOA_ATF 6 2023 SSBMean 579.656
GOA_ATF 6 2024 SSBF100 1018.7
GOA_ATF 6 2024 SSBFabc 407.478
GOA_ATF 6 2024 SSBFofl 356.544
GOA_ATF 6 2024 SSBLCI 499.75
GOA_ATF 6 2024 SSBUCI 499.982
GOA_ATF 6 2024 SSBMedian 499.842
GOA_ATF 6 2024 SSBMean 499.851
GOA_ATF 6 2025 SSBF100 1018.7
GOA_ATF 6 2025 SSBFabc 407.478
GOA_ATF 6 2025 SSBFofl 356.544
GOA_ATF 6 2025 SSBLCI 439.731
GOA_ATF 6 2025 SSBUCI 440.887
GOA_ATF 6 2025 SSBMedian 440.189
GOA_ATF 6 2025 SSBMean 440.238
GOA_ATF 6 2026 SSBF100 1018.7
GOA_ATF 6 2026 SSBFabc 407.478
GOA_ATF 6 2026 SSBFofl 356.544
GOA_ATF 6 2026 SSBLCI 390.174
GOA_ATF 6 2026 SSBUCI 395.234
GOA_ATF 6 2026 SSBMedian 392.172
GOA_ATF 6 2026 SSBMean 392.375
GOA_ATF 6 2027 SSBF100 1018.7
GOA_ATF 6 2027 SSBFabc 407.478
GOA_ATF 6 2027 SSBFofl 356.544
GOA_ATF 6 2027 SSBLCI 350.908
GOA_ATF 6 2027 SSBUCI 368.333
GOA_ATF 6 2027 SSBMedian 358.009
GOA_ATF 6 2027 SSBMean 358.595
GOA_ATF 6 2028 SSBF100 1018.7
GOA_ATF 6 2028 SSBFabc 407.478
GOA_ATF 6 2028 SSBFofl 356.544
GOA_ATF 6 2028 SSBLCI 326.19
GOA_ATF 6 2028 SSBUCI 369.522
GOA_ATF 6 2028 SSBMedian 344.183
GOA_ATF 6 2028 SSBMean 345.58
GOA_ATF 6 2029 SSBF100 1018.7
GOA_ATF 6 2029 SSBFabc 407.478
GOA_ATF 6 2029 SSBFofl 356.544
GOA_ATF 6 2029 SSBLCI 317.434
GOA_ATF 6 2029 SSBUCI 386.193
GOA_ATF 6 2029 SSBMedian 346.094
GOA_ATF 6 2029 SSBMean 348.564
GOA_ATF 6 2030 SSBF100 1018.7
GOA_ATF 6 2030 SSBFabc 407.478
GOA_ATF 6 2030 SSBFofl 356.544
GOA_ATF 6 2030 SSBLCI 318.358
GOA_ATF 6 2030 SSBUCI 400.934
GOA_ATF 6 2030 SSBMedian 355.471
GOA_ATF 6 2030 SSBMean 357.02
GOA_ATF 6 2031 SSBF100 1018.7
GOA_ATF 6 2031 SSBFabc 407.478
GOA_ATF 6 2031 SSBFofl 356.544
GOA_ATF 6 2031 SSBLCI 322.585
GOA_ATF 6 2031 SSBUCI 412.14
GOA_ATF 6 2031 SSBMedian 363.029
GOA_ATF 6 2031 SSBMean 364.765
GOA_ATF 6 2032 SSBF100 1018.7
GOA_ATF 6 2032 SSBFabc 407.478
GOA_ATF 6 2032 SSBFofl 356.544
GOA_ATF 6 2032 SSBLCI 327.195
GOA_ATF 6 2032 SSBUCI 415.922
GOA_ATF 6 2032 SSBMedian 367.739
GOA_ATF 6 2032 SSBMean 370.104
GOA_ATF 6 2033 SSBF100 1018.7
GOA_ATF 6 2033 SSBFabc 407.478
GOA_ATF 6 2033 SSBFofl 356.544
GOA_ATF 6 2033 SSBLCI 330.695
GOA_ATF 6 2033 SSBUCI 421.67
GOA_ATF 6 2033 SSBMedian 371.666
GOA_ATF 6 2033 SSBMean 373.442
GOA_ATF 6 2034 SSBF100 1018.7
GOA_ATF 6 2034 SSBFabc 407.478
GOA_ATF 6 2034 SSBFofl 356.544
GOA_ATF 6 2034 SSBLCI 332.667
GOA_ATF 6 2034 SSBUCI 422.368
GOA_ATF 6 2034 SSBMedian 373.116
GOA_ATF 6 2034 SSBMean 375.547
GOA_ATF 6 2021 F0 0 
GOA_ATF 6 2021 Fabc 0.185494
GOA_ATF 6 2021 Fofl 0.225051
GOA_ATF 6 2021  F_LCI 0.0142925
GOA_ATF 6 2021  F_UCI 0.0142925
GOA_ATF 6 2021  F_Median 0.0142925
GOA_ATF 6 2021  F_Mean 0.0142925
GOA_ATF 6 2022 F0 0 
GOA_ATF 6 2022 Fabc 0.185494
GOA_ATF 6 2022 Fofl 0.225051
GOA_ATF 6 2022  F_LCI 0.225051
GOA_ATF 6 2022  F_UCI 0.225051
GOA_ATF 6 2022  F_Median 0.225051
GOA_ATF 6 2022  F_Mean 0.225051
GOA_ATF 6 2023 F0 0 
GOA_ATF 6 2023 Fabc 0.185494
GOA_ATF 6 2023 Fofl 0.225051
GOA_ATF 6 2023  F_LCI 0.225051
GOA_ATF 6 2023  F_UCI 0.225051
GOA_ATF 6 2023  F_Median 0.225051
GOA_ATF 6 2023  F_Mean 0.225051
GOA_ATF 6 2024 F0 0 
GOA_ATF 6 2024 Fabc 0.185494
GOA_ATF 6 2024 Fofl 0.225051
GOA_ATF 6 2024  F_LCI 0.225051
GOA_ATF 6 2024  F_UCI 0.225051
GOA_ATF 6 2024  F_Median 0.225051
GOA_ATF 6 2024  F_Mean 0.225051
GOA_ATF 6 2025 F0 0 
GOA_ATF 6 2025 Fabc 0.185494
GOA_ATF 6 2025 Fofl 0.225051
GOA_ATF 6 2025  F_LCI 0.225051
GOA_ATF 6 2025  F_UCI 0.225051
GOA_ATF 6 2025  F_Median 0.225051
GOA_ATF 6 2025  F_Mean 0.225051
GOA_ATF 6 2026 F0 0 
GOA_ATF 6 2026 Fabc 0.185494
GOA_ATF 6 2026 Fofl 0.225051
GOA_ATF 6 2026  F_LCI 0.214991
GOA_ATF 6 2026  F_UCI 0.217933
GOA_ATF 6 2026  F_Median 0.216153
GOA_ATF 6 2026  F_Mean 0.21627
GOA_ATF 6 2027 F0 0 
GOA_ATF 6 2027 Fabc 0.185494
GOA_ATF 6 2027 Fofl 0.225051
GOA_ATF 6 2027  F_LCI 0.192163
GOA_ATF 6 2027  F_UCI 0.202293
GOA_ATF 6 2027  F_Median 0.196291
GOA_ATF 6 2027  F_Mean 0.196632
GOA_ATF 6 2028 F0 0 
GOA_ATF 6 2028 Fabc 0.185494
GOA_ATF 6 2028 Fofl 0.225051
GOA_ATF 6 2028  F_LCI 0.177792
GOA_ATF 6 2028  F_UCI 0.202984
GOA_ATF 6 2028  F_Median 0.188253
GOA_ATF 6 2028  F_Mean 0.189053
GOA_ATF 6 2029 F0 0 
GOA_ATF 6 2029 Fabc 0.185494
GOA_ATF 6 2029 Fofl 0.225051
GOA_ATF 6 2029  F_LCI 0.172702
GOA_ATF 6 2029  F_UCI 0.212676
GOA_ATF 6 2029  F_Median 0.189364
GOA_ATF 6 2029  F_Mean 0.190653
GOA_ATF 6 2030 F0 0 
GOA_ATF 6 2030 Fabc 0.185494
GOA_ATF 6 2030 Fofl 0.225051
GOA_ATF 6 2030  F_LCI 0.173239
GOA_ATF 6 2030  F_UCI 0.221246
GOA_ATF 6 2030  F_Median 0.194815
GOA_ATF 6 2030  F_Mean 0.195321
GOA_ATF 6 2031 F0 0 
GOA_ATF 6 2031 Fabc 0.185494
GOA_ATF 6 2031 Fofl 0.225051
GOA_ATF 6 2031  F_LCI 0.175696
GOA_ATF 6 2031  F_UCI 0.225051
GOA_ATF 6 2031  F_Median 0.19921
GOA_ATF 6 2031  F_Mean 0.199573
GOA_ATF 6 2032 F0 0 
GOA_ATF 6 2032 Fabc 0.185494
GOA_ATF 6 2032 Fofl 0.225051
GOA_ATF 6 2032  F_LCI 0.178376
GOA_ATF 6 2032  F_UCI 0.225051
GOA_ATF 6 2032  F_Median 0.201948
GOA_ATF 6 2032  F_Mean 0.202443
GOA_ATF 6 2033 F0 0 
GOA_ATF 6 2033 Fabc 0.185494
GOA_ATF 6 2033 Fofl 0.225051
GOA_ATF 6 2033  F_LCI 0.180411
GOA_ATF 6 2033  F_UCI 0.225051
GOA_ATF 6 2033  F_Median 0.204231
GOA_ATF 6 2033  F_Mean 0.204156
GOA_ATF 6 2034 F0 0 
GOA_ATF 6 2034 Fabc 0.185494
GOA_ATF 6 2034 Fofl 0.225051
GOA_ATF 6 2034  F_LCI 0.181558
GOA_ATF 6 2034  F_UCI 0.225051
GOA_ATF 6 2034  F_Median 0.205074
GOA_ATF 6 2034  F_Mean 0.205221
GOA_ATF 7 2021 Cabc 79.182
GOA_ATF 7 2021 Cofl 84.7878
GOA_ATF 7 2021 CLCI 9.9884
GOA_ATF 7 2021 CUCI 9.9884
GOA_ATF 7 2021 CMedian 9.9884
GOA_ATF 7 2021 CMean 9.9884
GOA_ATF 7 2022 Cabc 79.182
GOA_ATF 7 2022 Cofl 84.7878
GOA_ATF 7 2022 CLCI 119.771
GOA_ATF 7 2022 CUCI 119.81
GOA_ATF 7 2022 CMedian 119.786
GOA_ATF 7 2022 CMean 119.788
GOA_ATF 7 2023 Cabc 79.182
GOA_ATF 7 2023 Cofl 84.7878
GOA_ATF 7 2023 CLCI 104.398
GOA_ATF 7 2023 CUCI 104.57
GOA_ATF 7 2023 CMedian 104.467
GOA_ATF 7 2023 CMean 104.473
GOA_ATF 7 2024 Cabc 79.182
GOA_ATF 7 2024 Cofl 84.7878
GOA_ATF 7 2024 CLCI 111.185
GOA_ATF 7 2024 CUCI 111.886
GOA_ATF 7 2024 CMedian 111.471
GOA_ATF 7 2024 CMean 111.494
GOA_ATF 7 2025 Cabc 79.182
GOA_ATF 7 2025 Cofl 84.7878
GOA_ATF 7 2025 CLCI 97.949
GOA_ATF 7 2025 CUCI 99.9074
GOA_ATF 7 2025 CMedian 98.7691
GOA_ATF 7 2025 CMean 98.8251
GOA_ATF 7 2026 Cabc 79.182
GOA_ATF 7 2026 Cofl 84.7878
GOA_ATF 7 2026 CLCI 87.4826
GOA_ATF 7 2026 CUCI 92.0146
GOA_ATF 7 2026 CMedian 89.3778
GOA_ATF 7 2026 CMean 89.5186
GOA_ATF 7 2027 Cabc 79.182
GOA_ATF 7 2027 Cofl 84.7878
GOA_ATF 7 2027 CLCI 70.4948
GOA_ATF 7 2027 CUCI 81.8436
GOA_ATF 7 2027 CMedian 75.0659
GOA_ATF 7 2027 CMean 75.4575
GOA_ATF 7 2028 Cabc 79.182
GOA_ATF 7 2028 Cofl 84.7878
GOA_ATF 7 2028 CLCI 61.3456
GOA_ATF 7 2028 CUCI 80.9796
GOA_ATF 7 2028 CMedian 69.1839
GOA_ATF 7 2028 CMean 70.0123
GOA_ATF 7 2029 Cabc 79.182
GOA_ATF 7 2029 Cofl 84.7878
GOA_ATF 7 2029 CLCI 58.2494
GOA_ATF 7 2029 CUCI 86.369
GOA_ATF 7 2029 CMedian 69.5556
GOA_ATF 7 2029 CMean 70.5946
GOA_ATF 7 2030 Cabc 79.182
GOA_ATF 7 2030 Cofl 84.7878
GOA_ATF 7 2030 CLCI 58.3152
GOA_ATF 7 2030 CUCI 92.5095
GOA_ATF 7 2030 CMedian 72.5668
GOA_ATF 7 2030 CMean 73.6269
GOA_ATF 7 2031 Cabc 79.182
GOA_ATF 7 2031 Cofl 84.7878
GOA_ATF 7 2031 CLCI 59.9105
GOA_ATF 7 2031 CUCI 96.1005
GOA_ATF 7 2031 CMedian 75.9558
GOA_ATF 7 2031 CMean 76.693
GOA_ATF 7 2032 Cabc 79.182
GOA_ATF 7 2032 Cofl 84.7878
GOA_ATF 7 2032 CLCI 61.7383
GOA_ATF 7 2032 CUCI 98.2553
GOA_ATF 7 2032 CMedian 77.7648
GOA_ATF 7 2032 CMean 78.8128
GOA_ATF 7 2033 Cabc 79.182
GOA_ATF 7 2033 Cofl 84.7878
GOA_ATF 7 2033 CLCI 62.9749
GOA_ATF 7 2033 CUCI 98.696
GOA_ATF 7 2033 CMedian 79.4772
GOA_ATF 7 2033 CMean 80.1146
GOA_ATF 7 2034 Cabc 79.182
GOA_ATF 7 2034 Cofl 84.7878
GOA_ATF 7 2034 CLCI 63.3546
GOA_ATF 7 2034 CUCI 99.1479
GOA_ATF 7 2034 CMedian 79.7944
GOA_ATF 7 2034 CMean 80.9113
GOA_ATF 7 2021 SSBF100 1018.7
GOA_ATF 7 2021 SSBFabc 407.478
GOA_ATF 7 2021 SSBFofl 356.544
GOA_ATF 7 2021 SSBLCI 717.93
GOA_ATF 7 2021 SSBUCI 717.93
GOA_ATF 7 2021 SSBMedian 717.93
GOA_ATF 7 2021 SSBMean 717.93
GOA_ATF 7 2022 SSBF100 1018.7
GOA_ATF 7 2022 SSBFabc 407.478
GOA_ATF 7 2022 SSBFofl 356.544
GOA_ATF 7 2022 SSBLCI 695.761
GOA_ATF 7 2022 SSBUCI 695.761
GOA_ATF 7 2022 SSBMedian 695.761
GOA_ATF 7 2022 SSBMean 695.761
GOA_ATF 7 2023 SSBF100 1018.7
GOA_ATF 7 2023 SSBFabc 407.478
GOA_ATF 7 2023 SSBFofl 356.544
GOA_ATF 7 2023 SSBLCI 600.132
GOA_ATF 7 2023 SSBUCI 600.173
GOA_ATF 7 2023 SSBMedian 600.148
GOA_ATF 7 2023 SSBMean 600.15
GOA_ATF 7 2024 SSBF100 1018.7
GOA_ATF 7 2024 SSBFabc 407.478
GOA_ATF 7 2024 SSBFofl 356.544
GOA_ATF 7 2024 SSBLCI 530.37
GOA_ATF 7 2024 SSBUCI 530.602
GOA_ATF 7 2024 SSBMedian 530.462
GOA_ATF 7 2024 SSBMean 530.471
GOA_ATF 7 2025 SSBF100 1018.7
GOA_ATF 7 2025 SSBFabc 407.478
GOA_ATF 7 2025 SSBFofl 356.544
GOA_ATF 7 2025 SSBLCI 463.15
GOA_ATF 7 2025 SSBUCI 464.307
GOA_ATF 7 2025 SSBMedian 463.609
GOA_ATF 7 2025 SSBMean 463.658
GOA_ATF 7 2026 SSBF100 1018.7
GOA_ATF 7 2026 SSBFabc 407.478
GOA_ATF 7 2026 SSBFofl 356.544
GOA_ATF 7 2026 SSBLCI 407.471
GOA_ATF 7 2026 SSBUCI 412.614
GOA_ATF 7 2026 SSBMedian 409.502
GOA_ATF 7 2026 SSBMean 409.708
GOA_ATF 7 2027 SSBF100 1018.7
GOA_ATF 7 2027 SSBFabc 407.478
GOA_ATF 7 2027 SSBFofl 356.544
GOA_ATF 7 2027 SSBLCI 361.04
GOA_ATF 7 2027 SSBUCI 379.216
GOA_ATF 7 2027 SSBMedian 368.428
GOA_ATF 7 2027 SSBMean 369.056
GOA_ATF 7 2028 SSBF100 1018.7
GOA_ATF 7 2028 SSBFabc 407.478
GOA_ATF 7 2028 SSBFofl 356.544
GOA_ATF 7 2028 SSBLCI 332.165
GOA_ATF 7 2028 SSBUCI 375.826
GOA_ATF 7 2028 SSBMedian 350.285
GOA_ATF 7 2028 SSBMean 351.695
GOA_ATF 7 2029 SSBF100 1018.7
GOA_ATF 7 2029 SSBFabc 407.478
GOA_ATF 7 2029 SSBFofl 356.544
GOA_ATF 7 2029 SSBLCI 320.927
GOA_ATF 7 2029 SSBUCI 389.601
GOA_ATF 7 2029 SSBMedian 349.529
GOA_ATF 7 2029 SSBMean 351.995
GOA_ATF 7 2030 SSBF100 1018.7
GOA_ATF 7 2030 SSBFabc 407.478
GOA_ATF 7 2030 SSBFofl 356.544
GOA_ATF 7 2030 SSBLCI 320.25
GOA_ATF 7 2030 SSBUCI 402.573
GOA_ATF 7 2030 SSBMedian 357.262
GOA_ATF 7 2030 SSBMean 358.804
GOA_ATF 7 2031 SSBF100 1018.7
GOA_ATF 7 2031 SSBFabc 407.478
GOA_ATF 7 2031 SSBFofl 356.544
GOA_ATF 7 2031 SSBLCI 323.549
GOA_ATF 7 2031 SSBUCI 413.008
GOA_ATF 7 2031 SSBMedian 363.909
GOA_ATF 7 2031 SSBMean 365.598
GOA_ATF 7 2032 SSBF100 1018.7
GOA_ATF 7 2032 SSBFabc 407.478
GOA_ATF 7 2032 SSBFofl 356.544
GOA_ATF 7 2032 SSBLCI 327.606
GOA_ATF 7 2032 SSBUCI 416.19
GOA_ATF 7 2032 SSBMedian 368.078
GOA_ATF 7 2032 SSBMean 370.43
GOA_ATF 7 2033 SSBF100 1018.7
GOA_ATF 7 2033 SSBFabc 407.478
GOA_ATF 7 2033 SSBFofl 356.544
GOA_ATF 7 2033 SSBLCI 330.835
GOA_ATF 7 2033 SSBUCI 422.127
GOA_ATF 7 2033 SSBMedian 371.754
GOA_ATF 7 2033 SSBMean 373.52
GOA_ATF 7 2034 SSBF100 1018.7
GOA_ATF 7 2034 SSBFabc 407.478
GOA_ATF 7 2034 SSBFofl 356.544
GOA_ATF 7 2034 SSBLCI 332.66
GOA_ATF 7 2034 SSBUCI 422.306
GOA_ATF 7 2034 SSBMedian 373.079
GOA_ATF 7 2034 SSBMean 375.515
GOA_ATF 7 2021 F0 0 
GOA_ATF 7 2021 Fabc 0.185494
GOA_ATF 7 2021 Fofl 0.225051
GOA_ATF 7 2021  F_LCI 0.0142925
GOA_ATF 7 2021  F_UCI 0.0142925
GOA_ATF 7 2021  F_Median 0.0142925
GOA_ATF 7 2021  F_Mean 0.0142925
GOA_ATF 7 2022 F0 0 
GOA_ATF 7 2022 Fabc 0.185494
GOA_ATF 7 2022 Fofl 0.225051
GOA_ATF 7 2022  F_LCI 0.185493
GOA_ATF 7 2022  F_UCI 0.185493
GOA_ATF 7 2022  F_Median 0.185493
GOA_ATF 7 2022  F_Mean 0.185493
GOA_ATF 7 2023 F0 0 
GOA_ATF 7 2023 Fabc 0.185494
GOA_ATF 7 2023 Fofl 0.225051
GOA_ATF 7 2023  F_LCI 0.185493
GOA_ATF 7 2023  F_UCI 0.185493
GOA_ATF 7 2023  F_Median 0.185493
GOA_ATF 7 2023  F_Mean 0.185493
GOA_ATF 7 2024 F0 0 
GOA_ATF 7 2024 Fabc 0.185494
GOA_ATF 7 2024 Fofl 0.225051
GOA_ATF 7 2024  F_LCI 0.225051
GOA_ATF 7 2024  F_UCI 0.225051
GOA_ATF 7 2024  F_Median 0.225051
GOA_ATF 7 2024  F_Mean 0.225051
GOA_ATF 7 2025 F0 0 
GOA_ATF 7 2025 Fabc 0.185494
GOA_ATF 7 2025 Fofl 0.225051
GOA_ATF 7 2025  F_LCI 0.225051
GOA_ATF 7 2025  F_UCI 0.225051
GOA_ATF 7 2025  F_Median 0.225051
GOA_ATF 7 2025  F_Mean 0.225051
GOA_ATF 7 2026 F0 0 
GOA_ATF 7 2026 Fabc 0.185494
GOA_ATF 7 2026 Fofl 0.225051
GOA_ATF 7 2026  F_LCI 0.225047
GOA_ATF 7 2026  F_UCI 0.225051
GOA_ATF 7 2026  F_Median 0.225051
GOA_ATF 7 2026  F_Mean 0.225042
GOA_ATF 7 2027 F0 0 
GOA_ATF 7 2027 Fabc 0.185494
GOA_ATF 7 2027 Fofl 0.225051
GOA_ATF 7 2027  F_LCI 0.198053
GOA_ATF 7 2027  F_UCI 0.20862
GOA_ATF 7 2027  F_Median 0.202348
GOA_ATF 7 2027  F_Mean 0.202714
GOA_ATF 7 2028 F0 0 
GOA_ATF 7 2028 Fabc 0.185494
GOA_ATF 7 2028 Fofl 0.225051
GOA_ATF 7 2028  F_LCI 0.181266
GOA_ATF 7 2028  F_UCI 0.206649
GOA_ATF 7 2028  F_Median 0.1918
GOA_ATF 7 2028  F_Mean 0.192603
GOA_ATF 7 2029 F0 0 
GOA_ATF 7 2029 Fabc 0.185494
GOA_ATF 7 2029 Fofl 0.225051
GOA_ATF 7 2029  F_LCI 0.174732
GOA_ATF 7 2029  F_UCI 0.214658
GOA_ATF 7 2029  F_Median 0.191361
GOA_ATF 7 2029  F_Mean 0.192617
GOA_ATF 7 2030 F0 0 
GOA_ATF 7 2030 Fabc 0.185494
GOA_ATF 7 2030 Fofl 0.225051
GOA_ATF 7 2030  F_LCI 0.174339
GOA_ATF 7 2030  F_UCI 0.222199
GOA_ATF 7 2030  F_Median 0.195857
GOA_ATF 7 2030  F_Mean 0.196318
GOA_ATF 7 2031 F0 0 
GOA_ATF 7 2031 Fabc 0.185494
GOA_ATF 7 2031 Fofl 0.225051
GOA_ATF 7 2031  F_LCI 0.176257
GOA_ATF 7 2031  F_UCI 0.225051
GOA_ATF 7 2031  F_Median 0.199721
GOA_ATF 7 2031  F_Mean 0.200023
GOA_ATF 7 2032 F0 0 
GOA_ATF 7 2032 Fabc 0.185494
GOA_ATF 7 2032 Fofl 0.225051
GOA_ATF 7 2032  F_LCI 0.178616
GOA_ATF 7 2032  F_UCI 0.225051
GOA_ATF 7 2032  F_Median 0.202145
GOA_ATF 7 2032  F_Mean 0.202614
GOA_ATF 7 2033 F0 0 
GOA_ATF 7 2033 Fabc 0.185494
GOA_ATF 7 2033 Fofl 0.225051
GOA_ATF 7 2033  F_LCI 0.180493
GOA_ATF 7 2033  F_UCI 0.225051
GOA_ATF 7 2033  F_Median 0.204282
GOA_ATF 7 2033  F_Mean 0.204195
GOA_ATF 7 2034 F0 0 
GOA_ATF 7 2034 Fabc 0.185494
GOA_ATF 7 2034 Fofl 0.225051
GOA_ATF 7 2034  F_LCI 0.181554
GOA_ATF 7 2034  F_UCI 0.225051
GOA_ATF 7 2034  F_Median 0.205052
GOA_ATF 7 2034  F_Mean 0.205204
