First year:	2021
First year, and number of years catch is pre-specified. 2021 5
data/atf.dat
 1
 1000
Observed Catch 
 2021 9988.41
 2022 11634.7
 2023 9685.43
 2024 17561
 2025 15504
ABC:  0.4
 0.35
nages: 21
Mature:   0 0.001 0.004 0.016 0.062 0.209 0.513 0.808 0.944 0.985 0.996 0.999 1 1 1 1 1 1 1 1 1
N:  218000 274429 188694 238342 142786 106344 75126.2 68249.7 66940.5 52680.1 35149.1 21857.8 17822.6 19035.3 15893.2 17354 14848.7 11723.3 8976.02 7883.65 36956.9
nrec: 38
Rec:  582420 641294 691228 636377 546061 527673 596935 813742 1.18742e+06 1.15262e+06 1.10425e+06 1.12474e+06 1.05527e+06 905194 964108 930370 743926 734373 787373 765886 930621 1.2036e+06 1.30313e+06 1.6563e+06 1.0816e+06 972889 888224 929771 943977 883212 646418 618376 462040 451673 578286 689424 698451 571099
SSB:  507485 724860 718291 711867 704909 696755 689392 686996 687252 693367 700724 704607 703325 707227 728190 765076 807847 849487 890076 920516 945287 958265 969222 973447 966484 950339 941897 943549 956312 1.00036e+06 1.05013e+06 1.08424e+06 1.09952e+06 1.09564e+06 1.08759e+06 1.07631e+06 1.05299e+06 1.02716e+06
GOA_ATF
M_Female: GOA_ATF  0.2 0.2 0.2 0.2 0.2 0.2 0.2 0.2 0.2 0.2 0.2 0.2 0.2 0.2 0.2 0.2 0.2 0.2 0.2 0.2 0.2
M_Male:   GOA_ATF  0.35 0.35 0.35 0.35 0.35 0.35 0.35 0.35 0.35 0.35 0.35 0.35 0.35 0.35 0.35 0.35 0.35 0.35 0.35 0.35 0.35
1 GOA_ATF 9.98841
2 GOA_ATF 11.6347
3 GOA_ATF 9.68543
4 GOA_ATF 17.561
5 GOA_ATF 15.504
 582.42 641.294 691.228 636.377 546.061 527.673 596.935 813.742 1187.42 1152.62 1104.25 1124.74 1055.27 905.194 964.108 930.37 743.926 734.373 787.373 765.886 930.621 1203.6 1303.13 1656.3 1081.6 972.889 888.224 929.771 943.977 883.212 646.418 618.376 462.04 451.673 578.286 689.424 698.451 571.099
Mean Catch
9.98841
R_guess 
5.49902
SSB, Biomass at unfished: 
 1018.7
 3532.93
1 SPR F35 = 0.225051 GOA_ATF
Year 2034 Sim: 250 Alternative 1
Year 2034 Sim: 500 Alternative 1
Year 2034 Sim: 750 Alternative 1
Year 2034 Sim: 1000 Alternative 1
Year 2034 Sim: 250 Alternative 2
Year 2034 Sim: 500 Alternative 2
Year 2034 Sim: 750 Alternative 2
Year 2034 Sim: 1000 Alternative 2
Year 2034 Sim: 250 Alternative 3
Year 2034 Sim: 500 Alternative 3
Year 2034 Sim: 750 Alternative 3
Year 2034 Sim: 1000 Alternative 3
Year 2034 Sim: 250 Alternative 4
Year 2034 Sim: 500 Alternative 4
Year 2034 Sim: 750 Alternative 4
Year 2034 Sim: 1000 Alternative 4
Year 2034 Sim: 250 Alternative 5
Year 2034 Sim: 500 Alternative 5
Year 2034 Sim: 750 Alternative 5
Year 2034 Sim: 1000 Alternative 5
Year 2034 Sim: 250 Alternative 6
Year 2034 Sim: 500 Alternative 6
Year 2034 Sim: 750 Alternative 6
Year 2034 Sim: 1000 Alternative 6
Year 2034 Sim: 250 Alternative 7
Year 2034 Sim: 500 Alternative 7
Year 2034 Sim: 750 Alternative 7
Year 2034 Sim: 1000 Alternative 7
Finished simulations using standard (avg, var) stochastic approach
