Alternative 1 Catch
     GOA_ATF 
Equil_Fabc 79.182 
Year 
2021 9.9884 
2022 11.6347 
2023 9.68543 
2024 119.16 
2025 105.203 
2026 94.2991 
2027 86.0947 
2028 80.7967 
2029 77.3204 
2030 75.8764 
2031 75.9181 
2032 76.2715 
2033 76.6795 
2034 77.0067 

Alternative 1 ABCs
     GOA_ATF 

Year 
2021  NA 
2022  NA 
2023  NA 
2024 119.16 
2025 105.203 
2026 94.2991 
2027 86.0947 
2028 80.7967 
2029 77.3204 
2030 75.8764 
2031 75.9181 
2032 76.2715 
2033 76.6795 
2034 77.0067 

Alternative 1 TACs
     GOA_ATF 

Year 
2021  NA 
2022  NA 
2023  NA 
2024 119.16 
2025 105.203 
2026 94.2991 
2027 86.0947 
2028 80.7967 
2029 77.3204 
2030 75.8764 
2031 75.9181 
2032 76.2715 
2033 76.6795 
2034 77.0067 

Alternative 1 Sp_Biomass
     GOA_ATF 
Equil_Fabc 407.478 
Year 
2021 717.93 
2022 704.306 
2023 696.82 
2024 690.362 
2025 604.106 
2026 531.595 
2027 473.511 
2028 435.896 
2029 417.991 
2030 411.582 
2031 410.058 
2032 410.057 
2033 410.528 
2034 411.18 

Alternative 1 Fishing Mortality
     GOA_ATF 
Equil_Fabc 0.185494 
Year 
2021 0.0142925 
2022 0.0168497 
2023 0.0141191 
2024 0.185494 
2025 0.185494 
2026 0.185494 
2027 0.185494 
2028 0.185488 
2029 0.183049 
2030 0.180561 
2031 0.17972 
2032 0.179563 
2033 0.179731 
2034 0.179917 

Alternative 1 Biomass
     GOA_ATF 

Year 
2021 1267.24 
2022 1268.36 
2023 1276.46 
2024 1294.75 
2025 1209.11 
2026 1151.59 
2027 1115.55 
2028 1095.42 
2029 1085.57 
2030 1082.83 
2031 1083.34 
2032 1084.83 
2033 1084.99 
2034 1085.35 

Alternative 1 Implied SPR rate 
     GOA_ATF 
Equil_Fabc 0.4 
Year 
2021 0.90864 
2022 0.893744 
2023 0.909665 
2024 0.4 
2025 0.4 
2026 0.4 
2027 0.4 
2028 0.400008 
2029 0.403598 
2030 0.407376 
2031 0.408691 
2032 0.408949 
2033 0.408698 
2034 0.408402 

  GOA_ATF 
EquilAvgAgeF0  5.43393 
EquilAvgAgeFabc  4.16805 
AvgAgeYr2034 4.19911 
Alternative 2 Catch
     GOA_ATF 
Equil_Fabc 79.182 
Year 
2021 9.9884 
2022 11.6347 
2023 9.68543 
2024 119.16 
2025 105.203 
2026 94.2991 
2027 86.0947 
2028 80.7967 
2029 77.3204 
2030 75.8764 
2031 75.9181 
2032 76.2715 
2033 76.6795 
2034 77.0067 

Alternative 2 ABCs
     GOA_ATF 

Year 
2021  NA 
2022  NA 
2023  NA 
2024 119.16 
2025 105.203 
2026 94.2991 
2027 86.0947 
2028 80.7967 
2029 77.3204 
2030 75.8764 
2031 75.9181 
2032 76.2715 
2033 76.6795 
2034 77.0067 

Alternative 2 TACs
     GOA_ATF 

Year 
2021  NA 
2022  NA 
2023  NA 
2024 119.16 
2025 105.203 
2026 94.2991 
2027 86.0947 
2028 80.7967 
2029 77.3204 
2030 75.8764 
2031 75.9181 
2032 76.2715 
2033 76.6795 
2034 77.0067 

Alternative 2 Sp_Biomass
     GOA_ATF 
Equil_Fabc 407.478 
Year 
2021 717.93 
2022 704.306 
2023 696.82 
2024 690.362 
2025 604.106 
2026 531.595 
2027 473.511 
2028 435.896 
2029 417.991 
2030 411.582 
2031 410.058 
2032 410.057 
2033 410.528 
2034 411.18 

Alternative 2 Fishing Mortality
     GOA_ATF 
Equil_Fabc 0.185494 
Year 
2021 0.0142925 
2022 0.0168497 
2023 0.0141191 
2024 0.185494 
2025 0.185494 
2026 0.185494 
2027 0.185494 
2028 0.185488 
2029 0.183049 
2030 0.180561 
2031 0.17972 
2032 0.179563 
2033 0.179731 
2034 0.179917 

Alternative 2 Biomass
     GOA_ATF 

Year 
2021 1267.24 
2022 1268.36 
2023 1276.46 
2024 1294.75 
2025 1209.11 
2026 1151.59 
2027 1115.55 
2028 1095.42 
2029 1085.57 
2030 1082.83 
2031 1083.34 
2032 1084.83 
2033 1084.99 
2034 1085.35 

Alternative 2 Implied SPR rate 
     GOA_ATF 
Equil_Fabc 0.4 
Year 
2021 0.90864 
2022 0.893744 
2023 0.909665 
2024 0.4 
2025 0.4 
2026 0.4 
2027 0.4 
2028 0.400008 
2029 0.403598 
2030 0.407376 
2031 0.408691 
2032 0.408949 
2033 0.408698 
2034 0.408402 

  GOA_ATF 
EquilAvgAgeF0  5.43393 
EquilAvgAgeFabc  4.16805 
AvgAgeYr2034 4.19911 
Alternative 3 Catch
     GOA_ATF 
Equil_Fabc 79.182 
Year 
2021 9.9884 
2022 11.6347 
2023 9.68543 
2024 61.7801 
2025 58.5258 
2026 55.8084 
2027 53.5971 
2028 52.1985 
2029 51.7689 
2030 52.1406 
2031 52.863 
2032 53.5365 
2033 54.104 
2034 54.5601 

Alternative 3 ABCs
     GOA_ATF 

Year 
2021  NA 
2022  NA 
2023  NA 
2024 61.7801 
2025 58.5258 
2026 55.8084 
2027 53.5971 
2028 52.1985 
2029 51.7689 
2030 52.1406 
2031 52.863 
2032 53.5365 
2033 54.104 
2034 54.5601 

Alternative 3 TACs
     GOA_ATF 

Year 
2021  NA 
2022  NA 
2023  NA 
2024 61.7801 
2025 58.5258 
2026 55.8084 
2027 53.5971 
2028 52.1985 
2029 51.7689 
2030 52.1406 
2031 52.863 
2032 53.5365 
2033 54.104 
2034 54.5601 

Alternative 3 Sp_Biomass
     GOA_ATF 
Equil_Fabc 407.478 
Year 
2021 717.93 
2022 704.306 
2023 696.82 
2024 694.955 
2025 654.992 
2026 616.677 
2027 582.652 
2028 561.351 
2029 554.718 
2030 556.25 
2031 560.763 
2032 565.811 
2033 570.564 
2034 574.826 

Alternative 3 Fishing Mortality
     GOA_ATF 
Equil_Fabc 0.185494 
Year 
2021 0.0142925 
2022 0.0168497 
2023 0.0141191 
2024 0.0927468 
2025 0.0927468 
2026 0.0927468 
2027 0.0927468 
2028 0.0927468 
2029 0.0927468 
2030 0.0927468 
2031 0.0927468 
2032 0.0927468 
2033 0.0927468 
2034 0.0927468 

Alternative 3 Biomass
     GOA_ATF 

Year 
2021 1267.24 
2022 1268.36 
2023 1276.46 
2024 1294.75 
2025 1266.74 
2026 1250.45 
2027 1243.16 
2028 1242.84 
2029 1246.83 
2030 1253.56 
2031 1260.95 
2032 1268.08 
2033 1273.01 
2034 1277.4 

Alternative 3 Implied SPR rate 
     GOA_ATF 
Equil_Fabc 0.4 
Year 
2021 0.90864 
2022 0.893744 
2023 0.909665 
2024 0.586608 
2025 0.586608 
2026 0.586608 
2027 0.586608 
2028 0.586608 
2029 0.586608 
2030 0.586608 
2031 0.586608 
2032 0.586608 
2033 0.586608 
2034 0.586608 

  GOA_ATF 
EquilAvgAgeF0  5.43393 
EquilAvgAgeFabc  4.16805 
AvgAgeYr2034 4.58392 
Alternative 4 Catch
     GOA_ATF 
Equil_Fabc 79.182 
Year 
2021 9.9884 
2022 11.6347 
2023 9.68543 
2024 19.0865 
2025 19.0057 
2026 18.956 
2027 18.921 
2028 19.0048 
2029 19.2901 
2030 19.7692 
2031 20.3314 
2032 20.8484 
2033 21.2992 
2034 21.6794 

Alternative 4 ABCs
     GOA_ATF 

Year 
2021  NA 
2022  NA 
2023  NA 
2024 19.0865 
2025 19.0057 
2026 18.956 
2027 18.921 
2028 19.0048 
2029 19.2901 
2030 19.7692 
2031 20.3314 
2032 20.8484 
2033 21.2992 
2034 21.6794 

Alternative 4 TACs
     GOA_ATF 

Year 
2021  NA 
2022  NA 
2023  NA 
2024 19.0865 
2025 19.0057 
2026 18.956 
2027 18.921 
2028 19.0048 
2029 19.2901 
2030 19.7692 
2031 20.3314 
2032 20.8484 
2033 21.2992 
2034 21.6794 

Alternative 4 Sp_Biomass
     GOA_ATF 
Equil_Fabc 407.478 
Year 
2021 717.93 
2022 704.306 
2023 696.82 
2024 698.184 
2025 693.279 
2026 685.011 
2027 675.965 
2028 675.089 
2029 685.42 
2030 701.674 
2031 719.467 
2032 736.641 
2033 752.307 
2034 766.185 

Alternative 4 Fishing Mortality
     GOA_ATF 
Equil_Fabc 0.185494 
Year 
2021 0.0142925 
2022 0.0168497 
2023 0.0141191 
2024 0.0279263 
2025 0.0279263 
2026 0.0279263 
2027 0.0279263 
2028 0.0279263 
2029 0.0279263 
2030 0.0279263 
2031 0.0279263 
2032 0.0279263 
2033 0.0279263 
2034 0.0279263 

Alternative 4 Biomass
     GOA_ATF 

Year 
2021 1267.24 
2022 1268.36 
2023 1276.46 
2024 1294.75 
2025 1309.69 
2026 1328.85 
2027 1350.49 
2028 1373.8 
2029 1397.21 
2030 1420.5 
2031 1442.62 
2032 1463.06 
2033 1479.89 
2034 1494.69 

Alternative 4 Implied SPR rate 
     GOA_ATF 
Equil_Fabc 0.4 
Year 
2021 0.90864 
2022 0.893744 
2023 0.909665 
2024 0.833666 
2025 0.833666 
2026 0.833666 
2027 0.833666 
2028 0.833666 
2029 0.833666 
2030 0.833666 
2031 0.833666 
2032 0.833666 
2033 0.833666 
2034 0.833666 

  GOA_ATF 
EquilAvgAgeF0  5.43393 
EquilAvgAgeFabc  4.16805 
AvgAgeYr2034 4.99927 
Alternative 5 Catch
     GOA_ATF 
Equil_Fabc 79.182 
Year 
2021 9.9884 
2022 11.6347 
2023 9.68543 
2024  NA 
2025  NA 
2026  NA 
2027  NA 
2028  NA 
2029  NA 
2030  NA 
2031  NA 
2032  NA 
2033  NA 
2034  NA 

Alternative 5 ABCs
     GOA_ATF 

Year 
2021  NA 
2022  NA 
2023  NA 
2024  NA 
2025  NA 
2026  NA 
2027  NA 
2028  NA 
2029  NA 
2030  NA 
2031  NA 
2032  NA 
2033  NA 
2034  NA 

Alternative 5 TACs
     GOA_ATF 

Year 
2021  NA 
2022  NA 
2023  NA 
2024  NA 
2025  NA 
2026  NA 
2027  NA 
2028  NA 
2029  NA 
2030  NA 
2031  NA 
2032  NA 
2033  NA 
2034  NA 

Alternative 5 Sp_Biomass
     GOA_ATF 
Equil_Fabc 407.478 
Year 
2021 717.93 
2022 704.306 
2023 696.82 
2024 699.58 
2025 710.507 
2026 716.969 
2027 721.26 
2028 732.281 
2029 753.298 
2030 779.401 
2031 806.483 
2032 832.461 
2033 856.353 
2034 877.764 

Alternative 5 Fishing Mortality
     GOA_ATF 
Equil_Fabc 0.185494 
Year 
2021 0.0142925 
2022 0.0168497 
2023 0.0141191 
2024  NA 
2025  NA 
2026  NA 
2027  NA 
2028  NA 
2029  NA 
2030  NA 
2031  NA 
2032  NA 
2033  NA 
2034  NA 

Alternative 5 Biomass
     GOA_ATF 

Year 
2021 1267.24 
2022 1268.36 
2023 1276.46 
2024 1294.75 
2025 1328.91 
2026 1365.24 
2027 1402.13 
2028 1438.93 
2029 1474.32 
2030 1508.47 
2031 1540.71 
2032 1570.68 
2033 1596.33 
2034 1619.18 

Alternative 5 Implied SPR rate 
     GOA_ATF 
Equil_Fabc 0.4 
Year 
2021 0.90864 
2022 0.893744 
2023 0.909665 
2024 1 
2025 1 
2026 1 
2027 1 
2028 1 
2029 1 
2030 1 
2031 1 
2032 1 
2033 1 
2034 1 

  GOA_ATF 
EquilAvgAgeF0  5.43393 
EquilAvgAgeFabc  4.16805 
AvgAgeYr2034 5.22733 
Alternative 6 Catch
     GOA_ATF 
Equil_Fabc 79.182 
Year 
2021 9.9884 
2022 143.11 
2023 121.156 
2024 105.492 
2025 94.2856 
2026 83.065 
2027 71.615 
2028 67.883 
2029 69.4472 
2030 73.0654 
2031 76.4645 
2032 78.7518 
2033 80.127 
2034 80.9494 

Alternative 6 ABCs
     GOA_ATF 

Year 
2021 144.635 
2022 143.11 
2023 121.156 
2024 105.492 
2025 94.2856 
2026 83.065 
2027 71.615 
2028 67.883 
2029 69.4472 
2030 73.0654 
2031 76.4645 
2032 78.7518 
2033 80.127 
2034 80.9494 

Alternative 6 TACs
     GOA_ATF 

Year 
2021  NA 
2022 143.11 
2023 121.156 
2024 105.492 
2025 94.2856 
2026 83.065 
2027 71.615 
2028 67.883 
2029 69.4472 
2030 73.0654 
2031 76.4645 
2032 78.7518 
2033 80.127 
2034 80.9494 

Alternative 6 Sp_Biomass
     GOA_ATF 
Equil_Fabc 407.478 
Year 
2021 717.93 
2022 693.772 
2023 579.656 
2024 499.851 
2025 440.238 
2026 392.375 
2027 358.595 
2028 345.58 
2029 348.564 
2030 357.02 
2031 364.765 
2032 370.104 
2033 373.442 
2034 375.547 

Alternative 6 Fishing Mortality
     GOA_ATF 
Equil_Fabc 0.185494 
Year 
2021 0.0142925 
2022 0.225051 
2023 0.225051 
2024 0.225051 
2025 0.225051 
2026 0.21627 
2027 0.196631 
2028 0.189053 
2029 0.190653 
2030 0.195321 
2031 0.199573 
2032 0.202443 
2033 0.204156 
2034 0.205221 

Alternative 6 Biomass
     GOA_ATF 

Year 
2021 1267.24 
2022 1268.36 
2023 1144.77 
2024 1064.55 
2025 1016.34 
2026 990.351 
2027 983.361 
2028 992.702 
2029 1007.83 
2030 1022.27 
2031 1032.75 
2032 1039.44 
2033 1042.03 
2034 1043.39 

Alternative 6 Implied SPR rate 
     GOA_ATF 
Equil_Fabc 0.4 
Year 
2021 0.90864 
2022 0.35 
2023 0.35 
2024 0.35 
2025 0.35 
2026 0.360089 
2027 0.384709 
2028 0.395254 
2029 0.393413 
2030 0.387276 
2031 0.381683 
2032 0.377928 
2033 0.375678 
2034 0.374282 

  GOA_ATF 
EquilAvgAgeF0  5.43393 
EquilAvgAgeFabc  4.16805 
AvgAgeYr2034 4.11297 
Alternative 7 Catch
     GOA_ATF 
Equil_Fabc 79.182 
Year 
2021 9.9884 
2022 119.788 
2023 104.473 
2024 111.494 
2025 98.8251 
2026 89.5186 
2027 75.4574 
2028 70.0123 
2029 70.5946 
2030 73.6269 
2031 76.693 
2032 78.8128 
2033 80.1146 
2034 80.9113 

Alternative 7 ABCs
     GOA_ATF 

Year 
2021 144.635 
2022 143.11 
2023 124.85 
2024 111.494 
2025 98.8251 
2026 89.5186 
2027 75.4574 
2028 70.0123 
2029 70.5946 
2030 73.6269 
2031 76.693 
2032 78.8128 
2033 80.1146 
2034 80.9113 

Alternative 7 TACs
     GOA_ATF 

Year 
2021  NA 
2022 143.11 
2023 124.85 
2024 111.494 
2025 98.8251 
2026 89.5186 
2027 75.4574 
2028 70.0123 
2029 70.5946 
2030 73.6269 
2031 76.693 
2032 78.8128 
2033 80.1146 
2034 80.9113 

Alternative 7 Sp_Biomass
     GOA_ATF 
Equil_Fabc 407.478 
Year 
2021 717.93 
2022 695.761 
2023 600.15 
2024 530.471 
2025 463.658 
2026 409.708 
2027 369.056 
2028 351.695 
2029 351.995 
2030 358.804 
2031 365.598 
2032 370.43 
2033 373.52 
2034 375.515 

Alternative 7 Fishing Mortality
     GOA_ATF 
Equil_Fabc 0.185494 
Year 
2021 0.0142925 
2022 0.185493 
2023 0.185493 
2024 0.225051 
2025 0.225051 
2026 0.225042 
2027 0.202714 
2028 0.192603 
2029 0.192617 
2030 0.196318 
2031 0.200023 
2032 0.202614 
2033 0.204195 
2034 0.205204 

Alternative 7 Biomass
     GOA_ATF 

Year 
2021 1267.24 
2022 1268.36 
2023 1168.09 
2024 1102.27 
2025 1044.2 
2026 1010.68 
2027 994.866 
2028 998.854 
2029 1010.91 
2030 1023.62 
2031 1033.21 
2032 1039.49 
2033 1041.92 
2034 1043.24 

Alternative 7 Implied SPR rate 
     GOA_ATF 
Equil_Fabc 0.4 
Year 
2021 0.90864 
2022 0.4 
2023 0.4 
2024 0.35 
2025 0.35 
2026 0.35001 
2027 0.376779 
2028 0.390355 
2029 0.3907 
2030 0.385922 
2031 0.381082 
2032 0.377703 
2033 0.375627 
2034 0.374304 

  GOA_ATF 
EquilAvgAgeF0  5.43393 
EquilAvgAgeFabc  4.16805 
AvgAgeYr2034 4.11272 
