
SB0 SB40 SB35 MeanRec HarMeanRec Bnow
1018.7 407.478 356.544 842.114 769.195 730.752 
CV Recruit
0.307895 
Alternative 1 Alternative  Stock: GOA_ATF
Catch GOA_ATF
Year C0 Cabc Cofl LowCI_Catch Median_Catch Mean_Catch UpperCI_Catch Stdev_Catch 
2021  0 79.182 84.7878 9.9884 9.9884 9.9884 9.9884 5.68434e-14 
2022  0 79.182 84.7878 11.6347 11.6347 11.6347 11.6347 2.03829e-09 
2023  0 79.182 84.7878 9.68543 9.68543 9.68543 9.68543 7.09557e-09 
2024  0 79.182 84.7878 118.903 119.141 119.16 119.486 0.184962 
2025  0 79.182 84.7878 104.476 105.158 105.203 106.102 0.514403 
2026  0 79.182 84.7878 92.6128 94.1791 94.2991 96.3746 1.18509 
2027  0 79.182 84.7878 82.8943 85.8488 86.0947 89.9936 2.26006 
2028  0 79.182 84.7878 75.71 80.4316 80.7967 87.0211 3.64519 
2029  0 79.182 84.7878 66.8606 77.8094 77.3204 86.7159 6.22233 
2030  0 79.182 84.7878 62.4419 76.8123 75.8764 88.0658 8.09674 
2031  0 79.182 84.7878 61.2341 77.0572 75.9181 89.3836 8.85878 
2032  0 79.182 84.7878 60.8162 77.2217 76.2715 90.2312 9.05114 
2033  0 79.182 84.7878 61.3346 77.5922 76.6795 90.6967 9.02422 
2034  0 79.182 84.7878 61.2636 77.7357 77.0067 90.6323 8.94206 

Spawning_Biomass GOA_ATF
Year SSB100 SSBabc SSBofl LowCI_SSB Median_SSB Mean_SSB UpperCI_SSB Stdev_SSB 
2021 1018.7 407.478 356.544 717.93 717.93 717.93 717.93 6.70752e-12 
2022 1018.7 407.478 356.544 704.306 704.306 704.306 704.306 8.5163e-05 
2023 1018.7 407.478 356.544 696.801 696.818 696.82 696.846 0.0145027 
2024 1018.7 407.478 356.544 690.255 690.352 690.362 690.501 0.0788814 
2025 1018.7 407.478 356.544 603.592 604.057 604.106 604.764 0.373211 
2026 1018.7 407.478 356.544 529.337 531.388 531.595 534.528 1.63833 
2027 1018.7 407.478 356.544 465.269 472.868 473.511 483.932 5.92457 
2028 1018.7 407.478 356.544 414.599 434.426 435.896 462.362 15.11 
2029 1018.7 407.478 356.544 382.194 414.903 417.991 462.231 25.2884 
2030 1018.7 407.478 356.544 368.056 408.189 411.582 463.362 31.3864 
2031 1018.7 407.478 356.544 361.488 406.196 410.058 469.329 33.7376 
2032 1018.7 407.478 356.544 359.715 406.148 410.057 471.302 34.42 
2033 1018.7 407.478 356.544 360.02 406.614 410.528 474.441 34.4707 
2034 1018.7 407.478 356.544 360.766 406.341 411.18 473.097 34.4376 

Fishing_mortalityGOA_ATF
Year F0 Fabc Fofl LowCI_F Median_F Mean_F UpperCI_F Stdev_F 
2021  0 0.185494 0.225051 0.0142925 0.0142925 0.0142925 0.0142925 2.22045e-16 
2022  0 0.185494 0.225051 0.0168467 0.01685 0.0168497 0.0168519 1.67017e-06 
2023  0 0.185494 0.225051 0.014108 0.0141198 0.0141191 0.0141275 6.10443e-06 
2024  0 0.185494 0.225051 0.185494 0.185494 0.185494 0.185494 1.19349e-15 
2025  0 0.185494 0.225051 0.185494 0.185494 0.185494 0.185494 1.19349e-15 
2026  0 0.185494 0.225051 0.185494 0.185494 0.185494 0.185494 1.19349e-15 
2027  0 0.185494 0.225051 0.185494 0.185494 0.185494 0.185494 1.19349e-15 
2028  0 0.185494 0.225051 0.185494 0.185494 0.185488 0.185494 0.000103809 
2029  0 0.185494 0.225051 0.173378 0.185494 0.183049 0.185494 0.00419983 
2030  0 0.185494 0.225051 0.166603 0.185494 0.180561 0.185494 0.00679249 
2031  0 0.185494 0.225051 0.163456 0.184879 0.17972 0.185494 0.00776451 
2032  0 0.185494 0.225051 0.162606 0.184856 0.179563 0.185494 0.00805958 
2033  0 0.185494 0.225051 0.162752 0.185079 0.179731 0.185494 0.00803216 
2034  0 0.185494 0.225051 0.16311 0.184949 0.179917 0.185494 0.00779578 

Total_BiomassGOA_ATF
Year B100 Babc Bofl LowCI_Biom Median_Biom Mean_Biom UpperCI_Biom Stdev_Biom 
2021 3532.93 1085.63 1024.4 1267.24 1267.24 1267.24 1267.24 3.13776e-11 
2022 3532.93 1085.63 1024.4 1249.31 1266.26 1268.36 1293.45 14.2248 
2023 3532.93 1085.63 1024.4 1237.72 1273.46 1276.46 1324.44 27.7171 
2024 3532.93 1085.63 1024.4 1235.98 1289.97 1294.75 1364.13 41.7561 
2025 3532.93 1085.63 1024.4 1130.07 1204.9 1209.11 1299.75 54.676 
2026 3532.93 1085.63 1024.4 1052.65 1147.52 1151.59 1263.01 66.1127 
2027 3532.93 1085.63 1024.4 1001.86 1110.5 1115.55 1245.2 75.3545 
2028 3532.93 1085.63 1024.4 970.51 1089.73 1095.42 1237.13 82.3021 
2029 3532.93 1085.63 1024.4 951.467 1078.47 1085.57 1234.43 86.6816 
2030 3532.93 1085.63 1024.4 950.314 1076.89 1082.83 1239.25 88.9993 
2031 3532.93 1085.63 1024.4 947.597 1074.12 1083.34 1239.09 90.3969 
2032 3532.93 1085.63 1024.4 951.694 1076.64 1084.83 1238.48 90.2304 
2033 3532.93 1085.63 1024.4 948.327 1078.94 1084.99 1234.4 89.5926 
2034 3532.93 1085.63 1024.4 951.85 1077.75 1085.35 1232 89.1542 
Alternative 2 Alternative  Stock: GOA_ATF
Catch GOA_ATF
Year C0 Cabc Cofl LowCI_Catch Median_Catch Mean_Catch UpperCI_Catch Stdev_Catch 
2021  0 79.182 84.7878 9.9884 9.9884 9.9884 9.9884 5.68434e-14 
2022  0 79.182 84.7878 11.6347 11.6347 11.6347 11.6347 2.03829e-09 
2023  0 79.182 84.7878 9.68543 9.68543 9.68543 9.68543 7.09557e-09 
2024  0 79.182 84.7878 118.903 119.141 119.16 119.486 0.184962 
2025  0 79.182 84.7878 104.476 105.158 105.203 106.102 0.514403 
2026  0 79.182 84.7878 92.6128 94.1791 94.2991 96.3746 1.18509 
2027  0 79.182 84.7878 82.8943 85.8488 86.0947 89.9936 2.26006 
2028  0 79.182 84.7878 75.71 80.4316 80.7967 87.0211 3.64519 
2029  0 79.182 84.7878 66.8606 77.8094 77.3204 86.7159 6.22233 
2030  0 79.182 84.7878 62.4419 76.8123 75.8764 88.0658 8.09674 
2031  0 79.182 84.7878 61.2341 77.0572 75.9181 89.3836 8.85878 
2032  0 79.182 84.7878 60.8162 77.2217 76.2715 90.2312 9.05114 
2033  0 79.182 84.7878 61.3346 77.5922 76.6795 90.6967 9.02422 
2034  0 79.182 84.7878 61.2636 77.7357 77.0067 90.6323 8.94206 

Spawning_Biomass GOA_ATF
Year SSB100 SSBabc SSBofl LowCI_SSB Median_SSB Mean_SSB UpperCI_SSB Stdev_SSB 
2021 1018.7 407.478 356.544 717.93 717.93 717.93 717.93 6.70752e-12 
2022 1018.7 407.478 356.544 704.306 704.306 704.306 704.306 8.5163e-05 
2023 1018.7 407.478 356.544 696.801 696.818 696.82 696.846 0.0145027 
2024 1018.7 407.478 356.544 690.255 690.352 690.362 690.501 0.0788814 
2025 1018.7 407.478 356.544 603.592 604.057 604.106 604.764 0.373211 
2026 1018.7 407.478 356.544 529.337 531.388 531.595 534.528 1.63833 
2027 1018.7 407.478 356.544 465.269 472.868 473.511 483.932 5.92457 
2028 1018.7 407.478 356.544 414.599 434.426 435.896 462.362 15.11 
2029 1018.7 407.478 356.544 382.194 414.903 417.991 462.231 25.2884 
2030 1018.7 407.478 356.544 368.056 408.189 411.582 463.362 31.3864 
2031 1018.7 407.478 356.544 361.488 406.196 410.058 469.329 33.7376 
2032 1018.7 407.478 356.544 359.715 406.148 410.057 471.302 34.42 
2033 1018.7 407.478 356.544 360.02 406.614 410.528 474.441 34.4707 
2034 1018.7 407.478 356.544 360.766 406.341 411.18 473.097 34.4376 

Fishing_mortalityGOA_ATF
Year F0 Fabc Fofl LowCI_F Median_F Mean_F UpperCI_F Stdev_F 
2021  0 0.185494 0.225051 0.0142925 0.0142925 0.0142925 0.0142925 2.22045e-16 
2022  0 0.185494 0.225051 0.0168467 0.01685 0.0168497 0.0168519 1.67017e-06 
2023  0 0.185494 0.225051 0.014108 0.0141198 0.0141191 0.0141275 6.10443e-06 
2024  0 0.185494 0.225051 0.185494 0.185494 0.185494 0.185494 1.19349e-15 
2025  0 0.185494 0.225051 0.185494 0.185494 0.185494 0.185494 1.19349e-15 
2026  0 0.185494 0.225051 0.185494 0.185494 0.185494 0.185494 1.19349e-15 
2027  0 0.185494 0.225051 0.185494 0.185494 0.185494 0.185494 1.19349e-15 
2028  0 0.185494 0.225051 0.185494 0.185494 0.185488 0.185494 0.000103809 
2029  0 0.185494 0.225051 0.173378 0.185494 0.183049 0.185494 0.00419983 
2030  0 0.185494 0.225051 0.166603 0.185494 0.180561 0.185494 0.00679249 
2031  0 0.185494 0.225051 0.163456 0.184879 0.17972 0.185494 0.00776451 
2032  0 0.185494 0.225051 0.162606 0.184856 0.179563 0.185494 0.00805958 
2033  0 0.185494 0.225051 0.162752 0.185079 0.179731 0.185494 0.00803216 
2034  0 0.185494 0.225051 0.16311 0.184949 0.179917 0.185494 0.00779578 

Total_BiomassGOA_ATF
Year B100 Babc Bofl LowCI_Biom Median_Biom Mean_Biom UpperCI_Biom Stdev_Biom 
2021 3532.93 1085.63 1024.4 1267.24 1267.24 1267.24 1267.24 3.13776e-11 
2022 3532.93 1085.63 1024.4 1249.31 1266.26 1268.36 1293.45 14.2248 
2023 3532.93 1085.63 1024.4 1237.72 1273.46 1276.46 1324.44 27.7171 
2024 3532.93 1085.63 1024.4 1235.98 1289.97 1294.75 1364.13 41.7561 
2025 3532.93 1085.63 1024.4 1130.07 1204.9 1209.11 1299.75 54.676 
2026 3532.93 1085.63 1024.4 1052.65 1147.52 1151.59 1263.01 66.1127 
2027 3532.93 1085.63 1024.4 1001.86 1110.5 1115.55 1245.2 75.3545 
2028 3532.93 1085.63 1024.4 970.51 1089.73 1095.42 1237.13 82.3021 
2029 3532.93 1085.63 1024.4 951.467 1078.47 1085.57 1234.43 86.6816 
2030 3532.93 1085.63 1024.4 950.314 1076.89 1082.83 1239.25 88.9993 
2031 3532.93 1085.63 1024.4 947.597 1074.12 1083.34 1239.09 90.3969 
2032 3532.93 1085.63 1024.4 951.694 1076.64 1084.83 1238.48 90.2304 
2033 3532.93 1085.63 1024.4 948.327 1078.94 1084.99 1234.4 89.5926 
2034 3532.93 1085.63 1024.4 951.85 1077.75 1085.35 1232 89.1542 
Alternative 3 Alternative  Stock: GOA_ATF
Catch GOA_ATF
Year C0 Cabc Cofl LowCI_Catch Median_Catch Mean_Catch UpperCI_Catch Stdev_Catch 
2021  0 79.182 84.7878 9.9884 9.9884 9.9884 9.9884 5.68434e-14 
2022  0 79.182 84.7878 11.6347 11.6347 11.6347 11.6347 2.03829e-09 
2023  0 79.182 84.7878 9.68543 9.68543 9.68543 9.68543 7.09557e-09 
2024  0 79.182 84.7878 61.6516 61.7704 61.7801 61.9433 0.0926303 
2025  0 79.182 84.7878 58.1601 58.5035 58.5258 58.9784 0.258863 
2026  0 79.182 84.7878 54.9514 55.7487 55.8084 56.8633 0.602311 
2027  0 79.182 84.7878 51.9442 53.4682 53.5971 55.623 1.16927 
2028  0 79.182 84.7878 49.4818 51.9925 52.1985 55.489 1.93609 
2029  0 79.182 84.7878 47.7848 51.5497 51.7689 56.4127 2.8006 
2030  0 79.182 84.7878 46.9582 51.8153 52.1406 58.0946 3.57771 
2031  0 79.182 84.7878 46.7716 52.5514 52.863 59.8461 4.10154 
2032  0 79.182 84.7878 47.0187 53.2991 53.5365 61.0385 4.38588 
2033  0 79.182 84.7878 47.1346 53.636 54.104 62.0058 4.5418 
2034  0 79.182 84.7878 47.4217 54.2632 54.5601 62.633 4.63435 

Spawning_Biomass GOA_ATF
Year SSB100 SSBabc SSBofl LowCI_SSB Median_SSB Mean_SSB UpperCI_SSB Stdev_SSB 
2021 1018.7 407.478 356.544 717.93 717.93 717.93 717.93 6.70752e-12 
2022 1018.7 407.478 356.544 704.306 704.306 704.306 704.306 8.5163e-05 
2023 1018.7 407.478 356.544 696.801 696.818 696.82 696.846 0.0145027 
2024 1018.7 407.478 356.544 694.847 694.945 694.955 695.094 0.0789289 
2025 1018.7 407.478 356.544 654.475 654.942 654.992 655.653 0.374785 
2026 1018.7 407.478 356.544 614.394 616.466 616.677 619.643 1.65648 
2027 1018.7 407.478 356.544 574.224 581.99 582.652 593.321 6.07812 
2028 1018.7 407.478 356.544 538.965 559.887 561.351 589.201 15.8904 
2029 1018.7 407.478 356.544 515.509 551.479 554.718 603.078 27.5755 
2030 1018.7 407.478 356.544 504.364 553.168 556.25 616.394 36.4445 
2031 1018.7 407.478 356.544 498.723 556.942 560.763 632.491 41.9313 
2032 1018.7 407.478 356.544 496.671 562.799 565.811 643.091 45.292 
2033 1018.7 407.478 356.544 498.745 566.603 570.564 655.968 47.3246 
2034 1018.7 407.478 356.544 500.036 569.63 574.826 658.605 48.5673 

Fishing_mortalityGOA_ATF
Year F0 Fabc Fofl LowCI_F Median_F Mean_F UpperCI_F Stdev_F 
2021  0 0.185494 0.225051 0.0142925 0.0142925 0.0142925 0.0142925 2.22045e-16 
2022  0 0.185494 0.225051 0.0168467 0.01685 0.0168497 0.0168519 1.67017e-06 
2023  0 0.185494 0.225051 0.014108 0.0141198 0.0141191 0.0141275 6.10443e-06 
2024  0 0.185494 0.225051 0.0927468 0.0927468 0.0927468 0.0927468 5.96745e-16 
2025  0 0.185494 0.225051 0.0927468 0.0927468 0.0927468 0.0927468 5.96745e-16 
2026  0 0.185494 0.225051 0.0927468 0.0927468 0.0927468 0.0927468 5.96745e-16 
2027  0 0.185494 0.225051 0.0927468 0.0927468 0.0927468 0.0927468 5.96745e-16 
2028  0 0.185494 0.225051 0.0927468 0.0927468 0.0927468 0.0927468 5.96745e-16 
2029  0 0.185494 0.225051 0.0927468 0.0927468 0.0927468 0.0927468 5.96745e-16 
2030  0 0.185494 0.225051 0.0927468 0.0927468 0.0927468 0.0927468 5.96745e-16 
2031  0 0.185494 0.225051 0.0927468 0.0927468 0.0927468 0.0927468 5.96745e-16 
2032  0 0.185494 0.225051 0.0927468 0.0927468 0.0927468 0.0927468 5.96745e-16 
2033  0 0.185494 0.225051 0.0927468 0.0927468 0.0927468 0.0927468 5.96745e-16 
2034  0 0.185494 0.225051 0.0927468 0.0927468 0.0927468 0.0927468 5.96745e-16 

Total_BiomassGOA_ATF
Year B100 Babc Bofl LowCI_Biom Median_Biom Mean_Biom UpperCI_Biom Stdev_Biom 
2021 3532.93 1085.63 1024.4 1267.24 1267.24 1267.24 1267.24 3.13776e-11 
2022 3532.93 1085.63 1024.4 1249.31 1266.26 1268.36 1293.45 14.2248 
2023 3532.93 1085.63 1024.4 1237.72 1273.46 1276.46 1324.44 27.7171 
2024 3532.93 1085.63 1024.4 1235.98 1289.97 1294.75 1364.13 41.7561 
2025 3532.93 1085.63 1024.4 1187.55 1262.46 1266.74 1357.57 54.7825 
2026 3532.93 1085.63 1024.4 1151.03 1246.18 1250.45 1362.56 66.4797 
2027 3532.93 1085.63 1024.4 1128.71 1238.24 1243.16 1372.6 76.2373 
2028 3532.93 1085.63 1024.4 1116.97 1237.22 1242.84 1387.13 84.0326 
2029 3532.93 1085.63 1024.4 1110.21 1239.61 1246.83 1401.75 89.5618 
2030 3532.93 1085.63 1024.4 1113.52 1246.76 1253.56 1415.02 93.7612 
2031 3532.93 1085.63 1024.4 1117.42 1253.65 1260.95 1430.69 97.1963 
2032 3532.93 1085.63 1024.4 1117.15 1259.57 1268.08 1438.71 98.6617 
2033 3532.93 1085.63 1024.4 1119.65 1267.12 1273.01 1441.76 99.1379 
2034 3532.93 1085.63 1024.4 1123.61 1270.78 1277.4 1443.2 99.3559 
Alternative 4 Alternative  Stock: GOA_ATF
Catch GOA_ATF
Year C0 Cabc Cofl LowCI_Catch Median_Catch Mean_Catch UpperCI_Catch Stdev_Catch 
2021  0 79.182 84.7878 9.9884 9.9884 9.9884 9.9884 5.68434e-14 
2022  0 79.182 84.7878 11.6347 11.6347 11.6347 11.6347 2.03829e-09 
2023  0 79.182 84.7878 9.68543 9.68543 9.68543 9.68543 7.09557e-09 
2024  0 79.182 84.7878 19.0478 19.0836 19.0865 19.1357 0.0279229 
2025  0 79.182 84.7878 18.8951 18.999 19.0057 19.1426 0.0782973 
2026  0 79.182 84.7878 18.695 18.9381 18.956 19.277 0.183449 
2027  0 79.182 84.7878 18.4119 18.8824 18.921 19.5451 0.360633 
2028  0 79.182 84.7878 18.1425 18.9364 19.0048 20.0378 0.609037 
2029  0 79.182 84.7878 18.0099 19.2045 19.2901 20.8195 0.905329 
2030  0 79.182 84.7878 18.0464 19.6694 19.7692 21.7676 1.19444 
2031  0 79.182 84.7878 18.2367 20.2304 20.3314 22.7408 1.41266 
2032  0 79.182 84.7878 18.5527 20.7486 20.8484 23.4934 1.54969 
2033  0 79.182 84.7878 18.8389 21.1647 21.2992 24.1904 1.63734 
2034  0 79.182 84.7878 19.0765 21.5456 21.6794 24.6132 1.69627 

Spawning_Biomass GOA_ATF
Year SSB100 SSBabc SSBofl LowCI_SSB Median_SSB Mean_SSB UpperCI_SSB Stdev_SSB 
2021 1018.7 407.478 356.544 717.93 717.93 717.93 717.93 6.70752e-12 
2022 1018.7 407.478 356.544 704.306 704.306 704.306 704.306 8.5163e-05 
2023 1018.7 407.478 356.544 696.801 696.818 696.82 696.846 0.0145027 
2024 1018.7 407.478 356.544 698.076 698.174 698.184 698.323 0.0789622 
2025 1018.7 407.478 356.544 692.761 693.23 693.279 693.942 0.375906 
2026 1018.7 407.478 356.544 682.71 684.796 685.011 688.001 1.66934 
2027 1018.7 407.478 356.544 667.382 675.281 675.965 686.83 6.18799 
2028 1018.7 407.478 356.544 651.908 673.606 675.089 703.951 16.4614 
2029 1018.7 407.478 356.544 643.92 682.096 685.42 737.073 29.247 
2030 1018.7 407.478 356.544 645.597 698.212 701.674 768.024 39.7292 
2031 1018.7 407.478 356.544 651.04 715.395 719.467 799.506 47.0322 
2032 1018.7 407.478 356.544 658.06 734.009 736.641 824.816 52.1505 
2033 1018.7 407.478 356.544 668.313 748.737 752.307 849.534 55.751 
2034 1018.7 407.478 356.544 675.656 760.869 766.185 868.289 58.3075 

Fishing_mortalityGOA_ATF
Year F0 Fabc Fofl LowCI_F Median_F Mean_F UpperCI_F Stdev_F 
2021  0 0.185494 0.225051 0.0142925 0.0142925 0.0142925 0.0142925 2.22045e-16 
2022  0 0.185494 0.225051 0.0168467 0.01685 0.0168497 0.0168519 1.67017e-06 
2023  0 0.185494 0.225051 0.014108 0.0141198 0.0141191 0.0141275 6.10443e-06 
2024  0 0.185494 0.225051 0.0279263 0.0279263 0.0279263 0.0279263 4.92661e-16 
2025  0 0.185494 0.225051 0.0279263 0.0279263 0.0279263 0.0279263 4.92661e-16 
2026  0 0.185494 0.225051 0.0279263 0.0279263 0.0279263 0.0279263 4.92661e-16 
2027  0 0.185494 0.225051 0.0279263 0.0279263 0.0279263 0.0279263 4.92661e-16 
2028  0 0.185494 0.225051 0.0279263 0.0279263 0.0279263 0.0279263 4.92661e-16 
2029  0 0.185494 0.225051 0.0279263 0.0279263 0.0279263 0.0279263 4.92661e-16 
2030  0 0.185494 0.225051 0.0279263 0.0279263 0.0279263 0.0279263 4.92661e-16 
2031  0 0.185494 0.225051 0.0279263 0.0279263 0.0279263 0.0279263 4.92661e-16 
2032  0 0.185494 0.225051 0.0279263 0.0279263 0.0279263 0.0279263 4.92661e-16 
2033  0 0.185494 0.225051 0.0279263 0.0279263 0.0279263 0.0279263 4.92661e-16 
2034  0 0.185494 0.225051 0.0279263 0.0279263 0.0279263 0.0279263 4.92661e-16 

Total_BiomassGOA_ATF
Year B100 Babc Bofl LowCI_Biom Median_Biom Mean_Biom UpperCI_Biom Stdev_Biom 
2021 3532.93 1085.63 1024.4 1267.24 1267.24 1267.24 1267.24 3.13776e-11 
2022 3532.93 1085.63 1024.4 1249.31 1266.26 1268.36 1293.45 14.2248 
2023 3532.93 1085.63 1024.4 1237.72 1273.46 1276.46 1324.44 27.7171 
2024 3532.93 1085.63 1024.4 1235.98 1289.97 1294.75 1364.13 41.7561 
2025 3532.93 1085.63 1024.4 1230.39 1305.35 1309.69 1400.66 54.8571 
2026 3532.93 1085.63 1024.4 1229.08 1324.44 1328.85 1441.4 66.7387 
2027 3532.93 1085.63 1024.4 1235.5 1345.88 1350.49 1479.79 76.8692 
2028 3532.93 1085.63 1024.4 1245.72 1367.97 1373.8 1521.54 85.3028 
2029 3532.93 1085.63 1024.4 1258.63 1389.65 1397.21 1556.88 91.7583 
2030 3532.93 1085.63 1024.4 1274.97 1411.85 1420.5 1587.88 97.1171 
2031 3532.93 1085.63 1024.4 1291.82 1434.35 1442.62 1622.92 101.809 
2032 3532.93 1085.63 1024.4 1302.53 1456.5 1463.06 1642.05 104.476 
2033 3532.93 1085.63 1024.4 1316.23 1473.74 1479.89 1664.26 106.003 
2034 3532.93 1085.63 1024.4 1327.87 1486.82 1494.69 1674.88 107.078 
Alternative 5 Alternative  Stock: GOA_ATF
Catch GOA_ATF
Year C0 Cabc Cofl LowCI_Catch Median_Catch Mean_Catch UpperCI_Catch Stdev_Catch 
2021  0 79.182 84.7878 9.9884 9.9884 9.9884 9.9884 5.68434e-14 
2022  0 79.182 84.7878 11.6347 11.6347 11.6347 11.6347 2.03829e-09 
2023  0 79.182 84.7878 9.68543 9.68543 9.68543 9.68543 7.09557e-09 
2024  0 79.182 84.7878 0 0 0 0 0 
2025  0 79.182 84.7878 0 0 0 0 0 
2026  0 79.182 84.7878 0 0 0 0 0 
2027  0 79.182 84.7878 0 0 0 0 0 
2028  0 79.182 84.7878 0 0 0 0 0 
2029  0 79.182 84.7878 0 0 0 0 0 
2030  0 79.182 84.7878 0 0 0 0 0 
2031  0 79.182 84.7878 0 0 0 0 0 
2032  0 79.182 84.7878 0 0 0 0 0 
2033  0 79.182 84.7878 0 0 0 0 0 
2034  0 79.182 84.7878 0 0 0 0 0 

Spawning_Biomass GOA_ATF
Year SSB100 SSBabc SSBofl LowCI_SSB Median_SSB Mean_SSB UpperCI_SSB Stdev_SSB 
2021 1018.7 407.478 356.544 717.93 717.93 717.93 717.93 6.70752e-12 
2022 1018.7 407.478 356.544 704.306 704.306 704.306 704.306 8.5163e-05 
2023 1018.7 407.478 356.544 696.801 696.818 696.82 696.846 0.0145027 
2024 1018.7 407.478 356.544 699.472 699.57 699.58 699.719 0.0789766 
2025 1018.7 407.478 356.544 709.989 710.458 710.507 711.171 0.376394 
2026 1018.7 407.478 356.544 714.661 716.755 716.969 719.969 1.67492 
2027 1018.7 407.478 356.544 712.614 720.566 721.26 732.21 6.23599 
2028 1018.7 407.478 356.544 708.748 730.805 732.281 761.507 16.7143 
2029 1018.7 407.478 356.544 710.71 749.99 753.298 806.097 30.0027 
2030 1018.7 407.478 356.544 721.091 776.135 779.401 848.094 41.256 
2031 1018.7 407.478 356.544 733.926 802.797 806.483 889.225 49.4855 
2032 1018.7 407.478 356.544 749.54 829.708 832.461 927.599 55.5706 
2033 1018.7 407.478 356.544 766.629 852.488 856.353 959.078 60.101 
2034 1018.7 407.478 356.544 779.562 871.802 877.764 991.006 63.501 

Fishing_mortalityGOA_ATF
Year F0 Fabc Fofl LowCI_F Median_F Mean_F UpperCI_F Stdev_F 
2021  0 0.185494 0.225051 0.0142925 0.0142925 0.0142925 0.0142925 2.22045e-16 
2022  0 0.185494 0.225051 0.0168467 0.01685 0.0168497 0.0168519 1.67017e-06 
2023  0 0.185494 0.225051 0.014108 0.0141198 0.0141191 0.0141275 6.10443e-06 
2024  0 0.185494 0.225051 0 0 0 0 0 
2025  0 0.185494 0.225051 0 0 0 0 0 
2026  0 0.185494 0.225051 0 0 0 0 0 
2027  0 0.185494 0.225051 0 0 0 0 0 
2028  0 0.185494 0.225051 0 0 0 0 0 
2029  0 0.185494 0.225051 0 0 0 0 0 
2030  0 0.185494 0.225051 0 0 0 0 0 
2031  0 0.185494 0.225051 0 0 0 0 0 
2032  0 0.185494 0.225051 0 0 0 0 0 
2033  0 0.185494 0.225051 0 0 0 0 0 
2034  0 0.185494 0.225051 0 0 0 0 0 

Total_BiomassGOA_ATF
Year B100 Babc Bofl LowCI_Biom Median_Biom Mean_Biom UpperCI_Biom Stdev_Biom 
2021 3532.93 1085.63 1024.4 1267.24 1267.24 1267.24 1267.24 3.13776e-11 
2022 3532.93 1085.63 1024.4 1249.31 1266.26 1268.36 1293.45 14.2248 
2023 3532.93 1085.63 1024.4 1237.72 1273.46 1276.46 1324.44 27.7171 
2024 3532.93 1085.63 1024.4 1235.98 1289.97 1294.75 1364.13 41.7561 
2025 3532.93 1085.63 1024.4 1249.56 1324.56 1328.91 1419.94 54.8893 
2026 3532.93 1085.63 1024.4 1265.33 1360.77 1365.24 1477.86 66.851 
2027 3532.93 1085.63 1024.4 1286.9 1397.57 1402.13 1531.66 77.1454 
2028 3532.93 1085.63 1024.4 1309.75 1432.53 1438.93 1587.95 85.8661 
2029 3532.93 1085.63 1024.4 1333.6 1466.72 1474.32 1635.4 92.7554 
2030 3532.93 1085.63 1024.4 1361.24 1499.92 1508.47 1678.88 98.6905 
2031 3532.93 1085.63 1024.4 1386.73 1532.28 1540.71 1725.52 104.058 
2032 3532.93 1085.63 1024.4 1405.01 1561.86 1570.68 1761.37 107.431 
2033 3532.93 1085.63 1024.4 1428.32 1590.1 1596.33 1789.58 109.633 
2034 3532.93 1085.63 1024.4 1447.29 1612.23 1619.18 1807.62 111.312 
Alternative 6 Alternative  Stock: GOA_ATF
Catch GOA_ATF
Year C0 Cabc Cofl LowCI_Catch Median_Catch Mean_Catch UpperCI_Catch Stdev_Catch 
2021  0 79.182 84.7878 9.9884 9.9884 9.9884 9.9884 5.68434e-14 
2022  0 79.182 84.7878 143.09 143.108 143.11 143.137 0.0152916 
2023  0 79.182 84.7878 121.065 121.148 121.156 121.273 0.0660399 
2024  0 79.182 84.7878 105.182 105.468 105.492 105.883 0.222577 
2025  0 79.182 84.7878 93.4101 94.2295 94.2856 95.3671 0.619526 
2026  0 79.182 84.7878 80.6679 82.8967 83.065 86.0351 1.69551 
2027  0 79.182 84.7878 66.9031 71.2438 71.615 77.6928 3.4124 
2028  0 79.182 84.7878 59.392 67.0834 67.883 78.5961 6.1775 
2029  0 79.182 84.7878 57.1777 68.3948 69.4472 85.1073 8.91171 
2030  0 79.182 84.7878 57.7487 71.9895 73.0654 91.9632 10.5515 
2031  0 79.182 84.7878 59.6364 75.6825 76.4645 95.882 11.1385 
2032  0 79.182 84.7878 61.6378 77.7042 78.7518 98.2559 11.1556 
2033  0 79.182 84.7878 62.9771 79.4968 80.127 98.7341 11.0046 
2034  0 79.182 84.7878 63.3804 79.8423 80.9494 99.1849 10.9146 

Spawning_Biomass GOA_ATF
Year SSB100 SSBabc SSBofl LowCI_SSB Median_SSB Mean_SSB UpperCI_SSB Stdev_SSB 
2021 1018.7 407.478 356.544 717.93 717.93 717.93 717.93 6.70752e-12 
2022 1018.7 407.478 356.544 693.772 693.772 693.772 693.772 1.59252e-09 
2023 1018.7 407.478 356.544 579.639 579.654 579.656 579.68 0.0132384 
2024 1018.7 407.478 356.544 499.75 499.842 499.851 499.982 0.0743718 
2025 1018.7 407.478 356.544 439.731 440.189 440.238 440.887 0.368074 
2026 1018.7 407.478 356.544 390.174 392.172 392.375 395.234 1.59749 
2027 1018.7 407.478 356.544 350.908 358.009 358.595 368.333 5.51944 
2028 1018.7 407.478 356.544 326.19 344.183 345.58 369.522 13.6881 
2029 1018.7 407.478 356.544 317.434 346.094 348.564 386.193 21.9917 
2030 1018.7 407.478 356.544 318.358 355.471 357.02 400.934 26.49 
2031 1018.7 407.478 356.544 322.585 363.029 364.765 412.14 27.8628 
2032 1018.7 407.478 356.544 327.195 367.739 370.104 415.922 28.037 
2033 1018.7 407.478 356.544 330.695 371.666 373.442 421.67 27.8736 
2034 1018.7 407.478 356.544 332.667 373.116 375.547 422.368 27.8051 

Fishing_mortalityGOA_ATF
Year F0 Fabc Fofl LowCI_F Median_F Mean_F UpperCI_F Stdev_F 
2021  0 0.185494 0.225051 0.0142925 0.0142925 0.0142925 0.0142925 2.22045e-16 
2022  0 0.185494 0.225051 0.225051 0.225051 0.225051 0.225051 3.17216e-11 
2023  0 0.185494 0.225051 0.225051 0.225051 0.225051 0.225051 9.61123e-11 
2024  0 0.185494 0.225051 0.225051 0.225051 0.225051 0.225051 3.69149e-15 
2025  0 0.185494 0.225051 0.225051 0.225051 0.225051 0.225051 3.69149e-15 
2026  0 0.185494 0.225051 0.214991 0.216153 0.21627 0.217933 0.000928739 
2027  0 0.185494 0.225051 0.192163 0.196291 0.196631 0.202293 0.00320885 
2028  0 0.185494 0.225051 0.177792 0.188253 0.189053 0.202984 0.0078923 
2029  0 0.185494 0.225051 0.172702 0.189364 0.190653 0.212676 0.012268 
2030  0 0.185494 0.225051 0.173239 0.194815 0.195321 0.221246 0.0143235 
2031  0 0.185494 0.225051 0.175696 0.19921 0.199573 0.225051 0.0147684 
2032  0 0.185494 0.225051 0.178376 0.201948 0.202443 0.225051 0.0145444 
2033  0 0.185494 0.225051 0.180411 0.204231 0.204156 0.225051 0.0140549 
2034  0 0.185494 0.225051 0.181558 0.205074 0.205221 0.225051 0.0136659 

Total_BiomassGOA_ATF
Year B100 Babc Bofl LowCI_Biom Median_Biom Mean_Biom UpperCI_Biom Stdev_Biom 
2021 3532.93 1085.63 1024.4 1267.24 1267.24 1267.24 1267.24 3.13776e-11 
2022 3532.93 1085.63 1024.4 1249.31 1266.26 1268.36 1293.45 14.2248 
2023 3532.93 1085.63 1024.4 1106.06 1141.75 1144.77 1192.73 27.6937 
2024 3532.93 1085.63 1024.4 1005.97 1059.82 1064.55 1133.82 41.6408 
2025 3532.93 1085.63 1024.4 937.641 1012.21 1016.34 1106.66 54.5103 
2026 3532.93 1085.63 1024.4 891.755 986.106 990.351 1101.26 65.8426 
2027 3532.93 1085.63 1024.4 870.137 977.849 983.361 1113.07 74.7143 
2028 3532.93 1085.63 1024.4 871.085 987.185 992.702 1133.98 81.013 
2029 3532.93 1085.63 1024.4 876.842 1001.36 1007.83 1155.12 84.1913 
2030 3532.93 1085.63 1024.4 892.755 1015.58 1022.27 1167.97 85.5796 
2031 3532.93 1085.63 1024.4 900.927 1024.27 1032.75 1181.47 86.5106 
2032 3532.93 1085.63 1024.4 913.054 1032.67 1039.44 1185.36 86.2099 
2033 3532.93 1085.63 1024.4 913.399 1035.9 1042.03 1184.05 85.5537 
2034 3532.93 1085.63 1024.4 916.357 1035.73 1043.39 1182.15 85.1477 
Alternative 7 Alternative  Stock: GOA_ATF
Catch GOA_ATF
Year C0 Cabc Cofl LowCI_Catch Median_Catch Mean_Catch UpperCI_Catch Stdev_Catch 
2021  0 79.182 84.7878 9.9884 9.9884 9.9884 9.9884 5.68434e-14 
2022  0 79.182 84.7878 119.771 119.786 119.788 119.81 0.0126051 
2023  0 79.182 84.7878 104.398 104.467 104.473 104.57 0.0544573 
2024  0 79.182 84.7878 111.185 111.471 111.494 111.886 0.222737 
2025  0 79.182 84.7878 97.949 98.7692 98.8251 99.9075 0.619949 
2026  0 79.182 84.7878 87.4825 89.3778 89.5186 92.0146 1.42892 
2027  0 79.182 84.7878 70.4947 75.0659 75.4574 81.8436 3.59412 
2028  0 79.182 84.7878 61.3456 69.1839 70.0123 80.9796 6.29578 
2029  0 79.182 84.7878 58.2494 69.5556 70.5946 86.369 8.93397 
2030  0 79.182 84.7878 58.3152 72.5668 73.6269 92.5095 10.5266 
2031  0 79.182 84.7878 59.9105 75.9558 76.693 96.1005 11.1055 
2032  0 79.182 84.7878 61.7383 77.7648 78.8128 98.2553 11.1344 
2033  0 79.182 84.7878 62.9749 79.4772 80.1146 98.696 10.9952 
2034  0 79.182 84.7878 63.3546 79.7944 80.9113 99.1479 10.9122 

Spawning_Biomass GOA_ATF
Year SSB100 SSBabc SSBofl LowCI_SSB Median_SSB Mean_SSB UpperCI_SSB Stdev_SSB 
2021 1018.7 407.478 356.544 717.93 717.93 717.93 717.93 6.70752e-12 
2022 1018.7 407.478 356.544 695.761 695.761 695.761 695.761 3.01526e-09 
2023 1018.7 407.478 356.544 600.132 600.148 600.15 600.173 0.0132413 
2024 1018.7 407.478 356.544 530.37 530.462 530.471 530.602 0.0744198 
2025 1018.7 407.478 356.544 463.15 463.608 463.658 464.307 0.36831 
2026 1018.7 407.478 356.544 407.471 409.502 409.708 412.614 1.6234 
2027 1018.7 407.478 356.544 361.04 368.427 369.056 379.216 5.75551 
2028 1018.7 407.478 356.544 332.165 350.285 351.695 375.826 13.793 
2029 1018.7 407.478 356.544 320.927 349.529 351.995 389.601 21.9817 
2030 1018.7 407.478 356.544 320.25 357.262 358.804 402.573 26.4342 
2031 1018.7 407.478 356.544 323.549 363.909 365.598 413.008 27.8119 
2032 1018.7 407.478 356.544 327.606 368.078 370.43 416.19 28.0077 
2033 1018.7 407.478 356.544 330.835 371.754 373.52 422.127 27.8615 
2034 1018.7 407.478 356.544 332.66 373.079 375.515 422.306 27.802 

Fishing_mortalityGOA_ATF
Year F0 Fabc Fofl LowCI_F Median_F Mean_F UpperCI_F Stdev_F 
2021  0 0.185494 0.225051 0.0142925 0.0142925 0.0142925 0.0142925 2.22045e-16 
2022  0 0.185494 0.225051 0.185493 0.185493 0.185493 0.185493 5.98839e-11 
2023  0 0.185494 0.225051 0.185493 0.185493 0.185493 0.185493 2.22888e-10 
2024  0 0.185494 0.225051 0.225051 0.225051 0.225051 0.225051 3.69149e-15 
2025  0 0.185494 0.225051 0.225051 0.225051 0.225051 0.225051 3.69149e-15 
2026  0 0.185494 0.225051 0.225047 0.225051 0.225042 0.225051 5.21854e-05 
2027  0 0.185494 0.225051 0.198053 0.202348 0.202714 0.20862 0.00334609 
2028  0 0.185494 0.225051 0.181266 0.1918 0.192603 0.206649 0.00793192 
2029  0 0.185494 0.225051 0.174732 0.191361 0.192617 0.214658 0.012177 
2030  0 0.185494 0.225051 0.174339 0.195857 0.196318 0.222199 0.0142019 
2031  0 0.185494 0.225051 0.176257 0.199721 0.200023 0.225051 0.0146724 
2032  0 0.185494 0.225051 0.178616 0.202145 0.202614 0.225051 0.0144925 
2033  0 0.185494 0.225051 0.180493 0.204282 0.204195 0.225051 0.0140355 
2034  0 0.185494 0.225051 0.181554 0.205052 0.205204 0.225051 0.0136645 

Total_BiomassGOA_ATF
Year B100 Babc Bofl LowCI_Biom Median_Biom Mean_Biom UpperCI_Biom Stdev_Biom 
2021 3532.93 1085.63 1024.4 1267.24 1267.24 1267.24 1267.24 3.13776e-11 
2022 3532.93 1085.63 1024.4 1249.31 1266.26 1268.36 1293.45 14.2248 
2023 3532.93 1085.63 1024.4 1129.38 1165.07 1168.09 1216.05 27.698 
2024 3532.93 1085.63 1024.4 1043.66 1097.52 1102.27 1171.56 41.6616 
2025 3532.93 1085.63 1024.4 965.459 1040.08 1044.2 1134.57 54.5323 
2026 3532.93 1085.63 1024.4 912.056 1006.46 1010.68 1121.62 65.8638 
2027 3532.93 1085.63 1024.4 881.551 989.406 994.866 1124.64 74.9002 
2028 3532.93 1085.63 1024.4 877.171 993.342 998.854 1140.03 81.0313 
2029 3532.93 1085.63 1024.4 880.039 1004.36 1010.91 1158.02 84.1199 
2030 3532.93 1085.63 1024.4 894.32 1016.95 1023.62 1169.21 85.5015 
2031 3532.93 1085.63 1024.4 901.441 1024.72 1033.21 1181.7 86.4611 
2032 3532.93 1085.63 1024.4 913.202 1032.76 1039.49 1185.3 86.1862 
2033 3532.93 1085.63 1024.4 913.33 1035.7 1041.92 1183.9 85.5452 
2034 3532.93 1085.63 1024.4 916.221 1035.53 1043.24 1181.96 85.1454 
