GOA_ATF 1 2021 Cabc 79.182
GOA_ATF 1 2021 Cofl 84.7878
GOA_ATF 1 2021 CLCI 9.9884
GOA_ATF 1 2021 CUCI 9.9884
GOA_ATF 1 2021 CMedian 9.9884
GOA_ATF 1 2021 CMean 9.9884
GOA_ATF 1 2022 Cabc 79.182
GOA_ATF 1 2022 Cofl 84.7878
GOA_ATF 1 2022 CLCI 11.6347
GOA_ATF 1 2022 CUCI 11.6347
GOA_ATF 1 2022 CMedian 11.6347
GOA_ATF 1 2022 CMean 11.6347
GOA_ATF 1 2023 Cabc 79.182
GOA_ATF 1 2023 Cofl 84.7878
GOA_ATF 1 2023 CLCI 9.68543
GOA_ATF 1 2023 CUCI 9.68543
GOA_ATF 1 2023 CMedian 9.68543
GOA_ATF 1 2023 CMean 9.68543
GOA_ATF 1 2024 Cabc 79.182
GOA_ATF 1 2024 Cofl 84.7878
GOA_ATF 1 2024 CLCI 118.903
GOA_ATF 1 2024 CUCI 119.486
GOA_ATF 1 2024 CMedian 119.141
GOA_ATF 1 2024 CMean 119.16
GOA_ATF 1 2025 Cabc 79.182
GOA_ATF 1 2025 Cofl 84.7878
GOA_ATF 1 2025 CLCI 104.476
GOA_ATF 1 2025 CUCI 106.102
GOA_ATF 1 2025 CMedian 105.158
GOA_ATF 1 2025 CMean 105.203
GOA_ATF 1 2026 Cabc 79.182
GOA_ATF 1 2026 Cofl 84.7878
GOA_ATF 1 2026 CLCI 92.6128
GOA_ATF 1 2026 CUCI 96.3746
GOA_ATF 1 2026 CMedian 94.1791
GOA_ATF 1 2026 CMean 94.2991
GOA_ATF 1 2027 Cabc 79.182
GOA_ATF 1 2027 Cofl 84.7878
GOA_ATF 1 2027 CLCI 82.8943
GOA_ATF 1 2027 CUCI 89.9936
GOA_ATF 1 2027 CMedian 85.8488
GOA_ATF 1 2027 CMean 86.0947
GOA_ATF 1 2028 Cabc 79.182
GOA_ATF 1 2028 Cofl 84.7878
GOA_ATF 1 2028 CLCI 75.71
GOA_ATF 1 2028 CUCI 87.0211
GOA_ATF 1 2028 CMedian 80.4316
GOA_ATF 1 2028 CMean 80.7967
GOA_ATF 1 2029 Cabc 79.182
GOA_ATF 1 2029 Cofl 84.7878
GOA_ATF 1 2029 CLCI 66.8606
GOA_ATF 1 2029 CUCI 86.7159
GOA_ATF 1 2029 CMedian 77.8094
GOA_ATF 1 2029 CMean 77.3204
GOA_ATF 1 2030 Cabc 79.182
GOA_ATF 1 2030 Cofl 84.7878
GOA_ATF 1 2030 CLCI 62.4419
GOA_ATF 1 2030 CUCI 88.0658
GOA_ATF 1 2030 CMedian 76.8123
GOA_ATF 1 2030 CMean 75.8764
GOA_ATF 1 2031 Cabc 79.182
GOA_ATF 1 2031 Cofl 84.7878
GOA_ATF 1 2031 CLCI 61.2341
GOA_ATF 1 2031 CUCI 89.3836
GOA_ATF 1 2031 CMedian 77.0572
GOA_ATF 1 2031 CMean 75.9181
GOA_ATF 1 2032 Cabc 79.182
GOA_ATF 1 2032 Cofl 84.7878
GOA_ATF 1 2032 CLCI 60.8162
GOA_ATF 1 2032 CUCI 90.2312
GOA_ATF 1 2032 CMedian 77.2217
GOA_ATF 1 2032 CMean 76.2715
GOA_ATF 1 2033 Cabc 79.182
GOA_ATF 1 2033 Cofl 84.7878
GOA_ATF 1 2033 CLCI 61.3346
GOA_ATF 1 2033 CUCI 90.6967
GOA_ATF 1 2033 CMedian 77.5922
GOA_ATF 1 2033 CMean 76.6795
GOA_ATF 1 2034 Cabc 79.182
GOA_ATF 1 2034 Cofl 84.7878
GOA_ATF 1 2034 CLCI 61.2636
GOA_ATF 1 2034 CUCI 90.6323
GOA_ATF 1 2034 CMedian 77.7357
GOA_ATF 1 2034 CMean 77.0067
GOA_ATF 1 2021 SSBF100 1018.7
GOA_ATF 1 2021 SSBFabc 407.478
GOA_ATF 1 2021 SSBFofl 356.544
GOA_ATF 1 2021 SSBLCI 717.93
GOA_ATF 1 2021 SSBUCI 717.93
GOA_ATF 1 2021 SSBMedian 717.93
GOA_ATF 1 2021 SSBMean 717.93
GOA_ATF 1 2022 SSBF100 1018.7
GOA_ATF 1 2022 SSBFabc 407.478
GOA_ATF 1 2022 SSBFofl 356.544
GOA_ATF 1 2022 SSBLCI 704.306
GOA_ATF 1 2022 SSBUCI 704.306
GOA_ATF 1 2022 SSBMedian 704.306
GOA_ATF 1 2022 SSBMean 704.306
GOA_ATF 1 2023 SSBF100 1018.7
GOA_ATF 1 2023 SSBFabc 407.478
GOA_ATF 1 2023 SSBFofl 356.544
GOA_ATF 1 2023 SSBLCI 696.801
GOA_ATF 1 2023 SSBUCI 696.846
GOA_ATF 1 2023 SSBMedian 696.818
GOA_ATF 1 2023 SSBMean 696.82
GOA_ATF 1 2024 SSBF100 1018.7
GOA_ATF 1 2024 SSBFabc 407.478
GOA_ATF 1 2024 SSBFofl 356.544
GOA_ATF 1 2024 SSBLCI 690.255
GOA_ATF 1 2024 SSBUCI 690.501
GOA_ATF 1 2024 SSBMedian 690.352
GOA_ATF 1 2024 SSBMean 690.362
GOA_ATF 1 2025 SSBF100 1018.7
GOA_ATF 1 2025 SSBFabc 407.478
GOA_ATF 1 2025 SSBFofl 356.544
GOA_ATF 1 2025 SSBLCI 603.592
GOA_ATF 1 2025 SSBUCI 604.764
GOA_ATF 1 2025 SSBMedian 604.057
GOA_ATF 1 2025 SSBMean 604.106
GOA_ATF 1 2026 SSBF100 1018.7
GOA_ATF 1 2026 SSBFabc 407.478
GOA_ATF 1 2026 SSBFofl 356.544
GOA_ATF 1 2026 SSBLCI 529.337
GOA_ATF 1 2026 SSBUCI 534.528
GOA_ATF 1 2026 SSBMedian 531.388
GOA_ATF 1 2026 SSBMean 531.595
GOA_ATF 1 2027 SSBF100 1018.7
GOA_ATF 1 2027 SSBFabc 407.478
GOA_ATF 1 2027 SSBFofl 356.544
GOA_ATF 1 2027 SSBLCI 465.269
GOA_ATF 1 2027 SSBUCI 483.932
GOA_ATF 1 2027 SSBMedian 472.868
GOA_ATF 1 2027 SSBMean 473.511
GOA_ATF 1 2028 SSBF100 1018.7
GOA_ATF 1 2028 SSBFabc 407.478
GOA_ATF 1 2028 SSBFofl 356.544
GOA_ATF 1 2028 SSBLCI 414.599
GOA_ATF 1 2028 SSBUCI 462.362
GOA_ATF 1 2028 SSBMedian 434.426
GOA_ATF 1 2028 SSBMean 435.896
GOA_ATF 1 2029 SSBF100 1018.7
GOA_ATF 1 2029 SSBFabc 407.478
GOA_ATF 1 2029 SSBFofl 356.544
GOA_ATF 1 2029 SSBLCI 382.194
GOA_ATF 1 2029 SSBUCI 462.231
GOA_ATF 1 2029 SSBMedian 414.903
GOA_ATF 1 2029 SSBMean 417.991
GOA_ATF 1 2030 SSBF100 1018.7
GOA_ATF 1 2030 SSBFabc 407.478
GOA_ATF 1 2030 SSBFofl 356.544
GOA_ATF 1 2030 SSBLCI 368.056
GOA_ATF 1 2030 SSBUCI 463.362
GOA_ATF 1 2030 SSBMedian 408.189
GOA_ATF 1 2030 SSBMean 411.582
GOA_ATF 1 2031 SSBF100 1018.7
GOA_ATF 1 2031 SSBFabc 407.478
GOA_ATF 1 2031 SSBFofl 356.544
GOA_ATF 1 2031 SSBLCI 361.488
GOA_ATF 1 2031 SSBUCI 469.329
GOA_ATF 1 2031 SSBMedian 406.196
GOA_ATF 1 2031 SSBMean 410.058
GOA_ATF 1 2032 SSBF100 1018.7
GOA_ATF 1 2032 SSBFabc 407.478
GOA_ATF 1 2032 SSBFofl 356.544
GOA_ATF 1 2032 SSBLCI 359.715
GOA_ATF 1 2032 SSBUCI 471.302
GOA_ATF 1 2032 SSBMedian 406.148
GOA_ATF 1 2032 SSBMean 410.057
GOA_ATF 1 2033 SSBF100 1018.7
GOA_ATF 1 2033 SSBFabc 407.478
GOA_ATF 1 2033 SSBFofl 356.544
GOA_ATF 1 2033 SSBLCI 360.02
GOA_ATF 1 2033 SSBUCI 474.441
GOA_ATF 1 2033 SSBMedian 406.614
GOA_ATF 1 2033 SSBMean 410.528
GOA_ATF 1 2034 SSBF100 1018.7
GOA_ATF 1 2034 SSBFabc 407.478
GOA_ATF 1 2034 SSBFofl 356.544
GOA_ATF 1 2034 SSBLCI 360.766
GOA_ATF 1 2034 SSBUCI 473.097
GOA_ATF 1 2034 SSBMedian 406.341
GOA_ATF 1 2034 SSBMean 411.18
GOA_ATF 1 2021 F0 0 
GOA_ATF 1 2021 Fabc 0.185494
GOA_ATF 1 2021 Fofl 0.225051
GOA_ATF 1 2021  F_LCI 0.0142925
GOA_ATF 1 2021  F_UCI 0.0142925
GOA_ATF 1 2021  F_Median 0.0142925
GOA_ATF 1 2021  F_Mean 0.0142925
GOA_ATF 1 2022 F0 0 
GOA_ATF 1 2022 Fabc 0.185494
GOA_ATF 1 2022 Fofl 0.225051
GOA_ATF 1 2022  F_LCI 0.0168467
GOA_ATF 1 2022  F_UCI 0.0168519
GOA_ATF 1 2022  F_Median 0.01685
GOA_ATF 1 2022  F_Mean 0.0168497
GOA_ATF 1 2023 F0 0 
GOA_ATF 1 2023 Fabc 0.185494
GOA_ATF 1 2023 Fofl 0.225051
GOA_ATF 1 2023  F_LCI 0.014108
GOA_ATF 1 2023  F_UCI 0.0141275
GOA_ATF 1 2023  F_Median 0.0141198
GOA_ATF 1 2023  F_Mean 0.0141191
GOA_ATF 1 2024 F0 0 
GOA_ATF 1 2024 Fabc 0.185494
GOA_ATF 1 2024 Fofl 0.225051
GOA_ATF 1 2024  F_LCI 0.185494
GOA_ATF 1 2024  F_UCI 0.185494
GOA_ATF 1 2024  F_Median 0.185494
GOA_ATF 1 2024  F_Mean 0.185494
GOA_ATF 1 2025 F0 0 
GOA_ATF 1 2025 Fabc 0.185494
GOA_ATF 1 2025 Fofl 0.225051
GOA_ATF 1 2025  F_LCI 0.185494
GOA_ATF 1 2025  F_UCI 0.185494
GOA_ATF 1 2025  F_Median 0.185494
GOA_ATF 1 2025  F_Mean 0.185494
GOA_ATF 1 2026 F0 0 
GOA_ATF 1 2026 Fabc 0.185494
GOA_ATF 1 2026 Fofl 0.225051
GOA_ATF 1 2026  F_LCI 0.185494
GOA_ATF 1 2026  F_UCI 0.185494
GOA_ATF 1 2026  F_Median 0.185494
GOA_ATF 1 2026  F_Mean 0.185494
GOA_ATF 1 2027 F0 0 
GOA_ATF 1 2027 Fabc 0.185494
GOA_ATF 1 2027 Fofl 0.225051
GOA_ATF 1 2027  F_LCI 0.185494
GOA_ATF 1 2027  F_UCI 0.185494
GOA_ATF 1 2027  F_Median 0.185494
GOA_ATF 1 2027  F_Mean 0.185494
GOA_ATF 1 2028 F0 0 
GOA_ATF 1 2028 Fabc 0.185494
GOA_ATF 1 2028 Fofl 0.225051
GOA_ATF 1 2028  F_LCI 0.185494
GOA_ATF 1 2028  F_UCI 0.185494
GOA_ATF 1 2028  F_Median 0.185494
GOA_ATF 1 2028  F_Mean 0.185488
GOA_ATF 1 2029 F0 0 
GOA_ATF 1 2029 Fabc 0.185494
GOA_ATF 1 2029 Fofl 0.225051
GOA_ATF 1 2029  F_LCI 0.173378
GOA_ATF 1 2029  F_UCI 0.185494
GOA_ATF 1 2029  F_Median 0.185494
GOA_ATF 1 2029  F_Mean 0.183049
GOA_ATF 1 2030 F0 0 
GOA_ATF 1 2030 Fabc 0.185494
GOA_ATF 1 2030 Fofl 0.225051
GOA_ATF 1 2030  F_LCI 0.166603
GOA_ATF 1 2030  F_UCI 0.185494
GOA_ATF 1 2030  F_Median 0.185494
GOA_ATF 1 2030  F_Mean 0.180561
GOA_ATF 1 2031 F0 0 
GOA_ATF 1 2031 Fabc 0.185494
GOA_ATF 1 2031 Fofl 0.225051
GOA_ATF 1 2031  F_LCI 0.163456
GOA_ATF 1 2031  F_UCI 0.185494
GOA_ATF 1 2031  F_Median 0.184879
GOA_ATF 1 2031  F_Mean 0.17972
GOA_ATF 1 2032 F0 0 
GOA_ATF 1 2032 Fabc 0.185494
GOA_ATF 1 2032 Fofl 0.225051
GOA_ATF 1 2032  F_LCI 0.162606
GOA_ATF 1 2032  F_UCI 0.185494
GOA_ATF 1 2032  F_Median 0.184856
GOA_ATF 1 2032  F_Mean 0.179563
GOA_ATF 1 2033 F0 0 
GOA_ATF 1 2033 Fabc 0.185494
GOA_ATF 1 2033 Fofl 0.225051
GOA_ATF 1 2033  F_LCI 0.162752
GOA_ATF 1 2033  F_UCI 0.185494
GOA_ATF 1 2033  F_Median 0.185079
GOA_ATF 1 2033  F_Mean 0.179731
GOA_ATF 1 2034 F0 0 
GOA_ATF 1 2034 Fabc 0.185494
GOA_ATF 1 2034 Fofl 0.225051
GOA_ATF 1 2034  F_LCI 0.16311
GOA_ATF 1 2034  F_UCI 0.185494
GOA_ATF 1 2034  F_Median 0.184949
GOA_ATF 1 2034  F_Mean 0.179917
GOA_ATF 2 2021 Cabc 79.182
GOA_ATF 2 2021 Cofl 84.7878
GOA_ATF 2 2021 CLCI 9.9884
GOA_ATF 2 2021 CUCI 9.9884
GOA_ATF 2 2021 CMedian 9.9884
GOA_ATF 2 2021 CMean 9.9884
GOA_ATF 2 2022 Cabc 79.182
GOA_ATF 2 2022 Cofl 84.7878
GOA_ATF 2 2022 CLCI 11.6347
GOA_ATF 2 2022 CUCI 11.6347
GOA_ATF 2 2022 CMedian 11.6347
GOA_ATF 2 2022 CMean 11.6347
GOA_ATF 2 2023 Cabc 79.182
GOA_ATF 2 2023 Cofl 84.7878
GOA_ATF 2 2023 CLCI 9.68543
GOA_ATF 2 2023 CUCI 9.68543
GOA_ATF 2 2023 CMedian 9.68543
GOA_ATF 2 2023 CMean 9.68543
GOA_ATF 2 2024 Cabc 79.182
GOA_ATF 2 2024 Cofl 84.7878
GOA_ATF 2 2024 CLCI 118.903
GOA_ATF 2 2024 CUCI 119.486
GOA_ATF 2 2024 CMedian 119.141
GOA_ATF 2 2024 CMean 119.16
GOA_ATF 2 2025 Cabc 79.182
GOA_ATF 2 2025 Cofl 84.7878
GOA_ATF 2 2025 CLCI 104.476
GOA_ATF 2 2025 CUCI 106.102
GOA_ATF 2 2025 CMedian 105.158
GOA_ATF 2 2025 CMean 105.203
GOA_ATF 2 2026 Cabc 79.182
GOA_ATF 2 2026 Cofl 84.7878
GOA_ATF 2 2026 CLCI 92.6128
GOA_ATF 2 2026 CUCI 96.3746
GOA_ATF 2 2026 CMedian 94.1791
GOA_ATF 2 2026 CMean 94.2991
GOA_ATF 2 2027 Cabc 79.182
GOA_ATF 2 2027 Cofl 84.7878
GOA_ATF 2 2027 CLCI 82.8943
GOA_ATF 2 2027 CUCI 89.9936
GOA_ATF 2 2027 CMedian 85.8488
GOA_ATF 2 2027 CMean 86.0947
GOA_ATF 2 2028 Cabc 79.182
GOA_ATF 2 2028 Cofl 84.7878
GOA_ATF 2 2028 CLCI 75.71
GOA_ATF 2 2028 CUCI 87.0211
GOA_ATF 2 2028 CMedian 80.4316
GOA_ATF 2 2028 CMean 80.7967
GOA_ATF 2 2029 Cabc 79.182
GOA_ATF 2 2029 Cofl 84.7878
GOA_ATF 2 2029 CLCI 66.8606
GOA_ATF 2 2029 CUCI 86.7159
GOA_ATF 2 2029 CMedian 77.8094
GOA_ATF 2 2029 CMean 77.3204
GOA_ATF 2 2030 Cabc 79.182
GOA_ATF 2 2030 Cofl 84.7878
GOA_ATF 2 2030 CLCI 62.4419
GOA_ATF 2 2030 CUCI 88.0658
GOA_ATF 2 2030 CMedian 76.8123
GOA_ATF 2 2030 CMean 75.8764
GOA_ATF 2 2031 Cabc 79.182
GOA_ATF 2 2031 Cofl 84.7878
GOA_ATF 2 2031 CLCI 61.2341
GOA_ATF 2 2031 CUCI 89.3836
GOA_ATF 2 2031 CMedian 77.0572
GOA_ATF 2 2031 CMean 75.9181
GOA_ATF 2 2032 Cabc 79.182
GOA_ATF 2 2032 Cofl 84.7878
GOA_ATF 2 2032 CLCI 60.8162
GOA_ATF 2 2032 CUCI 90.2312
GOA_ATF 2 2032 CMedian 77.2217
GOA_ATF 2 2032 CMean 76.2715
GOA_ATF 2 2033 Cabc 79.182
GOA_ATF 2 2033 Cofl 84.7878
GOA_ATF 2 2033 CLCI 61.3346
GOA_ATF 2 2033 CUCI 90.6967
GOA_ATF 2 2033 CMedian 77.5922
GOA_ATF 2 2033 CMean 76.6795
GOA_ATF 2 2034 Cabc 79.182
GOA_ATF 2 2034 Cofl 84.7878
GOA_ATF 2 2034 CLCI 61.2636
GOA_ATF 2 2034 CUCI 90.6323
GOA_ATF 2 2034 CMedian 77.7357
GOA_ATF 2 2034 CMean 77.0067
GOA_ATF 2 2021 SSBF100 1018.7
GOA_ATF 2 2021 SSBFabc 407.478
GOA_ATF 2 2021 SSBFofl 356.544
GOA_ATF 2 2021 SSBLCI 717.93
GOA_ATF 2 2021 SSBUCI 717.93
GOA_ATF 2 2021 SSBMedian 717.93
GOA_ATF 2 2021 SSBMean 717.93
GOA_ATF 2 2022 SSBF100 1018.7
GOA_ATF 2 2022 SSBFabc 407.478
GOA_ATF 2 2022 SSBFofl 356.544
GOA_ATF 2 2022 SSBLCI 704.306
GOA_ATF 2 2022 SSBUCI 704.306
GOA_ATF 2 2022 SSBMedian 704.306
GOA_ATF 2 2022 SSBMean 704.306
GOA_ATF 2 2023 SSBF100 1018.7
GOA_ATF 2 2023 SSBFabc 407.478
GOA_ATF 2 2023 SSBFofl 356.544
GOA_ATF 2 2023 SSBLCI 696.801
GOA_ATF 2 2023 SSBUCI 696.846
GOA_ATF 2 2023 SSBMedian 696.818
GOA_ATF 2 2023 SSBMean 696.82
GOA_ATF 2 2024 SSBF100 1018.7
GOA_ATF 2 2024 SSBFabc 407.478
GOA_ATF 2 2024 SSBFofl 356.544
GOA_ATF 2 2024 SSBLCI 690.255
GOA_ATF 2 2024 SSBUCI 690.501
GOA_ATF 2 2024 SSBMedian 690.352
GOA_ATF 2 2024 SSBMean 690.362
GOA_ATF 2 2025 SSBF100 1018.7
GOA_ATF 2 2025 SSBFabc 407.478
GOA_ATF 2 2025 SSBFofl 356.544
GOA_ATF 2 2025 SSBLCI 603.592
GOA_ATF 2 2025 SSBUCI 604.764
GOA_ATF 2 2025 SSBMedian 604.057
GOA_ATF 2 2025 SSBMean 604.106
GOA_ATF 2 2026 SSBF100 1018.7
GOA_ATF 2 2026 SSBFabc 407.478
GOA_ATF 2 2026 SSBFofl 356.544
GOA_ATF 2 2026 SSBLCI 529.337
GOA_ATF 2 2026 SSBUCI 534.528
GOA_ATF 2 2026 SSBMedian 531.388
GOA_ATF 2 2026 SSBMean 531.595
GOA_ATF 2 2027 SSBF100 1018.7
GOA_ATF 2 2027 SSBFabc 407.478
GOA_ATF 2 2027 SSBFofl 356.544
GOA_ATF 2 2027 SSBLCI 465.269
GOA_ATF 2 2027 SSBUCI 483.932
GOA_ATF 2 2027 SSBMedian 472.868
GOA_ATF 2 2027 SSBMean 473.511
GOA_ATF 2 2028 SSBF100 1018.7
GOA_ATF 2 2028 SSBFabc 407.478
GOA_ATF 2 2028 SSBFofl 356.544
GOA_ATF 2 2028 SSBLCI 414.599
GOA_ATF 2 2028 SSBUCI 462.362
GOA_ATF 2 2028 SSBMedian 434.426
GOA_ATF 2 2028 SSBMean 435.896
GOA_ATF 2 2029 SSBF100 1018.7
GOA_ATF 2 2029 SSBFabc 407.478
GOA_ATF 2 2029 SSBFofl 356.544
GOA_ATF 2 2029 SSBLCI 382.194
GOA_ATF 2 2029 SSBUCI 462.231
GOA_ATF 2 2029 SSBMedian 414.903
GOA_ATF 2 2029 SSBMean 417.991
GOA_ATF 2 2030 SSBF100 1018.7
GOA_ATF 2 2030 SSBFabc 407.478
GOA_ATF 2 2030 SSBFofl 356.544
GOA_ATF 2 2030 SSBLCI 368.056
GOA_ATF 2 2030 SSBUCI 463.362
GOA_ATF 2 2030 SSBMedian 408.189
GOA_ATF 2 2030 SSBMean 411.582
GOA_ATF 2 2031 SSBF100 1018.7
GOA_ATF 2 2031 SSBFabc 407.478
GOA_ATF 2 2031 SSBFofl 356.544
GOA_ATF 2 2031 SSBLCI 361.488
GOA_ATF 2 2031 SSBUCI 469.329
GOA_ATF 2 2031 SSBMedian 406.196
GOA_ATF 2 2031 SSBMean 410.058
GOA_ATF 2 2032 SSBF100 1018.7
GOA_ATF 2 2032 SSBFabc 407.478
GOA_ATF 2 2032 SSBFofl 356.544
GOA_ATF 2 2032 SSBLCI 359.715
GOA_ATF 2 2032 SSBUCI 471.302
GOA_ATF 2 2032 SSBMedian 406.148
GOA_ATF 2 2032 SSBMean 410.057
GOA_ATF 2 2033 SSBF100 1018.7
GOA_ATF 2 2033 SSBFabc 407.478
GOA_ATF 2 2033 SSBFofl 356.544
GOA_ATF 2 2033 SSBLCI 360.02
GOA_ATF 2 2033 SSBUCI 474.441
GOA_ATF 2 2033 SSBMedian 406.614
GOA_ATF 2 2033 SSBMean 410.528
GOA_ATF 2 2034 SSBF100 1018.7
GOA_ATF 2 2034 SSBFabc 407.478
GOA_ATF 2 2034 SSBFofl 356.544
GOA_ATF 2 2034 SSBLCI 360.766
GOA_ATF 2 2034 SSBUCI 473.097
GOA_ATF 2 2034 SSBMedian 406.341
GOA_ATF 2 2034 SSBMean 411.18
GOA_ATF 2 2021 F0 0 
GOA_ATF 2 2021 Fabc 0.185494
GOA_ATF 2 2021 Fofl 0.225051
GOA_ATF 2 2021  F_LCI 0.0142925
GOA_ATF 2 2021  F_UCI 0.0142925
GOA_ATF 2 2021  F_Median 0.0142925
GOA_ATF 2 2021  F_Mean 0.0142925
GOA_ATF 2 2022 F0 0 
GOA_ATF 2 2022 Fabc 0.185494
GOA_ATF 2 2022 Fofl 0.225051
GOA_ATF 2 2022  F_LCI 0.0168467
GOA_ATF 2 2022  F_UCI 0.0168519
GOA_ATF 2 2022  F_Median 0.01685
GOA_ATF 2 2022  F_Mean 0.0168497
GOA_ATF 2 2023 F0 0 
GOA_ATF 2 2023 Fabc 0.185494
GOA_ATF 2 2023 Fofl 0.225051
GOA_ATF 2 2023  F_LCI 0.014108
GOA_ATF 2 2023  F_UCI 0.0141275
GOA_ATF 2 2023  F_Median 0.0141198
GOA_ATF 2 2023  F_Mean 0.0141191
GOA_ATF 2 2024 F0 0 
GOA_ATF 2 2024 Fabc 0.185494
GOA_ATF 2 2024 Fofl 0.225051
GOA_ATF 2 2024  F_LCI 0.185494
GOA_ATF 2 2024  F_UCI 0.185494
GOA_ATF 2 2024  F_Median 0.185494
GOA_ATF 2 2024  F_Mean 0.185494
GOA_ATF 2 2025 F0 0 
GOA_ATF 2 2025 Fabc 0.185494
GOA_ATF 2 2025 Fofl 0.225051
GOA_ATF 2 2025  F_LCI 0.185494
GOA_ATF 2 2025  F_UCI 0.185494
GOA_ATF 2 2025  F_Median 0.185494
GOA_ATF 2 2025  F_Mean 0.185494
GOA_ATF 2 2026 F0 0 
GOA_ATF 2 2026 Fabc 0.185494
GOA_ATF 2 2026 Fofl 0.225051
GOA_ATF 2 2026  F_LCI 0.185494
GOA_ATF 2 2026  F_UCI 0.185494
GOA_ATF 2 2026  F_Median 0.185494
GOA_ATF 2 2026  F_Mean 0.185494
GOA_ATF 2 2027 F0 0 
GOA_ATF 2 2027 Fabc 0.185494
GOA_ATF 2 2027 Fofl 0.225051
GOA_ATF 2 2027  F_LCI 0.185494
GOA_ATF 2 2027  F_UCI 0.185494
GOA_ATF 2 2027  F_Median 0.185494
GOA_ATF 2 2027  F_Mean 0.185494
GOA_ATF 2 2028 F0 0 
GOA_ATF 2 2028 Fabc 0.185494
GOA_ATF 2 2028 Fofl 0.225051
GOA_ATF 2 2028  F_LCI 0.185494
GOA_ATF 2 2028  F_UCI 0.185494
GOA_ATF 2 2028  F_Median 0.185494
GOA_ATF 2 2028  F_Mean 0.185488
GOA_ATF 2 2029 F0 0 
GOA_ATF 2 2029 Fabc 0.185494
GOA_ATF 2 2029 Fofl 0.225051
GOA_ATF 2 2029  F_LCI 0.173378
GOA_ATF 2 2029  F_UCI 0.185494
GOA_ATF 2 2029  F_Median 0.185494
GOA_ATF 2 2029  F_Mean 0.183049
GOA_ATF 2 2030 F0 0 
GOA_ATF 2 2030 Fabc 0.185494
GOA_ATF 2 2030 Fofl 0.225051
GOA_ATF 2 2030  F_LCI 0.166603
GOA_ATF 2 2030  F_UCI 0.185494
GOA_ATF 2 2030  F_Median 0.185494
GOA_ATF 2 2030  F_Mean 0.180561
GOA_ATF 2 2031 F0 0 
GOA_ATF 2 2031 Fabc 0.185494
GOA_ATF 2 2031 Fofl 0.225051
GOA_ATF 2 2031  F_LCI 0.163456
GOA_ATF 2 2031  F_UCI 0.185494
GOA_ATF 2 2031  F_Median 0.184879
GOA_ATF 2 2031  F_Mean 0.17972
GOA_ATF 2 2032 F0 0 
GOA_ATF 2 2032 Fabc 0.185494
GOA_ATF 2 2032 Fofl 0.225051
GOA_ATF 2 2032  F_LCI 0.162606
GOA_ATF 2 2032  F_UCI 0.185494
GOA_ATF 2 2032  F_Median 0.184856
GOA_ATF 2 2032  F_Mean 0.179563
GOA_ATF 2 2033 F0 0 
GOA_ATF 2 2033 Fabc 0.185494
GOA_ATF 2 2033 Fofl 0.225051
GOA_ATF 2 2033  F_LCI 0.162752
GOA_ATF 2 2033  F_UCI 0.185494
GOA_ATF 2 2033  F_Median 0.185079
GOA_ATF 2 2033  F_Mean 0.179731
GOA_ATF 2 2034 F0 0 
GOA_ATF 2 2034 Fabc 0.185494
GOA_ATF 2 2034 Fofl 0.225051
GOA_ATF 2 2034  F_LCI 0.16311
GOA_ATF 2 2034  F_UCI 0.185494
GOA_ATF 2 2034  F_Median 0.184949
GOA_ATF 2 2034  F_Mean 0.179917
GOA_ATF 3 2021 Cabc 79.182
GOA_ATF 3 2021 Cofl 84.7878
GOA_ATF 3 2021 CLCI 9.9884
GOA_ATF 3 2021 CUCI 9.9884
GOA_ATF 3 2021 CMedian 9.9884
GOA_ATF 3 2021 CMean 9.9884
GOA_ATF 3 2022 Cabc 79.182
GOA_ATF 3 2022 Cofl 84.7878
GOA_ATF 3 2022 CLCI 11.6347
GOA_ATF 3 2022 CUCI 11.6347
GOA_ATF 3 2022 CMedian 11.6347
GOA_ATF 3 2022 CMean 11.6347
GOA_ATF 3 2023 Cabc 79.182
GOA_ATF 3 2023 Cofl 84.7878
GOA_ATF 3 2023 CLCI 9.68543
GOA_ATF 3 2023 CUCI 9.68543
GOA_ATF 3 2023 CMedian 9.68543
GOA_ATF 3 2023 CMean 9.68543
GOA_ATF 3 2024 Cabc 79.182
GOA_ATF 3 2024 Cofl 84.7878
GOA_ATF 3 2024 CLCI 61.6516
GOA_ATF 3 2024 CUCI 61.9433
GOA_ATF 3 2024 CMedian 61.7704
GOA_ATF 3 2024 CMean 61.7801
GOA_ATF 3 2025 Cabc 79.182
GOA_ATF 3 2025 Cofl 84.7878
GOA_ATF 3 2025 CLCI 58.1601
GOA_ATF 3 2025 CUCI 58.9784
GOA_ATF 3 2025 CMedian 58.5035
GOA_ATF 3 2025 CMean 58.5258
GOA_ATF 3 2026 Cabc 79.182
GOA_ATF 3 2026 Cofl 84.7878
GOA_ATF 3 2026 CLCI 54.9514
GOA_ATF 3 2026 CUCI 56.8633
GOA_ATF 3 2026 CMedian 55.7487
GOA_ATF 3 2026 CMean 55.8084
GOA_ATF 3 2027 Cabc 79.182
GOA_ATF 3 2027 Cofl 84.7878
GOA_ATF 3 2027 CLCI 51.9442
GOA_ATF 3 2027 CUCI 55.623
GOA_ATF 3 2027 CMedian 53.4682
GOA_ATF 3 2027 CMean 53.5971
GOA_ATF 3 2028 Cabc 79.182
GOA_ATF 3 2028 Cofl 84.7878
GOA_ATF 3 2028 CLCI 49.4818
GOA_ATF 3 2028 CUCI 55.489
GOA_ATF 3 2028 CMedian 51.9925
GOA_ATF 3 2028 CMean 52.1985
GOA_ATF 3 2029 Cabc 79.182
GOA_ATF 3 2029 Cofl 84.7878
GOA_ATF 3 2029 CLCI 47.7848
GOA_ATF 3 2029 CUCI 56.4127
GOA_ATF 3 2029 CMedian 51.5497
GOA_ATF 3 2029 CMean 51.7689
GOA_ATF 3 2030 Cabc 79.182
GOA_ATF 3 2030 Cofl 84.7878
GOA_ATF 3 2030 CLCI 46.9582
GOA_ATF 3 2030 CUCI 58.0946
GOA_ATF 3 2030 CMedian 51.8153
GOA_ATF 3 2030 CMean 52.1406
GOA_ATF 3 2031 Cabc 79.182
GOA_ATF 3 2031 Cofl 84.7878
GOA_ATF 3 2031 CLCI 46.7716
GOA_ATF 3 2031 CUCI 59.8461
GOA_ATF 3 2031 CMedian 52.5514
GOA_ATF 3 2031 CMean 52.863
GOA_ATF 3 2032 Cabc 79.182
GOA_ATF 3 2032 Cofl 84.7878
GOA_ATF 3 2032 CLCI 47.0187
GOA_ATF 3 2032 CUCI 61.0385
GOA_ATF 3 2032 CMedian 53.2991
GOA_ATF 3 2032 CMean 53.5365
GOA_ATF 3 2033 Cabc 79.182
GOA_ATF 3 2033 Cofl 84.7878
GOA_ATF 3 2033 CLCI 47.1346
GOA_ATF 3 2033 CUCI 62.0058
GOA_ATF 3 2033 CMedian 53.636
GOA_ATF 3 2033 CMean 54.104
GOA_ATF 3 2034 Cabc 79.182
GOA_ATF 3 2034 Cofl 84.7878
GOA_ATF 3 2034 CLCI 47.4217
GOA_ATF 3 2034 CUCI 62.633
GOA_ATF 3 2034 CMedian 54.2632
GOA_ATF 3 2034 CMean 54.5601
GOA_ATF 3 2021 SSBF100 1018.7
GOA_ATF 3 2021 SSBFabc 407.478
GOA_ATF 3 2021 SSBFofl 356.544
GOA_ATF 3 2021 SSBLCI 717.93
GOA_ATF 3 2021 SSBUCI 717.93
GOA_ATF 3 2021 SSBMedian 717.93
GOA_ATF 3 2021 SSBMean 717.93
GOA_ATF 3 2022 SSBF100 1018.7
GOA_ATF 3 2022 SSBFabc 407.478
GOA_ATF 3 2022 SSBFofl 356.544
GOA_ATF 3 2022 SSBLCI 704.306
GOA_ATF 3 2022 SSBUCI 704.306
GOA_ATF 3 2022 SSBMedian 704.306
GOA_ATF 3 2022 SSBMean 704.306
GOA_ATF 3 2023 SSBF100 1018.7
GOA_ATF 3 2023 SSBFabc 407.478
GOA_ATF 3 2023 SSBFofl 356.544
GOA_ATF 3 2023 SSBLCI 696.801
GOA_ATF 3 2023 SSBUCI 696.846
GOA_ATF 3 2023 SSBMedian 696.818
GOA_ATF 3 2023 SSBMean 696.82
GOA_ATF 3 2024 SSBF100 1018.7
GOA_ATF 3 2024 SSBFabc 407.478
GOA_ATF 3 2024 SSBFofl 356.544
GOA_ATF 3 2024 SSBLCI 694.847
GOA_ATF 3 2024 SSBUCI 695.094
GOA_ATF 3 2024 SSBMedian 694.945
GOA_ATF 3 2024 SSBMean 694.955
GOA_ATF 3 2025 SSBF100 1018.7
GOA_ATF 3 2025 SSBFabc 407.478
GOA_ATF 3 2025 SSBFofl 356.544
GOA_ATF 3 2025 SSBLCI 654.475
GOA_ATF 3 2025 SSBUCI 655.653
GOA_ATF 3 2025 SSBMedian 654.942
GOA_ATF 3 2025 SSBMean 654.992
GOA_ATF 3 2026 SSBF100 1018.7
GOA_ATF 3 2026 SSBFabc 407.478
GOA_ATF 3 2026 SSBFofl 356.544
GOA_ATF 3 2026 SSBLCI 614.394
GOA_ATF 3 2026 SSBUCI 619.643
GOA_ATF 3 2026 SSBMedian 616.466
GOA_ATF 3 2026 SSBMean 616.677
GOA_ATF 3 2027 SSBF100 1018.7
GOA_ATF 3 2027 SSBFabc 407.478
GOA_ATF 3 2027 SSBFofl 356.544
GOA_ATF 3 2027 SSBLCI 574.224
GOA_ATF 3 2027 SSBUCI 593.321
GOA_ATF 3 2027 SSBMedian 581.99
GOA_ATF 3 2027 SSBMean 582.652
GOA_ATF 3 2028 SSBF100 1018.7
GOA_ATF 3 2028 SSBFabc 407.478
GOA_ATF 3 2028 SSBFofl 356.544
GOA_ATF 3 2028 SSBLCI 538.965
GOA_ATF 3 2028 SSBUCI 589.201
GOA_ATF 3 2028 SSBMedian 559.887
GOA_ATF 3 2028 SSBMean 561.351
GOA_ATF 3 2029 SSBF100 1018.7
GOA_ATF 3 2029 SSBFabc 407.478
GOA_ATF 3 2029 SSBFofl 356.544
GOA_ATF 3 2029 SSBLCI 515.509
GOA_ATF 3 2029 SSBUCI 603.078
GOA_ATF 3 2029 SSBMedian 551.479
GOA_ATF 3 2029 SSBMean 554.718
GOA_ATF 3 2030 SSBF100 1018.7
GOA_ATF 3 2030 SSBFabc 407.478
GOA_ATF 3 2030 SSBFofl 356.544
GOA_ATF 3 2030 SSBLCI 504.364
GOA_ATF 3 2030 SSBUCI 616.394
GOA_ATF 3 2030 SSBMedian 553.168
GOA_ATF 3 2030 SSBMean 556.25
GOA_ATF 3 2031 SSBF100 1018.7
GOA_ATF 3 2031 SSBFabc 407.478
GOA_ATF 3 2031 SSBFofl 356.544
GOA_ATF 3 2031 SSBLCI 498.723
GOA_ATF 3 2031 SSBUCI 632.491
GOA_ATF 3 2031 SSBMedian 556.942
GOA_ATF 3 2031 SSBMean 560.763
GOA_ATF 3 2032 SSBF100 1018.7
GOA_ATF 3 2032 SSBFabc 407.478
GOA_ATF 3 2032 SSBFofl 356.544
GOA_ATF 3 2032 SSBLCI 496.671
GOA_ATF 3 2032 SSBUCI 643.091
GOA_ATF 3 2032 SSBMedian 562.799
GOA_ATF 3 2032 SSBMean 565.811
GOA_ATF 3 2033 SSBF100 1018.7
GOA_ATF 3 2033 SSBFabc 407.478
GOA_ATF 3 2033 SSBFofl 356.544
GOA_ATF 3 2033 SSBLCI 498.745
GOA_ATF 3 2033 SSBUCI 655.968
GOA_ATF 3 2033 SSBMedian 566.603
GOA_ATF 3 2033 SSBMean 570.564
GOA_ATF 3 2034 SSBF100 1018.7
GOA_ATF 3 2034 SSBFabc 407.478
GOA_ATF 3 2034 SSBFofl 356.544
GOA_ATF 3 2034 SSBLCI 500.036
GOA_ATF 3 2034 SSBUCI 658.605
GOA_ATF 3 2034 SSBMedian 569.63
GOA_ATF 3 2034 SSBMean 574.826
GOA_ATF 3 2021 F0 0 
GOA_ATF 3 2021 Fabc 0.185494
GOA_ATF 3 2021 Fofl 0.225051
GOA_ATF 3 2021  F_LCI 0.0142925
GOA_ATF 3 2021  F_UCI 0.0142925
GOA_ATF 3 2021  F_Median 0.0142925
GOA_ATF 3 2021  F_Mean 0.0142925
GOA_ATF 3 2022 F0 0 
GOA_ATF 3 2022 Fabc 0.185494
GOA_ATF 3 2022 Fofl 0.225051
GOA_ATF 3 2022  F_LCI 0.0168467
GOA_ATF 3 2022  F_UCI 0.0168519
GOA_ATF 3 2022  F_Median 0.01685
GOA_ATF 3 2022  F_Mean 0.0168497
GOA_ATF 3 2023 F0 0 
GOA_ATF 3 2023 Fabc 0.185494
GOA_ATF 3 2023 Fofl 0.225051
GOA_ATF 3 2023  F_LCI 0.014108
GOA_ATF 3 2023  F_UCI 0.0141275
GOA_ATF 3 2023  F_Median 0.0141198
GOA_ATF 3 2023  F_Mean 0.0141191
GOA_ATF 3 2024 F0 0 
GOA_ATF 3 2024 Fabc 0.185494
GOA_ATF 3 2024 Fofl 0.225051
GOA_ATF 3 2024  F_LCI 0.0927468
GOA_ATF 3 2024  F_UCI 0.0927468
GOA_ATF 3 2024  F_Median 0.0927468
GOA_ATF 3 2024  F_Mean 0.0927468
GOA_ATF 3 2025 F0 0 
GOA_ATF 3 2025 Fabc 0.185494
GOA_ATF 3 2025 Fofl 0.225051
GOA_ATF 3 2025  F_LCI 0.0927468
GOA_ATF 3 2025  F_UCI 0.0927468
GOA_ATF 3 2025  F_Median 0.0927468
GOA_ATF 3 2025  F_Mean 0.0927468
GOA_ATF 3 2026 F0 0 
GOA_ATF 3 2026 Fabc 0.185494
GOA_ATF 3 2026 Fofl 0.225051
GOA_ATF 3 2026  F_LCI 0.0927468
GOA_ATF 3 2026  F_UCI 0.0927468
GOA_ATF 3 2026  F_Median 0.0927468
GOA_ATF 3 2026  F_Mean 0.0927468
GOA_ATF 3 2027 F0 0 
GOA_ATF 3 2027 Fabc 0.185494
GOA_ATF 3 2027 Fofl 0.225051
GOA_ATF 3 2027  F_LCI 0.0927468
GOA_ATF 3 2027  F_UCI 0.0927468
GOA_ATF 3 2027  F_Median 0.0927468
GOA_ATF 3 2027  F_Mean 0.0927468
GOA_ATF 3 2028 F0 0 
GOA_ATF 3 2028 Fabc 0.185494
GOA_ATF 3 2028 Fofl 0.225051
GOA_ATF 3 2028  F_LCI 0.0927468
GOA_ATF 3 2028  F_UCI 0.0927468
GOA_ATF 3 2028  F_Median 0.0927468
GOA_ATF 3 2028  F_Mean 0.0927468
GOA_ATF 3 2029 F0 0 
GOA_ATF 3 2029 Fabc 0.185494
GOA_ATF 3 2029 Fofl 0.225051
GOA_ATF 3 2029  F_LCI 0.0927468
GOA_ATF 3 2029  F_UCI 0.0927468
GOA_ATF 3 2029  F_Median 0.0927468
GOA_ATF 3 2029  F_Mean 0.0927468
GOA_ATF 3 2030 F0 0 
GOA_ATF 3 2030 Fabc 0.185494
GOA_ATF 3 2030 Fofl 0.225051
GOA_ATF 3 2030  F_LCI 0.0927468
GOA_ATF 3 2030  F_UCI 0.0927468
GOA_ATF 3 2030  F_Median 0.0927468
GOA_ATF 3 2030  F_Mean 0.0927468
GOA_ATF 3 2031 F0 0 
GOA_ATF 3 2031 Fabc 0.185494
GOA_ATF 3 2031 Fofl 0.225051
GOA_ATF 3 2031  F_LCI 0.0927468
GOA_ATF 3 2031  F_UCI 0.0927468
GOA_ATF 3 2031  F_Median 0.0927468
GOA_ATF 3 2031  F_Mean 0.0927468
GOA_ATF 3 2032 F0 0 
GOA_ATF 3 2032 Fabc 0.185494
GOA_ATF 3 2032 Fofl 0.225051
GOA_ATF 3 2032  F_LCI 0.0927468
GOA_ATF 3 2032  F_UCI 0.0927468
GOA_ATF 3 2032  F_Median 0.0927468
GOA_ATF 3 2032  F_Mean 0.0927468
GOA_ATF 3 2033 F0 0 
GOA_ATF 3 2033 Fabc 0.185494
GOA_ATF 3 2033 Fofl 0.225051
GOA_ATF 3 2033  F_LCI 0.0927468
GOA_ATF 3 2033  F_UCI 0.0927468
GOA_ATF 3 2033  F_Median 0.0927468
GOA_ATF 3 2033  F_Mean 0.0927468
GOA_ATF 3 2034 F0 0 
GOA_ATF 3 2034 Fabc 0.185494
GOA_ATF 3 2034 Fofl 0.225051
GOA_ATF 3 2034  F_LCI 0.0927468
GOA_ATF 3 2034  F_UCI 0.0927468
GOA_ATF 3 2034  F_Median 0.0927468
GOA_ATF 3 2034  F_Mean 0.0927468
GOA_ATF 4 2021 Cabc 79.182
GOA_ATF 4 2021 Cofl 84.7878
GOA_ATF 4 2021 CLCI 9.9884
GOA_ATF 4 2021 CUCI 9.9884
GOA_ATF 4 2021 CMedian 9.9884
GOA_ATF 4 2021 CMean 9.9884
GOA_ATF 4 2022 Cabc 79.182
GOA_ATF 4 2022 Cofl 84.7878
GOA_ATF 4 2022 CLCI 11.6347
GOA_ATF 4 2022 CUCI 11.6347
GOA_ATF 4 2022 CMedian 11.6347
GOA_ATF 4 2022 CMean 11.6347
GOA_ATF 4 2023 Cabc 79.182
GOA_ATF 4 2023 Cofl 84.7878
GOA_ATF 4 2023 CLCI 9.68543
GOA_ATF 4 2023 CUCI 9.68543
GOA_ATF 4 2023 CMedian 9.68543
GOA_ATF 4 2023 CMean 9.68543
GOA_ATF 4 2024 Cabc 79.182
GOA_ATF 4 2024 Cofl 84.7878
GOA_ATF 4 2024 CLCI 19.0478
GOA_ATF 4 2024 CUCI 19.1357
GOA_ATF 4 2024 CMedian 19.0836
GOA_ATF 4 2024 CMean 19.0865
GOA_ATF 4 2025 Cabc 79.182
GOA_ATF 4 2025 Cofl 84.7878
GOA_ATF 4 2025 CLCI 18.8951
GOA_ATF 4 2025 CUCI 19.1426
GOA_ATF 4 2025 CMedian 18.999
GOA_ATF 4 2025 CMean 19.0057
GOA_ATF 4 2026 Cabc 79.182
GOA_ATF 4 2026 Cofl 84.7878
GOA_ATF 4 2026 CLCI 18.695
GOA_ATF 4 2026 CUCI 19.277
GOA_ATF 4 2026 CMedian 18.9381
GOA_ATF 4 2026 CMean 18.956
GOA_ATF 4 2027 Cabc 79.182
GOA_ATF 4 2027 Cofl 84.7878
GOA_ATF 4 2027 CLCI 18.4119
GOA_ATF 4 2027 CUCI 19.5451
GOA_ATF 4 2027 CMedian 18.8824
GOA_ATF 4 2027 CMean 18.921
GOA_ATF 4 2028 Cabc 79.182
GOA_ATF 4 2028 Cofl 84.7878
GOA_ATF 4 2028 CLCI 18.1425
GOA_ATF 4 2028 CUCI 20.0378
GOA_ATF 4 2028 CMedian 18.9364
GOA_ATF 4 2028 CMean 19.0048
GOA_ATF 4 2029 Cabc 79.182
GOA_ATF 4 2029 Cofl 84.7878
GOA_ATF 4 2029 CLCI 18.0099
GOA_ATF 4 2029 CUCI 20.8195
GOA_ATF 4 2029 CMedian 19.2045
GOA_ATF 4 2029 CMean 19.2901
GOA_ATF 4 2030 Cabc 79.182
GOA_ATF 4 2030 Cofl 84.7878
GOA_ATF 4 2030 CLCI 18.0464
GOA_ATF 4 2030 CUCI 21.7676
GOA_ATF 4 2030 CMedian 19.6694
GOA_ATF 4 2030 CMean 19.7692
GOA_ATF 4 2031 Cabc 79.182
GOA_ATF 4 2031 Cofl 84.7878
GOA_ATF 4 2031 CLCI 18.2367
GOA_ATF 4 2031 CUCI 22.7408
GOA_ATF 4 2031 CMedian 20.2304
GOA_ATF 4 2031 CMean 20.3314
GOA_ATF 4 2032 Cabc 79.182
GOA_ATF 4 2032 Cofl 84.7878
GOA_ATF 4 2032 CLCI 18.5527
GOA_ATF 4 2032 CUCI 23.4934
GOA_ATF 4 2032 CMedian 20.7486
GOA_ATF 4 2032 CMean 20.8484
GOA_ATF 4 2033 Cabc 79.182
GOA_ATF 4 2033 Cofl 84.7878
GOA_ATF 4 2033 CLCI 18.8389
GOA_ATF 4 2033 CUCI 24.1904
GOA_ATF 4 2033 CMedian 21.1647
GOA_ATF 4 2033 CMean 21.2992
GOA_ATF 4 2034 Cabc 79.182
GOA_ATF 4 2034 Cofl 84.7878
GOA_ATF 4 2034 CLCI 19.0765
GOA_ATF 4 2034 CUCI 24.6132
GOA_ATF 4 2034 CMedian 21.5456
GOA_ATF 4 2034 CMean 21.6794
GOA_ATF 4 2021 SSBF100 1018.7
GOA_ATF 4 2021 SSBFabc 407.478
GOA_ATF 4 2021 SSBFofl 356.544
GOA_ATF 4 2021 SSBLCI 717.93
GOA_ATF 4 2021 SSBUCI 717.93
GOA_ATF 4 2021 SSBMedian 717.93
GOA_ATF 4 2021 SSBMean 717.93
GOA_ATF 4 2022 SSBF100 1018.7
GOA_ATF 4 2022 SSBFabc 407.478
GOA_ATF 4 2022 SSBFofl 356.544
GOA_ATF 4 2022 SSBLCI 704.306
GOA_ATF 4 2022 SSBUCI 704.306
GOA_ATF 4 2022 SSBMedian 704.306
GOA_ATF 4 2022 SSBMean 704.306
GOA_ATF 4 2023 SSBF100 1018.7
GOA_ATF 4 2023 SSBFabc 407.478
GOA_ATF 4 2023 SSBFofl 356.544
GOA_ATF 4 2023 SSBLCI 696.801
GOA_ATF 4 2023 SSBUCI 696.846
GOA_ATF 4 2023 SSBMedian 696.818
GOA_ATF 4 2023 SSBMean 696.82
GOA_ATF 4 2024 SSBF100 1018.7
GOA_ATF 4 2024 SSBFabc 407.478
GOA_ATF 4 2024 SSBFofl 356.544
GOA_ATF 4 2024 SSBLCI 698.076
GOA_ATF 4 2024 SSBUCI 698.323
GOA_ATF 4 2024 SSBMedian 698.174
GOA_ATF 4 2024 SSBMean 698.184
GOA_ATF 4 2025 SSBF100 1018.7
GOA_ATF 4 2025 SSBFabc 407.478
GOA_ATF 4 2025 SSBFofl 356.544
GOA_ATF 4 2025 SSBLCI 692.761
GOA_ATF 4 2025 SSBUCI 693.942
GOA_ATF 4 2025 SSBMedian 693.23
GOA_ATF 4 2025 SSBMean 693.279
GOA_ATF 4 2026 SSBF100 1018.7
GOA_ATF 4 2026 SSBFabc 407.478
GOA_ATF 4 2026 SSBFofl 356.544
GOA_ATF 4 2026 SSBLCI 682.71
GOA_ATF 4 2026 SSBUCI 688.001
GOA_ATF 4 2026 SSBMedian 684.796
GOA_ATF 4 2026 SSBMean 685.011
GOA_ATF 4 2027 SSBF100 1018.7
GOA_ATF 4 2027 SSBFabc 407.478
GOA_ATF 4 2027 SSBFofl 356.544
GOA_ATF 4 2027 SSBLCI 667.382
GOA_ATF 4 2027 SSBUCI 686.83
GOA_ATF 4 2027 SSBMedian 675.281
GOA_ATF 4 2027 SSBMean 675.965
GOA_ATF 4 2028 SSBF100 1018.7
GOA_ATF 4 2028 SSBFabc 407.478
GOA_ATF 4 2028 SSBFofl 356.544
GOA_ATF 4 2028 SSBLCI 651.908
GOA_ATF 4 2028 SSBUCI 703.951
GOA_ATF 4 2028 SSBMedian 673.606
GOA_ATF 4 2028 SSBMean 675.089
GOA_ATF 4 2029 SSBF100 1018.7
GOA_ATF 4 2029 SSBFabc 407.478
GOA_ATF 4 2029 SSBFofl 356.544
GOA_ATF 4 2029 SSBLCI 643.92
GOA_ATF 4 2029 SSBUCI 737.073
GOA_ATF 4 2029 SSBMedian 682.096
GOA_ATF 4 2029 SSBMean 685.42
GOA_ATF 4 2030 SSBF100 1018.7
GOA_ATF 4 2030 SSBFabc 407.478
GOA_ATF 4 2030 SSBFofl 356.544
GOA_ATF 4 2030 SSBLCI 645.597
GOA_ATF 4 2030 SSBUCI 768.024
GOA_ATF 4 2030 SSBMedian 698.212
GOA_ATF 4 2030 SSBMean 701.674
GOA_ATF 4 2031 SSBF100 1018.7
GOA_ATF 4 2031 SSBFabc 407.478
GOA_ATF 4 2031 SSBFofl 356.544
GOA_ATF 4 2031 SSBLCI 651.04
GOA_ATF 4 2031 SSBUCI 799.506
GOA_ATF 4 2031 SSBMedian 715.395
GOA_ATF 4 2031 SSBMean 719.467
GOA_ATF 4 2032 SSBF100 1018.7
GOA_ATF 4 2032 SSBFabc 407.478
GOA_ATF 4 2032 SSBFofl 356.544
GOA_ATF 4 2032 SSBLCI 658.06
GOA_ATF 4 2032 SSBUCI 824.816
GOA_ATF 4 2032 SSBMedian 734.009
GOA_ATF 4 2032 SSBMean 736.641
GOA_ATF 4 2033 SSBF100 1018.7
GOA_ATF 4 2033 SSBFabc 407.478
GOA_ATF 4 2033 SSBFofl 356.544
GOA_ATF 4 2033 SSBLCI 668.313
GOA_ATF 4 2033 SSBUCI 849.534
GOA_ATF 4 2033 SSBMedian 748.737
GOA_ATF 4 2033 SSBMean 752.307
GOA_ATF 4 2034 SSBF100 1018.7
GOA_ATF 4 2034 SSBFabc 407.478
GOA_ATF 4 2034 SSBFofl 356.544
GOA_ATF 4 2034 SSBLCI 675.656
GOA_ATF 4 2034 SSBUCI 868.289
GOA_ATF 4 2034 SSBMedian 760.869
GOA_ATF 4 2034 SSBMean 766.185
GOA_ATF 4 2021 F0 0 
GOA_ATF 4 2021 Fabc 0.185494
GOA_ATF 4 2021 Fofl 0.225051
GOA_ATF 4 2021  F_LCI 0.0142925
GOA_ATF 4 2021  F_UCI 0.0142925
GOA_ATF 4 2021  F_Median 0.0142925
GOA_ATF 4 2021  F_Mean 0.0142925
GOA_ATF 4 2022 F0 0 
GOA_ATF 4 2022 Fabc 0.185494
GOA_ATF 4 2022 Fofl 0.225051
GOA_ATF 4 2022  F_LCI 0.0168467
GOA_ATF 4 2022  F_UCI 0.0168519
GOA_ATF 4 2022  F_Median 0.01685
GOA_ATF 4 2022  F_Mean 0.0168497
GOA_ATF 4 2023 F0 0 
GOA_ATF 4 2023 Fabc 0.185494
GOA_ATF 4 2023 Fofl 0.225051
GOA_ATF 4 2023  F_LCI 0.014108
GOA_ATF 4 2023  F_UCI 0.0141275
GOA_ATF 4 2023  F_Median 0.0141198
GOA_ATF 4 2023  F_Mean 0.0141191
GOA_ATF 4 2024 F0 0 
GOA_ATF 4 2024 Fabc 0.185494
GOA_ATF 4 2024 Fofl 0.225051
GOA_ATF 4 2024  F_LCI 0.0279263
GOA_ATF 4 2024  F_UCI 0.0279263
GOA_ATF 4 2024  F_Median 0.0279263
GOA_ATF 4 2024  F_Mean 0.0279263
GOA_ATF 4 2025 F0 0 
GOA_ATF 4 2025 Fabc 0.185494
GOA_ATF 4 2025 Fofl 0.225051
GOA_ATF 4 2025  F_LCI 0.0279263
GOA_ATF 4 2025  F_UCI 0.0279263
GOA_ATF 4 2025  F_Median 0.0279263
GOA_ATF 4 2025  F_Mean 0.0279263
GOA_ATF 4 2026 F0 0 
GOA_ATF 4 2026 Fabc 0.185494
GOA_ATF 4 2026 Fofl 0.225051
GOA_ATF 4 2026  F_LCI 0.0279263
GOA_ATF 4 2026  F_UCI 0.0279263
GOA_ATF 4 2026  F_Median 0.0279263
GOA_ATF 4 2026  F_Mean 0.0279263
GOA_ATF 4 2027 F0 0 
GOA_ATF 4 2027 Fabc 0.185494
GOA_ATF 4 2027 Fofl 0.225051
GOA_ATF 4 2027  F_LCI 0.0279263
GOA_ATF 4 2027  F_UCI 0.0279263
GOA_ATF 4 2027  F_Median 0.0279263
GOA_ATF 4 2027  F_Mean 0.0279263
GOA_ATF 4 2028 F0 0 
GOA_ATF 4 2028 Fabc 0.185494
GOA_ATF 4 2028 Fofl 0.225051
GOA_ATF 4 2028  F_LCI 0.0279263
GOA_ATF 4 2028  F_UCI 0.0279263
GOA_ATF 4 2028  F_Median 0.0279263
GOA_ATF 4 2028  F_Mean 0.0279263
GOA_ATF 4 2029 F0 0 
GOA_ATF 4 2029 Fabc 0.185494
GOA_ATF 4 2029 Fofl 0.225051
GOA_ATF 4 2029  F_LCI 0.0279263
GOA_ATF 4 2029  F_UCI 0.0279263
GOA_ATF 4 2029  F_Median 0.0279263
GOA_ATF 4 2029  F_Mean 0.0279263
GOA_ATF 4 2030 F0 0 
GOA_ATF 4 2030 Fabc 0.185494
GOA_ATF 4 2030 Fofl 0.225051
GOA_ATF 4 2030  F_LCI 0.0279263
GOA_ATF 4 2030  F_UCI 0.0279263
GOA_ATF 4 2030  F_Median 0.0279263
GOA_ATF 4 2030  F_Mean 0.0279263
GOA_ATF 4 2031 F0 0 
GOA_ATF 4 2031 Fabc 0.185494
GOA_ATF 4 2031 Fofl 0.225051
GOA_ATF 4 2031  F_LCI 0.0279263
GOA_ATF 4 2031  F_UCI 0.0279263
GOA_ATF 4 2031  F_Median 0.0279263
GOA_ATF 4 2031  F_Mean 0.0279263
GOA_ATF 4 2032 F0 0 
GOA_ATF 4 2032 Fabc 0.185494
GOA_ATF 4 2032 Fofl 0.225051
GOA_ATF 4 2032  F_LCI 0.0279263
GOA_ATF 4 2032  F_UCI 0.0279263
GOA_ATF 4 2032  F_Median 0.0279263
GOA_ATF 4 2032  F_Mean 0.0279263
GOA_ATF 4 2033 F0 0 
GOA_ATF 4 2033 Fabc 0.185494
GOA_ATF 4 2033 Fofl 0.225051
GOA_ATF 4 2033  F_LCI 0.0279263
GOA_ATF 4 2033  F_UCI 0.0279263
GOA_ATF 4 2033  F_Median 0.0279263
GOA_ATF 4 2033  F_Mean 0.0279263
GOA_ATF 4 2034 F0 0 
GOA_ATF 4 2034 Fabc 0.185494
GOA_ATF 4 2034 Fofl 0.225051
GOA_ATF 4 2034  F_LCI 0.0279263
GOA_ATF 4 2034  F_UCI 0.0279263
GOA_ATF 4 2034  F_Median 0.0279263
GOA_ATF 4 2034  F_Mean 0.0279263
GOA_ATF 5 2021 Cabc 79.182
GOA_ATF 5 2021 Cofl 84.7878
GOA_ATF 5 2021 CLCI 9.9884
GOA_ATF 5 2021 CUCI 9.9884
GOA_ATF 5 2021 CMedian 9.9884
GOA_ATF 5 2021 CMean 9.9884
GOA_ATF 5 2022 Cabc 79.182
GOA_ATF 5 2022 Cofl 84.7878
GOA_ATF 5 2022 CLCI 11.6347
GOA_ATF 5 2022 CUCI 11.6347
GOA_ATF 5 2022 CMedian 11.6347
GOA_ATF 5 2022 CMean 11.6347
GOA_ATF 5 2023 Cabc 79.182
GOA_ATF 5 2023 Cofl 84.7878
GOA_ATF 5 2023 CLCI 9.68543
GOA_ATF 5 2023 CUCI 9.68543
GOA_ATF 5 2023 CMedian 9.68543
GOA_ATF 5 2023 CMean 9.68543
GOA_ATF 5 2024 Cabc 79.182
GOA_ATF 5 2024 Cofl 84.7878
GOA_ATF 5 2024 CLCI 0
GOA_ATF 5 2024 CUCI 0
GOA_ATF 5 2024 CMedian 0
GOA_ATF 5 2024 CMean 0
GOA_ATF 5 2025 Cabc 79.182
GOA_ATF 5 2025 Cofl 84.7878
GOA_ATF 5 2025 CLCI 0
GOA_ATF 5 2025 CUCI 0
GOA_ATF 5 2025 CMedian 0
GOA_ATF 5 2025 CMean 0
GOA_ATF 5 2026 Cabc 79.182
GOA_ATF 5 2026 Cofl 84.7878
GOA_ATF 5 2026 CLCI 0
GOA_ATF 5 2026 CUCI 0
GOA_ATF 5 2026 CMedian 0
GOA_ATF 5 2026 CMean 0
GOA_ATF 5 2027 Cabc 79.182
GOA_ATF 5 2027 Cofl 84.7878
GOA_ATF 5 2027 CLCI 0
GOA_ATF 5 2027 CUCI 0
GOA_ATF 5 2027 CMedian 0
GOA_ATF 5 2027 CMean 0
GOA_ATF 5 2028 Cabc 79.182
GOA_ATF 5 2028 Cofl 84.7878
GOA_ATF 5 2028 CLCI 0
GOA_ATF 5 2028 CUCI 0
GOA_ATF 5 2028 CMedian 0
GOA_ATF 5 2028 CMean 0
GOA_ATF 5 2029 Cabc 79.182
GOA_ATF 5 2029 Cofl 84.7878
GOA_ATF 5 2029 CLCI 0
GOA_ATF 5 2029 CUCI 0
GOA_ATF 5 2029 CMedian 0
GOA_ATF 5 2029 CMean 0
GOA_ATF 5 2030 Cabc 79.182
GOA_ATF 5 2030 Cofl 84.7878
GOA_ATF 5 2030 CLCI 0
GOA_ATF 5 2030 CUCI 0
GOA_ATF 5 2030 CMedian 0
GOA_ATF 5 2030 CMean 0
GOA_ATF 5 2031 Cabc 79.182
GOA_ATF 5 2031 Cofl 84.7878
GOA_ATF 5 2031 CLCI 0
GOA_ATF 5 2031 CUCI 0
GOA_ATF 5 2031 CMedian 0
GOA_ATF 5 2031 CMean 0
GOA_ATF 5 2032 Cabc 79.182
GOA_ATF 5 2032 Cofl 84.7878
GOA_ATF 5 2032 CLCI 0
GOA_ATF 5 2032 CUCI 0
GOA_ATF 5 2032 CMedian 0
GOA_ATF 5 2032 CMean 0
GOA_ATF 5 2033 Cabc 79.182
GOA_ATF 5 2033 Cofl 84.7878
GOA_ATF 5 2033 CLCI 0
GOA_ATF 5 2033 CUCI 0
GOA_ATF 5 2033 CMedian 0
GOA_ATF 5 2033 CMean 0
GOA_ATF 5 2034 Cabc 79.182
GOA_ATF 5 2034 Cofl 84.7878
GOA_ATF 5 2034 CLCI 0
GOA_ATF 5 2034 CUCI 0
GOA_ATF 5 2034 CMedian 0
GOA_ATF 5 2034 CMean 0
GOA_ATF 5 2021 SSBF100 1018.7
GOA_ATF 5 2021 SSBFabc 407.478
GOA_ATF 5 2021 SSBFofl 356.544
GOA_ATF 5 2021 SSBLCI 717.93
GOA_ATF 5 2021 SSBUCI 717.93
GOA_ATF 5 2021 SSBMedian 717.93
GOA_ATF 5 2021 SSBMean 717.93
GOA_ATF 5 2022 SSBF100 1018.7
GOA_ATF 5 2022 SSBFabc 407.478
GOA_ATF 5 2022 SSBFofl 356.544
GOA_ATF 5 2022 SSBLCI 704.306
GOA_ATF 5 2022 SSBUCI 704.306
GOA_ATF 5 2022 SSBMedian 704.306
GOA_ATF 5 2022 SSBMean 704.306
GOA_ATF 5 2023 SSBF100 1018.7
GOA_ATF 5 2023 SSBFabc 407.478
GOA_ATF 5 2023 SSBFofl 356.544
GOA_ATF 5 2023 SSBLCI 696.801
GOA_ATF 5 2023 SSBUCI 696.846
GOA_ATF 5 2023 SSBMedian 696.818
GOA_ATF 5 2023 SSBMean 696.82
GOA_ATF 5 2024 SSBF100 1018.7
GOA_ATF 5 2024 SSBFabc 407.478
GOA_ATF 5 2024 SSBFofl 356.544
GOA_ATF 5 2024 SSBLCI 699.472
GOA_ATF 5 2024 SSBUCI 699.719
GOA_ATF 5 2024 SSBMedian 699.57
GOA_ATF 5 2024 SSBMean 699.58
GOA_ATF 5 2025 SSBF100 1018.7
GOA_ATF 5 2025 SSBFabc 407.478
GOA_ATF 5 2025 SSBFofl 356.544
GOA_ATF 5 2025 SSBLCI 709.989
GOA_ATF 5 2025 SSBUCI 711.171
GOA_ATF 5 2025 SSBMedian 710.458
GOA_ATF 5 2025 SSBMean 710.507
GOA_ATF 5 2026 SSBF100 1018.7
GOA_ATF 5 2026 SSBFabc 407.478
GOA_ATF 5 2026 SSBFofl 356.544
GOA_ATF 5 2026 SSBLCI 714.661
GOA_ATF 5 2026 SSBUCI 719.969
GOA_ATF 5 2026 SSBMedian 716.755
GOA_ATF 5 2026 SSBMean 716.969
GOA_ATF 5 2027 SSBF100 1018.7
GOA_ATF 5 2027 SSBFabc 407.478
GOA_ATF 5 2027 SSBFofl 356.544
GOA_ATF 5 2027 SSBLCI 712.614
GOA_ATF 5 2027 SSBUCI 732.21
GOA_ATF 5 2027 SSBMedian 720.566
GOA_ATF 5 2027 SSBMean 721.26
GOA_ATF 5 2028 SSBF100 1018.7
GOA_ATF 5 2028 SSBFabc 407.478
GOA_ATF 5 2028 SSBFofl 356.544
GOA_ATF 5 2028 SSBLCI 708.748
GOA_ATF 5 2028 SSBUCI 761.507
GOA_ATF 5 2028 SSBMedian 730.805
GOA_ATF 5 2028 SSBMean 732.281
GOA_ATF 5 2029 SSBF100 1018.7
GOA_ATF 5 2029 SSBFabc 407.478
GOA_ATF 5 2029 SSBFofl 356.544
GOA_ATF 5 2029 SSBLCI 710.71
GOA_ATF 5 2029 SSBUCI 806.097
GOA_ATF 5 2029 SSBMedian 749.99
GOA_ATF 5 2029 SSBMean 753.298
GOA_ATF 5 2030 SSBF100 1018.7
GOA_ATF 5 2030 SSBFabc 407.478
GOA_ATF 5 2030 SSBFofl 356.544
GOA_ATF 5 2030 SSBLCI 721.091
GOA_ATF 5 2030 SSBUCI 848.094
GOA_ATF 5 2030 SSBMedian 776.135
GOA_ATF 5 2030 SSBMean 779.401
GOA_ATF 5 2031 SSBF100 1018.7
GOA_ATF 5 2031 SSBFabc 407.478
GOA_ATF 5 2031 SSBFofl 356.544
GOA_ATF 5 2031 SSBLCI 733.926
GOA_ATF 5 2031 SSBUCI 889.225
GOA_ATF 5 2031 SSBMedian 802.797
GOA_ATF 5 2031 SSBMean 806.483
GOA_ATF 5 2032 SSBF100 1018.7
GOA_ATF 5 2032 SSBFabc 407.478
GOA_ATF 5 2032 SSBFofl 356.544
GOA_ATF 5 2032 SSBLCI 749.54
GOA_ATF 5 2032 SSBUCI 927.599
GOA_ATF 5 2032 SSBMedian 829.708
GOA_ATF 5 2032 SSBMean 832.461
GOA_ATF 5 2033 SSBF100 1018.7
GOA_ATF 5 2033 SSBFabc 407.478
GOA_ATF 5 2033 SSBFofl 356.544
GOA_ATF 5 2033 SSBLCI 766.629
GOA_ATF 5 2033 SSBUCI 959.078
GOA_ATF 5 2033 SSBMedian 852.488
GOA_ATF 5 2033 SSBMean 856.353
GOA_ATF 5 2034 SSBF100 1018.7
GOA_ATF 5 2034 SSBFabc 407.478
GOA_ATF 5 2034 SSBFofl 356.544
GOA_ATF 5 2034 SSBLCI 779.562
GOA_ATF 5 2034 SSBUCI 991.006
GOA_ATF 5 2034 SSBMedian 871.802
GOA_ATF 5 2034 SSBMean 877.764
GOA_ATF 5 2021 F0 0 
GOA_ATF 5 2021 Fabc 0.185494
GOA_ATF 5 2021 Fofl 0.225051
GOA_ATF 5 2021  F_LCI 0.0142925
GOA_ATF 5 2021  F_UCI 0.0142925
GOA_ATF 5 2021  F_Median 0.0142925
GOA_ATF 5 2021  F_Mean 0.0142925
GOA_ATF 5 2022 F0 0 
GOA_ATF 5 2022 Fabc 0.185494
GOA_ATF 5 2022 Fofl 0.225051
GOA_ATF 5 2022  F_LCI 0.0168467
GOA_ATF 5 2022  F_UCI 0.0168519
GOA_ATF 5 2022  F_Median 0.01685
GOA_ATF 5 2022  F_Mean 0.0168497
GOA_ATF 5 2023 F0 0 
GOA_ATF 5 2023 Fabc 0.185494
GOA_ATF 5 2023 Fofl 0.225051
GOA_ATF 5 2023  F_LCI 0.014108
GOA_ATF 5 2023  F_UCI 0.0141275
GOA_ATF 5 2023  F_Median 0.0141198
GOA_ATF 5 2023  F_Mean 0.0141191
GOA_ATF 5 2024 F0 0 
GOA_ATF 5 2024 Fabc 0.185494
GOA_ATF 5 2024 Fofl 0.225051
GOA_ATF 5 2024  F_LCI 0
GOA_ATF 5 2024  F_UCI 0
GOA_ATF 5 2024  F_Median 0
GOA_ATF 5 2024  F_Mean 0
GOA_ATF 5 2025 F0 0 
GOA_ATF 5 2025 Fabc 0.185494
GOA_ATF 5 2025 Fofl 0.225051
GOA_ATF 5 2025  F_LCI 0
GOA_ATF 5 2025  F_UCI 0
GOA_ATF 5 2025  F_Median 0
GOA_ATF 5 2025  F_Mean 0
GOA_ATF 5 2026 F0 0 
GOA_ATF 5 2026 Fabc 0.185494
GOA_ATF 5 2026 Fofl 0.225051
GOA_ATF 5 2026  F_LCI 0
GOA_ATF 5 2026  F_UCI 0
GOA_ATF 5 2026  F_Median 0
GOA_ATF 5 2026  F_Mean 0
GOA_ATF 5 2027 F0 0 
GOA_ATF 5 2027 Fabc 0.185494
GOA_ATF 5 2027 Fofl 0.225051
GOA_ATF 5 2027  F_LCI 0
GOA_ATF 5 2027  F_UCI 0
GOA_ATF 5 2027  F_Median 0
GOA_ATF 5 2027  F_Mean 0
GOA_ATF 5 2028 F0 0 
GOA_ATF 5 2028 Fabc 0.185494
GOA_ATF 5 2028 Fofl 0.225051
GOA_ATF 5 2028  F_LCI 0
GOA_ATF 5 2028  F_UCI 0
GOA_ATF 5 2028  F_Median 0
GOA_ATF 5 2028  F_Mean 0
GOA_ATF 5 2029 F0 0 
GOA_ATF 5 2029 Fabc 0.185494
GOA_ATF 5 2029 Fofl 0.225051
GOA_ATF 5 2029  F_LCI 0
GOA_ATF 5 2029  F_UCI 0
GOA_ATF 5 2029  F_Median 0
GOA_ATF 5 2029  F_Mean 0
GOA_ATF 5 2030 F0 0 
GOA_ATF 5 2030 Fabc 0.185494
GOA_ATF 5 2030 Fofl 0.225051
GOA_ATF 5 2030  F_LCI 0
GOA_ATF 5 2030  F_UCI 0
GOA_ATF 5 2030  F_Median 0
GOA_ATF 5 2030  F_Mean 0
GOA_ATF 5 2031 F0 0 
GOA_ATF 5 2031 Fabc 0.185494
GOA_ATF 5 2031 Fofl 0.225051
GOA_ATF 5 2031  F_LCI 0
GOA_ATF 5 2031  F_UCI 0
GOA_ATF 5 2031  F_Median 0
GOA_ATF 5 2031  F_Mean 0
GOA_ATF 5 2032 F0 0 
GOA_ATF 5 2032 Fabc 0.185494
GOA_ATF 5 2032 Fofl 0.225051
GOA_ATF 5 2032  F_LCI 0
GOA_ATF 5 2032  F_UCI 0
GOA_ATF 5 2032  F_Median 0
GOA_ATF 5 2032  F_Mean 0
GOA_ATF 5 2033 F0 0 
GOA_ATF 5 2033 Fabc 0.185494
GOA_ATF 5 2033 Fofl 0.225051
GOA_ATF 5 2033  F_LCI 0
GOA_ATF 5 2033  F_UCI 0
GOA_ATF 5 2033  F_Median 0
GOA_ATF 5 2033  F_Mean 0
GOA_ATF 5 2034 F0 0 
GOA_ATF 5 2034 Fabc 0.185494
GOA_ATF 5 2034 Fofl 0.225051
GOA_ATF 5 2034  F_LCI 0
GOA_ATF 5 2034  F_UCI 0
GOA_ATF 5 2034  F_Median 0
GOA_ATF 5 2034  F_Mean 0
GOA_ATF 6 2021 Cabc 79.182
GOA_ATF 6 2021 Cofl 84.7878
GOA_ATF 6 2021 CLCI 9.9884
GOA_ATF 6 2021 CUCI 9.9884
GOA_ATF 6 2021 CMedian 9.9884
GOA_ATF 6 2021 CMean 9.9884
GOA_ATF 6 2022 Cabc 79.182
GOA_ATF 6 2022 Cofl 84.7878
GOA_ATF 6 2022 CLCI 143.09
GOA_ATF 6 2022 CUCI 143.137
GOA_ATF 6 2022 CMedian 143.108
GOA_ATF 6 2022 CMean 143.11
GOA_ATF 6 2023 Cabc 79.182
GOA_ATF 6 2023 Cofl 84.7878
GOA_ATF 6 2023 CLCI 121.065
GOA_ATF 6 2023 CUCI 121.273
GOA_ATF 6 2023 CMedian 121.148
GOA_ATF 6 2023 CMean 121.156
GOA_ATF 6 2024 Cabc 79.182
GOA_ATF 6 2024 Cofl 84.7878
GOA_ATF 6 2024 CLCI 105.182
GOA_ATF 6 2024 CUCI 105.883
GOA_ATF 6 2024 CMedian 105.468
GOA_ATF 6 2024 CMean 105.492
GOA_ATF 6 2025 Cabc 79.182
GOA_ATF 6 2025 Cofl 84.7878
GOA_ATF 6 2025 CLCI 93.4101
GOA_ATF 6 2025 CUCI 95.3671
GOA_ATF 6 2025 CMedian 94.2295
GOA_ATF 6 2025 CMean 94.2856
GOA_ATF 6 2026 Cabc 79.182
GOA_ATF 6 2026 Cofl 84.7878
GOA_ATF 6 2026 CLCI 80.6679
GOA_ATF 6 2026 CUCI 86.0351
GOA_ATF 6 2026 CMedian 82.8967
GOA_ATF 6 2026 CMean 83.065
GOA_ATF 6 2027 Cabc 79.182
GOA_ATF 6 2027 Cofl 84.7878
GOA_ATF 6 2027 CLCI 66.9031
GOA_ATF 6 2027 CUCI 77.6928
GOA_ATF 6 2027 CMedian 71.2438
GOA_ATF 6 2027 CMean 71.615
GOA_ATF 6 2028 Cabc 79.182
GOA_ATF 6 2028 Cofl 84.7878
GOA_ATF 6 2028 CLCI 59.392
GOA_ATF 6 2028 CUCI 78.5961
GOA_ATF 6 2028 CMedian 67.0834
GOA_ATF 6 2028 CMean 67.883
GOA_ATF 6 2029 Cabc 79.182
GOA_ATF 6 2029 Cofl 84.7878
GOA_ATF 6 2029 CLCI 57.1777
GOA_ATF 6 2029 CUCI 85.1073
GOA_ATF 6 2029 CMedian 68.3948
GOA_ATF 6 2029 CMean 69.4472
GOA_ATF 6 2030 Cabc 79.182
GOA_ATF 6 2030 Cofl 84.7878
GOA_ATF 6 2030 CLCI 57.7487
GOA_ATF 6 2030 CUCI 91.9632
GOA_ATF 6 2030 CMedian 71.9895
GOA_ATF 6 2030 CMean 73.0654
GOA_ATF 6 2031 Cabc 79.182
GOA_ATF 6 2031 Cofl 84.7878
GOA_ATF 6 2031 CLCI 59.6364
GOA_ATF 6 2031 CUCI 95.882
GOA_ATF 6 2031 CMedian 75.6825
GOA_ATF 6 2031 CMean 76.4645
GOA_ATF 6 2032 Cabc 79.182
GOA_ATF 6 2032 Cofl 84.7878
GOA_ATF 6 2032 CLCI 61.6378
GOA_ATF 6 2032 CUCI 98.2559
GOA_ATF 6 2032 CMedian 77.7042
GOA_ATF 6 2032 CMean 78.7518
GOA_ATF 6 2033 Cabc 79.182
GOA_ATF 6 2033 Cofl 84.7878
GOA_ATF 6 2033 CLCI 62.9771
GOA_ATF 6 2033 CUCI 98.7341
GOA_ATF 6 2033 CMedian 79.4968
GOA_ATF 6 2033 CMean 80.127
GOA_ATF 6 2034 Cabc 79.182
GOA_ATF 6 2034 Cofl 84.7878
GOA_ATF 6 2034 CLCI 63.3804
GOA_ATF 6 2034 CUCI 99.1849
GOA_ATF 6 2034 CMedian 79.8423
GOA_ATF 6 2034 CMean 80.9494
GOA_ATF 6 2021 SSBF100 1018.7
GOA_ATF 6 2021 SSBFabc 407.478
GOA_ATF 6 2021 SSBFofl 356.544
GOA_ATF 6 2021 SSBLCI 717.93
GOA_ATF 6 2021 SSBUCI 717.93
GOA_ATF 6 2021 SSBMedian 717.93
GOA_ATF 6 2021 SSBMean 717.93
GOA_ATF 6 2022 SSBF100 1018.7
GOA_ATF 6 2022 SSBFabc 407.478
GOA_ATF 6 2022 SSBFofl 356.544
GOA_ATF 6 2022 SSBLCI 693.772
GOA_ATF 6 2022 SSBUCI 693.772
GOA_ATF 6 2022 SSBMedian 693.772
GOA_ATF 6 2022 SSBMean 693.772
GOA_ATF 6 2023 SSBF100 1018.7
GOA_ATF 6 2023 SSBFabc 407.478
GOA_ATF 6 2023 SSBFofl 356.544
GOA_ATF 6 2023 SSBLCI 579.639
GOA_ATF 6 2023 SSBUCI 579.68
GOA_ATF 6 2023 SSBMedian 579.654
GOA_ATF 6 2023 SSBMean 579.656
GOA_ATF 6 2024 SSBF100 1018.7
GOA_ATF 6 2024 SSBFabc 407.478
GOA_ATF 6 2024 SSBFofl 356.544
GOA_ATF 6 2024 SSBLCI 499.75
GOA_ATF 6 2024 SSBUCI 499.982
GOA_ATF 6 2024 SSBMedian 499.842
GOA_ATF 6 2024 SSBMean 499.851
GOA_ATF 6 2025 SSBF100 1018.7
GOA_ATF 6 2025 SSBFabc 407.478
GOA_ATF 6 2025 SSBFofl 356.544
GOA_ATF 6 2025 SSBLCI 439.731
GOA_ATF 6 2025 SSBUCI 440.887
GOA_ATF 6 2025 SSBMedian 440.189
GOA_ATF 6 2025 SSBMean 440.238
GOA_ATF 6 2026 SSBF100 1018.7
GOA_ATF 6 2026 SSBFabc 407.478
GOA_ATF 6 2026 SSBFofl 356.544
GOA_ATF 6 2026 SSBLCI 390.174
GOA_ATF 6 2026 SSBUCI 395.234
GOA_ATF 6 2026 SSBMedian 392.172
GOA_ATF 6 2026 SSBMean 392.375
GOA_ATF 6 2027 SSBF100 1018.7
GOA_ATF 6 2027 SSBFabc 407.478
GOA_ATF 6 2027 SSBFofl 356.544
GOA_ATF 6 2027 SSBLCI 350.908
GOA_ATF 6 2027 SSBUCI 368.333
GOA_ATF 6 2027 SSBMedian 358.009
GOA_ATF 6 2027 SSBMean 358.595
GOA_ATF 6 2028 SSBF100 1018.7
GOA_ATF 6 2028 SSBFabc 407.478
GOA_ATF 6 2028 SSBFofl 356.544
GOA_ATF 6 2028 SSBLCI 326.19
GOA_ATF 6 2028 SSBUCI 369.522
GOA_ATF 6 2028 SSBMedian 344.183
GOA_ATF 6 2028 SSBMean 345.58
GOA_ATF 6 2029 SSBF100 1018.7
GOA_ATF 6 2029 SSBFabc 407.478
GOA_ATF 6 2029 SSBFofl 356.544
GOA_ATF 6 2029 SSBLCI 317.434
GOA_ATF 6 2029 SSBUCI 386.193
GOA_ATF 6 2029 SSBMedian 346.094
GOA_ATF 6 2029 SSBMean 348.564
GOA_ATF 6 2030 SSBF100 1018.7
GOA_ATF 6 2030 SSBFabc 407.478
GOA_ATF 6 2030 SSBFofl 356.544
GOA_ATF 6 2030 SSBLCI 318.358
GOA_ATF 6 2030 SSBUCI 400.934
GOA_ATF 6 2030 SSBMedian 355.471
GOA_ATF 6 2030 SSBMean 357.02
GOA_ATF 6 2031 SSBF100 1018.7
GOA_ATF 6 2031 SSBFabc 407.478
GOA_ATF 6 2031 SSBFofl 356.544
GOA_ATF 6 2031 SSBLCI 322.585
GOA_ATF 6 2031 SSBUCI 412.14
GOA_ATF 6 2031 SSBMedian 363.029
GOA_ATF 6 2031 SSBMean 364.765
GOA_ATF 6 2032 SSBF100 1018.7
GOA_ATF 6 2032 SSBFabc 407.478
GOA_ATF 6 2032 SSBFofl 356.544
GOA_ATF 6 2032 SSBLCI 327.195
GOA_ATF 6 2032 SSBUCI 415.922
GOA_ATF 6 2032 SSBMedian 367.739
GOA_ATF 6 2032 SSBMean 370.104
GOA_ATF 6 2033 SSBF100 1018.7
GOA_ATF 6 2033 SSBFabc 407.478
GOA_ATF 6 2033 SSBFofl 356.544
GOA_ATF 6 2033 SSBLCI 330.695
GOA_ATF 6 2033 SSBUCI 421.67
GOA_ATF 6 2033 SSBMedian 371.666
GOA_ATF 6 2033 SSBMean 373.442
GOA_ATF 6 2034 SSBF100 1018.7
GOA_ATF 6 2034 SSBFabc 407.478
GOA_ATF 6 2034 SSBFofl 356.544
GOA_ATF 6 2034 SSBLCI 332.667
GOA_ATF 6 2034 SSBUCI 422.368
GOA_ATF 6 2034 SSBMedian 373.116
GOA_ATF 6 2034 SSBMean 375.547
GOA_ATF 6 2021 F0 0 
GOA_ATF 6 2021 Fabc 0.185494
GOA_ATF 6 2021 Fofl 0.225051
GOA_ATF 6 2021  F_LCI 0.0142925
GOA_ATF 6 2021  F_UCI 0.0142925
GOA_ATF 6 2021  F_Median 0.0142925
GOA_ATF 6 2021  F_Mean 0.0142925
GOA_ATF 6 2022 F0 0 
GOA_ATF 6 2022 Fabc 0.185494
GOA_ATF 6 2022 Fofl 0.225051
GOA_ATF 6 2022  F_LCI 0.225051
GOA_ATF 6 2022  F_UCI 0.225051
GOA_ATF 6 2022  F_Median 0.225051
GOA_ATF 6 2022  F_Mean 0.225051
GOA_ATF 6 2023 F0 0 
GOA_ATF 6 2023 Fabc 0.185494
GOA_ATF 6 2023 Fofl 0.225051
GOA_ATF 6 2023  F_LCI 0.225051
GOA_ATF 6 2023  F_UCI 0.225051
GOA_ATF 6 2023  F_Median 0.225051
GOA_ATF 6 2023  F_Mean 0.225051
GOA_ATF 6 2024 F0 0 
GOA_ATF 6 2024 Fabc 0.185494
GOA_ATF 6 2024 Fofl 0.225051
GOA_ATF 6 2024  F_LCI 0.225051
GOA_ATF 6 2024  F_UCI 0.225051
GOA_ATF 6 2024  F_Median 0.225051
GOA_ATF 6 2024  F_Mean 0.225051
GOA_ATF 6 2025 F0 0 
GOA_ATF 6 2025 Fabc 0.185494
GOA_ATF 6 2025 Fofl 0.225051
GOA_ATF 6 2025  F_LCI 0.225051
GOA_ATF 6 2025  F_UCI 0.225051
GOA_ATF 6 2025  F_Median 0.225051
GOA_ATF 6 2025  F_Mean 0.225051
GOA_ATF 6 2026 F0 0 
GOA_ATF 6 2026 Fabc 0.185494
GOA_ATF 6 2026 Fofl 0.225051
GOA_ATF 6 2026  F_LCI 0.214991
GOA_ATF 6 2026  F_UCI 0.217933
GOA_ATF 6 2026  F_Median 0.216153
GOA_ATF 6 2026  F_Mean 0.21627
GOA_ATF 6 2027 F0 0 
GOA_ATF 6 2027 Fabc 0.185494
GOA_ATF 6 2027 Fofl 0.225051
GOA_ATF 6 2027  F_LCI 0.192163
GOA_ATF 6 2027  F_UCI 0.202293
GOA_ATF 6 2027  F_Median 0.196291
GOA_ATF 6 2027  F_Mean 0.196631
GOA_ATF 6 2028 F0 0 
GOA_ATF 6 2028 Fabc 0.185494
GOA_ATF 6 2028 Fofl 0.225051
GOA_ATF 6 2028  F_LCI 0.177792
GOA_ATF 6 2028  F_UCI 0.202984
GOA_ATF 6 2028  F_Median 0.188253
GOA_ATF 6 2028  F_Mean 0.189053
GOA_ATF 6 2029 F0 0 
GOA_ATF 6 2029 Fabc 0.185494
GOA_ATF 6 2029 Fofl 0.225051
GOA_ATF 6 2029  F_LCI 0.172702
GOA_ATF 6 2029  F_UCI 0.212676
GOA_ATF 6 2029  F_Median 0.189364
GOA_ATF 6 2029  F_Mean 0.190653
GOA_ATF 6 2030 F0 0 
GOA_ATF 6 2030 Fabc 0.185494
GOA_ATF 6 2030 Fofl 0.225051
GOA_ATF 6 2030  F_LCI 0.173239
GOA_ATF 6 2030  F_UCI 0.221246
GOA_ATF 6 2030  F_Median 0.194815
GOA_ATF 6 2030  F_Mean 0.195321
GOA_ATF 6 2031 F0 0 
GOA_ATF 6 2031 Fabc 0.185494
GOA_ATF 6 2031 Fofl 0.225051
GOA_ATF 6 2031  F_LCI 0.175696
GOA_ATF 6 2031  F_UCI 0.225051
GOA_ATF 6 2031  F_Median 0.19921
GOA_ATF 6 2031  F_Mean 0.199573
GOA_ATF 6 2032 F0 0 
GOA_ATF 6 2032 Fabc 0.185494
GOA_ATF 6 2032 Fofl 0.225051
GOA_ATF 6 2032  F_LCI 0.178376
GOA_ATF 6 2032  F_UCI 0.225051
GOA_ATF 6 2032  F_Median 0.201948
GOA_ATF 6 2032  F_Mean 0.202443
GOA_ATF 6 2033 F0 0 
GOA_ATF 6 2033 Fabc 0.185494
GOA_ATF 6 2033 Fofl 0.225051
GOA_ATF 6 2033  F_LCI 0.180411
GOA_ATF 6 2033  F_UCI 0.225051
GOA_ATF 6 2033  F_Median 0.204231
GOA_ATF 6 2033  F_Mean 0.204156
GOA_ATF 6 2034 F0 0 
GOA_ATF 6 2034 Fabc 0.185494
GOA_ATF 6 2034 Fofl 0.225051
GOA_ATF 6 2034  F_LCI 0.181558
GOA_ATF 6 2034  F_UCI 0.225051
GOA_ATF 6 2034  F_Median 0.205074
GOA_ATF 6 2034  F_Mean 0.205221
GOA_ATF 7 2021 Cabc 79.182
GOA_ATF 7 2021 Cofl 84.7878
GOA_ATF 7 2021 CLCI 9.9884
GOA_ATF 7 2021 CUCI 9.9884
GOA_ATF 7 2021 CMedian 9.9884
GOA_ATF 7 2021 CMean 9.9884
GOA_ATF 7 2022 Cabc 79.182
GOA_ATF 7 2022 Cofl 84.7878
GOA_ATF 7 2022 CLCI 119.771
GOA_ATF 7 2022 CUCI 119.81
GOA_ATF 7 2022 CMedian 119.786
GOA_ATF 7 2022 CMean 119.788
GOA_ATF 7 2023 Cabc 79.182
GOA_ATF 7 2023 Cofl 84.7878
GOA_ATF 7 2023 CLCI 104.398
GOA_ATF 7 2023 CUCI 104.57
GOA_ATF 7 2023 CMedian 104.467
GOA_ATF 7 2023 CMean 104.473
GOA_ATF 7 2024 Cabc 79.182
GOA_ATF 7 2024 Cofl 84.7878
GOA_ATF 7 2024 CLCI 111.185
GOA_ATF 7 2024 CUCI 111.886
GOA_ATF 7 2024 CMedian 111.471
GOA_ATF 7 2024 CMean 111.494
GOA_ATF 7 2025 Cabc 79.182
GOA_ATF 7 2025 Cofl 84.7878
GOA_ATF 7 2025 CLCI 97.949
GOA_ATF 7 2025 CUCI 99.9075
GOA_ATF 7 2025 CMedian 98.7692
GOA_ATF 7 2025 CMean 98.8251
GOA_ATF 7 2026 Cabc 79.182
GOA_ATF 7 2026 Cofl 84.7878
GOA_ATF 7 2026 CLCI 87.4825
GOA_ATF 7 2026 CUCI 92.0146
GOA_ATF 7 2026 CMedian 89.3778
GOA_ATF 7 2026 CMean 89.5186
GOA_ATF 7 2027 Cabc 79.182
GOA_ATF 7 2027 Cofl 84.7878
GOA_ATF 7 2027 CLCI 70.4947
GOA_ATF 7 2027 CUCI 81.8436
GOA_ATF 7 2027 CMedian 75.0659
GOA_ATF 7 2027 CMean 75.4574
GOA_ATF 7 2028 Cabc 79.182
GOA_ATF 7 2028 Cofl 84.7878
GOA_ATF 7 2028 CLCI 61.3456
GOA_ATF 7 2028 CUCI 80.9796
GOA_ATF 7 2028 CMedian 69.1839
GOA_ATF 7 2028 CMean 70.0123
GOA_ATF 7 2029 Cabc 79.182
GOA_ATF 7 2029 Cofl 84.7878
GOA_ATF 7 2029 CLCI 58.2494
GOA_ATF 7 2029 CUCI 86.369
GOA_ATF 7 2029 CMedian 69.5556
GOA_ATF 7 2029 CMean 70.5946
GOA_ATF 7 2030 Cabc 79.182
GOA_ATF 7 2030 Cofl 84.7878
GOA_ATF 7 2030 CLCI 58.3152
GOA_ATF 7 2030 CUCI 92.5095
GOA_ATF 7 2030 CMedian 72.5668
GOA_ATF 7 2030 CMean 73.6269
GOA_ATF 7 2031 Cabc 79.182
GOA_ATF 7 2031 Cofl 84.7878
GOA_ATF 7 2031 CLCI 59.9105
GOA_ATF 7 2031 CUCI 96.1005
GOA_ATF 7 2031 CMedian 75.9558
GOA_ATF 7 2031 CMean 76.693
GOA_ATF 7 2032 Cabc 79.182
GOA_ATF 7 2032 Cofl 84.7878
GOA_ATF 7 2032 CLCI 61.7383
GOA_ATF 7 2032 CUCI 98.2553
GOA_ATF 7 2032 CMedian 77.7648
GOA_ATF 7 2032 CMean 78.8128
GOA_ATF 7 2033 Cabc 79.182
GOA_ATF 7 2033 Cofl 84.7878
GOA_ATF 7 2033 CLCI 62.9749
GOA_ATF 7 2033 CUCI 98.696
GOA_ATF 7 2033 CMedian 79.4772
GOA_ATF 7 2033 CMean 80.1146
GOA_ATF 7 2034 Cabc 79.182
GOA_ATF 7 2034 Cofl 84.7878
GOA_ATF 7 2034 CLCI 63.3546
GOA_ATF 7 2034 CUCI 99.1479
GOA_ATF 7 2034 CMedian 79.7944
GOA_ATF 7 2034 CMean 80.9113
GOA_ATF 7 2021 SSBF100 1018.7
GOA_ATF 7 2021 SSBFabc 407.478
GOA_ATF 7 2021 SSBFofl 356.544
GOA_ATF 7 2021 SSBLCI 717.93
GOA_ATF 7 2021 SSBUCI 717.93
GOA_ATF 7 2021 SSBMedian 717.93
GOA_ATF 7 2021 SSBMean 717.93
GOA_ATF 7 2022 SSBF100 1018.7
GOA_ATF 7 2022 SSBFabc 407.478
GOA_ATF 7 2022 SSBFofl 356.544
GOA_ATF 7 2022 SSBLCI 695.761
GOA_ATF 7 2022 SSBUCI 695.761
GOA_ATF 7 2022 SSBMedian 695.761
GOA_ATF 7 2022 SSBMean 695.761
GOA_ATF 7 2023 SSBF100 1018.7
GOA_ATF 7 2023 SSBFabc 407.478
GOA_ATF 7 2023 SSBFofl 356.544
GOA_ATF 7 2023 SSBLCI 600.132
GOA_ATF 7 2023 SSBUCI 600.173
GOA_ATF 7 2023 SSBMedian 600.148
GOA_ATF 7 2023 SSBMean 600.15
GOA_ATF 7 2024 SSBF100 1018.7
GOA_ATF 7 2024 SSBFabc 407.478
GOA_ATF 7 2024 SSBFofl 356.544
GOA_ATF 7 2024 SSBLCI 530.37
GOA_ATF 7 2024 SSBUCI 530.602
GOA_ATF 7 2024 SSBMedian 530.462
GOA_ATF 7 2024 SSBMean 530.471
GOA_ATF 7 2025 SSBF100 1018.7
GOA_ATF 7 2025 SSBFabc 407.478
GOA_ATF 7 2025 SSBFofl 356.544
GOA_ATF 7 2025 SSBLCI 463.15
GOA_ATF 7 2025 SSBUCI 464.307
GOA_ATF 7 2025 SSBMedian 463.608
GOA_ATF 7 2025 SSBMean 463.658
GOA_ATF 7 2026 SSBF100 1018.7
GOA_ATF 7 2026 SSBFabc 407.478
GOA_ATF 7 2026 SSBFofl 356.544
GOA_ATF 7 2026 SSBLCI 407.471
GOA_ATF 7 2026 SSBUCI 412.614
GOA_ATF 7 2026 SSBMedian 409.502
GOA_ATF 7 2026 SSBMean 409.708
GOA_ATF 7 2027 SSBF100 1018.7
GOA_ATF 7 2027 SSBFabc 407.478
GOA_ATF 7 2027 SSBFofl 356.544
GOA_ATF 7 2027 SSBLCI 361.04
GOA_ATF 7 2027 SSBUCI 379.216
GOA_ATF 7 2027 SSBMedian 368.427
GOA_ATF 7 2027 SSBMean 369.056
GOA_ATF 7 2028 SSBF100 1018.7
GOA_ATF 7 2028 SSBFabc 407.478
GOA_ATF 7 2028 SSBFofl 356.544
GOA_ATF 7 2028 SSBLCI 332.165
GOA_ATF 7 2028 SSBUCI 375.826
GOA_ATF 7 2028 SSBMedian 350.285
GOA_ATF 7 2028 SSBMean 351.695
GOA_ATF 7 2029 SSBF100 1018.7
GOA_ATF 7 2029 SSBFabc 407.478
GOA_ATF 7 2029 SSBFofl 356.544
GOA_ATF 7 2029 SSBLCI 320.927
GOA_ATF 7 2029 SSBUCI 389.601
GOA_ATF 7 2029 SSBMedian 349.529
GOA_ATF 7 2029 SSBMean 351.995
GOA_ATF 7 2030 SSBF100 1018.7
GOA_ATF 7 2030 SSBFabc 407.478
GOA_ATF 7 2030 SSBFofl 356.544
GOA_ATF 7 2030 SSBLCI 320.25
GOA_ATF 7 2030 SSBUCI 402.573
GOA_ATF 7 2030 SSBMedian 357.262
GOA_ATF 7 2030 SSBMean 358.804
GOA_ATF 7 2031 SSBF100 1018.7
GOA_ATF 7 2031 SSBFabc 407.478
GOA_ATF 7 2031 SSBFofl 356.544
GOA_ATF 7 2031 SSBLCI 323.549
GOA_ATF 7 2031 SSBUCI 413.008
GOA_ATF 7 2031 SSBMedian 363.909
GOA_ATF 7 2031 SSBMean 365.598
GOA_ATF 7 2032 SSBF100 1018.7
GOA_ATF 7 2032 SSBFabc 407.478
GOA_ATF 7 2032 SSBFofl 356.544
GOA_ATF 7 2032 SSBLCI 327.606
GOA_ATF 7 2032 SSBUCI 416.19
GOA_ATF 7 2032 SSBMedian 368.078
GOA_ATF 7 2032 SSBMean 370.43
GOA_ATF 7 2033 SSBF100 1018.7
GOA_ATF 7 2033 SSBFabc 407.478
GOA_ATF 7 2033 SSBFofl 356.544
GOA_ATF 7 2033 SSBLCI 330.835
GOA_ATF 7 2033 SSBUCI 422.127
GOA_ATF 7 2033 SSBMedian 371.754
GOA_ATF 7 2033 SSBMean 373.52
GOA_ATF 7 2034 SSBF100 1018.7
GOA_ATF 7 2034 SSBFabc 407.478
GOA_ATF 7 2034 SSBFofl 356.544
GOA_ATF 7 2034 SSBLCI 332.66
GOA_ATF 7 2034 SSBUCI 422.306
GOA_ATF 7 2034 SSBMedian 373.079
GOA_ATF 7 2034 SSBMean 375.515
GOA_ATF 7 2021 F0 0 
GOA_ATF 7 2021 Fabc 0.185494
GOA_ATF 7 2021 Fofl 0.225051
GOA_ATF 7 2021  F_LCI 0.0142925
GOA_ATF 7 2021  F_UCI 0.0142925
GOA_ATF 7 2021  F_Median 0.0142925
GOA_ATF 7 2021  F_Mean 0.0142925
GOA_ATF 7 2022 F0 0 
GOA_ATF 7 2022 Fabc 0.185494
GOA_ATF 7 2022 Fofl 0.225051
GOA_ATF 7 2022  F_LCI 0.185493
GOA_ATF 7 2022  F_UCI 0.185493
GOA_ATF 7 2022  F_Median 0.185493
GOA_ATF 7 2022  F_Mean 0.185493
GOA_ATF 7 2023 F0 0 
GOA_ATF 7 2023 Fabc 0.185494
GOA_ATF 7 2023 Fofl 0.225051
GOA_ATF 7 2023  F_LCI 0.185493
GOA_ATF 7 2023  F_UCI 0.185493
GOA_ATF 7 2023  F_Median 0.185493
GOA_ATF 7 2023  F_Mean 0.185493
GOA_ATF 7 2024 F0 0 
GOA_ATF 7 2024 Fabc 0.185494
GOA_ATF 7 2024 Fofl 0.225051
GOA_ATF 7 2024  F_LCI 0.225051
GOA_ATF 7 2024  F_UCI 0.225051
GOA_ATF 7 2024  F_Median 0.225051
GOA_ATF 7 2024  F_Mean 0.225051
GOA_ATF 7 2025 F0 0 
GOA_ATF 7 2025 Fabc 0.185494
GOA_ATF 7 2025 Fofl 0.225051
GOA_ATF 7 2025  F_LCI 0.225051
GOA_ATF 7 2025  F_UCI 0.225051
GOA_ATF 7 2025  F_Median 0.225051
GOA_ATF 7 2025  F_Mean 0.225051
GOA_ATF 7 2026 F0 0 
GOA_ATF 7 2026 Fabc 0.185494
GOA_ATF 7 2026 Fofl 0.225051
GOA_ATF 7 2026  F_LCI 0.225047
GOA_ATF 7 2026  F_UCI 0.225051
GOA_ATF 7 2026  F_Median 0.225051
GOA_ATF 7 2026  F_Mean 0.225042
GOA_ATF 7 2027 F0 0 
GOA_ATF 7 2027 Fabc 0.185494
GOA_ATF 7 2027 Fofl 0.225051
GOA_ATF 7 2027  F_LCI 0.198053
GOA_ATF 7 2027  F_UCI 0.20862
GOA_ATF 7 2027  F_Median 0.202348
GOA_ATF 7 2027  F_Mean 0.202714
GOA_ATF 7 2028 F0 0 
GOA_ATF 7 2028 Fabc 0.185494
GOA_ATF 7 2028 Fofl 0.225051
GOA_ATF 7 2028  F_LCI 0.181266
GOA_ATF 7 2028  F_UCI 0.206649
GOA_ATF 7 2028  F_Median 0.1918
GOA_ATF 7 2028  F_Mean 0.192603
GOA_ATF 7 2029 F0 0 
GOA_ATF 7 2029 Fabc 0.185494
GOA_ATF 7 2029 Fofl 0.225051
GOA_ATF 7 2029  F_LCI 0.174732
GOA_ATF 7 2029  F_UCI 0.214658
GOA_ATF 7 2029  F_Median 0.191361
GOA_ATF 7 2029  F_Mean 0.192617
GOA_ATF 7 2030 F0 0 
GOA_ATF 7 2030 Fabc 0.185494
GOA_ATF 7 2030 Fofl 0.225051
GOA_ATF 7 2030  F_LCI 0.174339
GOA_ATF 7 2030  F_UCI 0.222199
GOA_ATF 7 2030  F_Median 0.195857
GOA_ATF 7 2030  F_Mean 0.196318
GOA_ATF 7 2031 F0 0 
GOA_ATF 7 2031 Fabc 0.185494
GOA_ATF 7 2031 Fofl 0.225051
GOA_ATF 7 2031  F_LCI 0.176257
GOA_ATF 7 2031  F_UCI 0.225051
GOA_ATF 7 2031  F_Median 0.199721
GOA_ATF 7 2031  F_Mean 0.200023
GOA_ATF 7 2032 F0 0 
GOA_ATF 7 2032 Fabc 0.185494
GOA_ATF 7 2032 Fofl 0.225051
GOA_ATF 7 2032  F_LCI 0.178616
GOA_ATF 7 2032  F_UCI 0.225051
GOA_ATF 7 2032  F_Median 0.202145
GOA_ATF 7 2032  F_Mean 0.202614
GOA_ATF 7 2033 F0 0 
GOA_ATF 7 2033 Fabc 0.185494
GOA_ATF 7 2033 Fofl 0.225051
GOA_ATF 7 2033  F_LCI 0.180493
GOA_ATF 7 2033  F_UCI 0.225051
GOA_ATF 7 2033  F_Median 0.204282
GOA_ATF 7 2033  F_Mean 0.204195
GOA_ATF 7 2034 F0 0 
GOA_ATF 7 2034 Fabc 0.185494
GOA_ATF 7 2034 Fofl 0.225051
GOA_ATF 7 2034  F_LCI 0.181554
GOA_ATF 7 2034  F_UCI 0.225051
GOA_ATF 7 2034  F_Median 0.205052
GOA_ATF 7 2034  F_Mean 0.205204
